[2024-12-21T10:40:33.149+0000] {local_task_job_runner.py:120} INFO - ::group::Pre task execution logs
[2024-12-21T10:40:33.171+0000] {taskinstance.py:2076} INFO - Dependencies all met for dep_context=non-requeueable deps ti=<TaskInstance: my_dag.task1 scheduled__2024-12-20T00:00:00+00:00 [queued]>
[2024-12-21T10:40:33.176+0000] {taskinstance.py:2076} INFO - Dependencies all met for dep_context=requeueable deps ti=<TaskInstance: my_dag.task1 scheduled__2024-12-20T00:00:00+00:00 [queued]>
[2024-12-21T10:40:33.176+0000] {taskinstance.py:2306} INFO - Starting attempt 2 of 2
[2024-12-21T10:40:33.193+0000] {taskinstance.py:2330} INFO - Executing <Task(BashOperator): task1> on 2024-12-20 00:00:00+00:00
[2024-12-21T10:40:33.201+0000] {warnings.py:112} WARNING - /home/***/.local/lib/python3.12/site-packages/***/task/task_runner/standard_task_runner.py:61: DeprecationWarning: This process (pid=1436) is multi-threaded, use of fork() may lead to deadlocks in the child.
  pid = os.fork()

[2024-12-21T10:40:33.203+0000] {standard_task_runner.py:63} INFO - Started process 1437 to run task
[2024-12-21T10:40:33.204+0000] {standard_task_runner.py:90} INFO - Running: ['***', 'tasks', 'run', 'my_dag', 'task1', 'scheduled__2024-12-20T00:00:00+00:00', '--job-id', '1020', '--raw', '--subdir', 'DAGS_FOLDER/dag1.py', '--cfg-path', '/tmp/tmpl3vy5w22']
[2024-12-21T10:40:33.205+0000] {standard_task_runner.py:91} INFO - Job 1020: Subtask task1
[2024-12-21T10:40:33.254+0000] {task_command.py:426} INFO - Running <TaskInstance: my_dag.task1 scheduled__2024-12-20T00:00:00+00:00 [running]> on host 87a1e11545b0
[2024-12-21T10:40:33.350+0000] {taskinstance.py:2648} INFO - Exporting env vars: AIRFLOW_CTX_DAG_OWNER='***' AIRFLOW_CTX_DAG_ID='my_dag' AIRFLOW_CTX_TASK_ID='task1' AIRFLOW_CTX_EXECUTION_DATE='2024-12-20T00:00:00+00:00' AIRFLOW_CTX_TRY_NUMBER='2' AIRFLOW_CTX_DAG_RUN_ID='scheduled__2024-12-20T00:00:00+00:00'
[2024-12-21T10:40:33.351+0000] {taskinstance.py:430} INFO - ::endgroup::
[2024-12-21T10:40:33.368+0000] {subprocess.py:63} INFO - Tmp dir root location: /tmp
[2024-12-21T10:40:33.368+0000] {subprocess.py:75} INFO - Running command: ['/usr/bin/bash', '-c', 'echo "Task 1"']
[2024-12-21T10:40:33.376+0000] {subprocess.py:86} INFO - Output:
[2024-12-21T10:40:33.378+0000] {subprocess.py:93} INFO - Task 1
[2024-12-21T10:40:33.379+0000] {subprocess.py:97} INFO - Command exited with return code 0
[2024-12-21T10:40:33.380+0000] {taskinstance.py:441} INFO - ::group::Post task execution logs
[2024-12-21T10:40:33.406+0000] {taskinstance.py:1206} INFO - Marking task as SUCCESS. dag_id=my_dag, task_id=task1, run_id=scheduled__2024-12-20T00:00:00+00:00, execution_date=20241220T000000, start_date=20241221T104033, end_date=20241221T104033
[2024-12-21T10:40:33.458+0000] {local_task_job_runner.py:240} INFO - Task exited with return code 0
[2024-12-21T10:40:33.477+0000] {taskinstance.py:3503} INFO - 1 downstream tasks scheduled from follow-on schedule check
[2024-12-21T10:40:33.480+0000] {local_task_job_runner.py:222} INFO - ::endgroup::
