[2024-12-23T19:50:28.705+0000] {processor.py:161} INFO - Started process (PID=2106) to work on /opt/airflow/dags/dag_connect.py
[2024-12-23T19:50:28.706+0000] {processor.py:830} INFO - Processing file /opt/airflow/dags/dag_connect.py for tasks to queue
[2024-12-23T19:50:28.707+0000] {logging_mixin.py:188} INFO - [2024-12-23T19:50:28.707+0000] {dagbag.py:545} INFO - Filling up the DagBag from /opt/airflow/dags/dag_connect.py
[2024-12-23T19:50:28.716+0000] {processor.py:840} INFO - DAG(s) 'dag_connect' retrieved from /opt/airflow/dags/dag_connect.py
[2024-12-23T19:50:28.821+0000] {logging_mixin.py:188} INFO - [2024-12-23T19:50:28.820+0000] {override.py:1829} INFO - Created Permission View: can read on DAG:dag_connect
[2024-12-23T19:50:28.833+0000] {logging_mixin.py:188} INFO - [2024-12-23T19:50:28.833+0000] {override.py:1829} INFO - Created Permission View: can edit on DAG:dag_connect
[2024-12-23T19:50:28.857+0000] {logging_mixin.py:188} INFO - [2024-12-23T19:50:28.856+0000] {override.py:1829} INFO - Created Permission View: can delete on DAG:dag_connect
[2024-12-23T19:50:28.860+0000] {logging_mixin.py:188} INFO - [2024-12-23T19:50:28.860+0000] {dag.py:3096} INFO - Sync 1 DAGs
[2024-12-23T19:50:28.881+0000] {logging_mixin.py:188} INFO - [2024-12-23T19:50:28.881+0000] {dag.py:3118} INFO - Creating ORM DAG for dag_connect
[2024-12-23T19:50:28.907+0000] {logging_mixin.py:188} INFO - [2024-12-23T19:50:28.907+0000] {dag.py:3954} INFO - Setting next_dagrun for dag_connect to None, run_after=None
[2024-12-23T19:50:28.931+0000] {processor.py:183} INFO - Processing /opt/airflow/dags/dag_connect.py took 0.231 seconds
[2024-12-23T19:50:58.979+0000] {processor.py:161} INFO - Started process (PID=2116) to work on /opt/airflow/dags/dag_connect.py
[2024-12-23T19:50:58.980+0000] {processor.py:830} INFO - Processing file /opt/airflow/dags/dag_connect.py for tasks to queue
[2024-12-23T19:50:58.981+0000] {logging_mixin.py:188} INFO - [2024-12-23T19:50:58.981+0000] {dagbag.py:545} INFO - Filling up the DagBag from /opt/airflow/dags/dag_connect.py
[2024-12-23T19:50:58.990+0000] {processor.py:840} INFO - DAG(s) 'dag_connect' retrieved from /opt/airflow/dags/dag_connect.py
[2024-12-23T19:50:59.000+0000] {logging_mixin.py:188} INFO - [2024-12-23T19:50:59.000+0000] {dag.py:3096} INFO - Sync 1 DAGs
[2024-12-23T19:50:59.015+0000] {logging_mixin.py:188} INFO - [2024-12-23T19:50:59.015+0000] {dag.py:3954} INFO - Setting next_dagrun for dag_connect to None, run_after=None
[2024-12-23T19:50:59.026+0000] {processor.py:183} INFO - Processing /opt/airflow/dags/dag_connect.py took 0.053 seconds
[2024-12-23T19:51:29.193+0000] {processor.py:161} INFO - Started process (PID=2126) to work on /opt/airflow/dags/dag_connect.py
[2024-12-23T19:51:29.199+0000] {processor.py:830} INFO - Processing file /opt/airflow/dags/dag_connect.py for tasks to queue
[2024-12-23T19:51:29.200+0000] {logging_mixin.py:188} INFO - [2024-12-23T19:51:29.200+0000] {dagbag.py:545} INFO - Filling up the DagBag from /opt/airflow/dags/dag_connect.py
[2024-12-23T19:51:29.210+0000] {processor.py:840} INFO - DAG(s) 'dag_connect' retrieved from /opt/airflow/dags/dag_connect.py
[2024-12-23T19:51:29.221+0000] {logging_mixin.py:188} INFO - [2024-12-23T19:51:29.221+0000] {dag.py:3096} INFO - Sync 1 DAGs
[2024-12-23T19:51:29.236+0000] {logging_mixin.py:188} INFO - [2024-12-23T19:51:29.236+0000] {dag.py:3954} INFO - Setting next_dagrun for dag_connect to None, run_after=None
[2024-12-23T19:51:29.249+0000] {processor.py:183} INFO - Processing /opt/airflow/dags/dag_connect.py took 0.060 seconds
[2024-12-23T19:51:59.466+0000] {processor.py:161} INFO - Started process (PID=2136) to work on /opt/airflow/dags/dag_connect.py
[2024-12-23T19:51:59.467+0000] {processor.py:830} INFO - Processing file /opt/airflow/dags/dag_connect.py for tasks to queue
[2024-12-23T19:51:59.469+0000] {logging_mixin.py:188} INFO - [2024-12-23T19:51:59.468+0000] {dagbag.py:545} INFO - Filling up the DagBag from /opt/airflow/dags/dag_connect.py
[2024-12-23T19:51:59.478+0000] {processor.py:840} INFO - DAG(s) 'dag_connect' retrieved from /opt/airflow/dags/dag_connect.py
[2024-12-23T19:51:59.488+0000] {logging_mixin.py:188} INFO - [2024-12-23T19:51:59.488+0000] {dag.py:3096} INFO - Sync 1 DAGs
[2024-12-23T19:51:59.501+0000] {logging_mixin.py:188} INFO - [2024-12-23T19:51:59.501+0000] {dag.py:3954} INFO - Setting next_dagrun for dag_connect to None, run_after=None
[2024-12-23T19:51:59.512+0000] {processor.py:183} INFO - Processing /opt/airflow/dags/dag_connect.py took 0.056 seconds
[2024-12-23T19:52:29.745+0000] {processor.py:161} INFO - Started process (PID=2146) to work on /opt/airflow/dags/dag_connect.py
[2024-12-23T19:52:29.745+0000] {processor.py:830} INFO - Processing file /opt/airflow/dags/dag_connect.py for tasks to queue
[2024-12-23T19:52:29.746+0000] {logging_mixin.py:188} INFO - [2024-12-23T19:52:29.746+0000] {dagbag.py:545} INFO - Filling up the DagBag from /opt/airflow/dags/dag_connect.py
[2024-12-23T19:52:29.755+0000] {processor.py:840} INFO - DAG(s) 'dag_connect' retrieved from /opt/airflow/dags/dag_connect.py
[2024-12-23T19:52:29.765+0000] {logging_mixin.py:188} INFO - [2024-12-23T19:52:29.765+0000] {dag.py:3096} INFO - Sync 1 DAGs
[2024-12-23T19:52:29.779+0000] {logging_mixin.py:188} INFO - [2024-12-23T19:52:29.779+0000] {dag.py:3954} INFO - Setting next_dagrun for dag_connect to None, run_after=None
[2024-12-23T19:52:29.790+0000] {processor.py:183} INFO - Processing /opt/airflow/dags/dag_connect.py took 0.052 seconds
[2024-12-23T19:52:59.968+0000] {processor.py:161} INFO - Started process (PID=2156) to work on /opt/airflow/dags/dag_connect.py
[2024-12-23T19:52:59.969+0000] {processor.py:830} INFO - Processing file /opt/airflow/dags/dag_connect.py for tasks to queue
[2024-12-23T19:52:59.971+0000] {logging_mixin.py:188} INFO - [2024-12-23T19:52:59.971+0000] {dagbag.py:545} INFO - Filling up the DagBag from /opt/airflow/dags/dag_connect.py
[2024-12-23T19:52:59.981+0000] {processor.py:840} INFO - DAG(s) 'dag_connect' retrieved from /opt/airflow/dags/dag_connect.py
[2024-12-23T19:52:59.995+0000] {logging_mixin.py:188} INFO - [2024-12-23T19:52:59.995+0000] {dag.py:3096} INFO - Sync 1 DAGs
[2024-12-23T19:53:00.020+0000] {logging_mixin.py:188} INFO - [2024-12-23T19:53:00.020+0000] {dag.py:3954} INFO - Setting next_dagrun for dag_connect to None, run_after=None
[2024-12-23T19:53:00.041+0000] {processor.py:183} INFO - Processing /opt/airflow/dags/dag_connect.py took 0.079 seconds
[2024-12-23T19:53:30.245+0000] {processor.py:161} INFO - Started process (PID=2166) to work on /opt/airflow/dags/dag_connect.py
[2024-12-23T19:53:30.250+0000] {processor.py:830} INFO - Processing file /opt/airflow/dags/dag_connect.py for tasks to queue
[2024-12-23T19:53:30.253+0000] {logging_mixin.py:188} INFO - [2024-12-23T19:53:30.253+0000] {dagbag.py:545} INFO - Filling up the DagBag from /opt/airflow/dags/dag_connect.py
[2024-12-23T19:53:30.264+0000] {processor.py:840} INFO - DAG(s) 'dag_connect' retrieved from /opt/airflow/dags/dag_connect.py
[2024-12-23T19:53:30.277+0000] {logging_mixin.py:188} INFO - [2024-12-23T19:53:30.276+0000] {dag.py:3096} INFO - Sync 1 DAGs
[2024-12-23T19:53:30.290+0000] {logging_mixin.py:188} INFO - [2024-12-23T19:53:30.290+0000] {dag.py:3954} INFO - Setting next_dagrun for dag_connect to None, run_after=None
[2024-12-23T19:53:30.300+0000] {processor.py:183} INFO - Processing /opt/airflow/dags/dag_connect.py took 0.063 seconds
[2024-12-23T19:54:00.494+0000] {processor.py:161} INFO - Started process (PID=2176) to work on /opt/airflow/dags/dag_connect.py
[2024-12-23T19:54:00.494+0000] {processor.py:830} INFO - Processing file /opt/airflow/dags/dag_connect.py for tasks to queue
[2024-12-23T19:54:00.497+0000] {logging_mixin.py:188} INFO - [2024-12-23T19:54:00.497+0000] {dagbag.py:545} INFO - Filling up the DagBag from /opt/airflow/dags/dag_connect.py
[2024-12-23T19:54:00.506+0000] {processor.py:840} INFO - DAG(s) 'dag_connect' retrieved from /opt/airflow/dags/dag_connect.py
[2024-12-23T19:54:00.516+0000] {logging_mixin.py:188} INFO - [2024-12-23T19:54:00.516+0000] {dag.py:3096} INFO - Sync 1 DAGs
[2024-12-23T19:54:00.530+0000] {logging_mixin.py:188} INFO - [2024-12-23T19:54:00.530+0000] {dag.py:3954} INFO - Setting next_dagrun for dag_connect to None, run_after=None
[2024-12-23T19:54:00.540+0000] {processor.py:183} INFO - Processing /opt/airflow/dags/dag_connect.py took 0.056 seconds
[2024-12-23T19:54:20.633+0000] {processor.py:161} INFO - Started process (PID=2185) to work on /opt/airflow/dags/dag_connect.py
[2024-12-23T19:54:20.634+0000] {processor.py:830} INFO - Processing file /opt/airflow/dags/dag_connect.py for tasks to queue
[2024-12-23T19:54:20.635+0000] {logging_mixin.py:188} INFO - [2024-12-23T19:54:20.634+0000] {dagbag.py:545} INFO - Filling up the DagBag from /opt/airflow/dags/dag_connect.py
[2024-12-23T19:54:20.644+0000] {processor.py:840} INFO - DAG(s) 'dag_connect' retrieved from /opt/airflow/dags/dag_connect.py
[2024-12-23T19:54:20.654+0000] {logging_mixin.py:188} INFO - [2024-12-23T19:54:20.654+0000] {dag.py:3096} INFO - Sync 1 DAGs
[2024-12-23T19:54:20.669+0000] {logging_mixin.py:188} INFO - [2024-12-23T19:54:20.668+0000] {dag.py:3954} INFO - Setting next_dagrun for dag_connect to None, run_after=None
[2024-12-23T19:54:20.681+0000] {processor.py:183} INFO - Processing /opt/airflow/dags/dag_connect.py took 0.052 seconds
[2024-12-23T19:54:28.745+0000] {processor.py:161} INFO - Started process (PID=2187) to work on /opt/airflow/dags/dag_connect.py
[2024-12-23T19:54:28.745+0000] {processor.py:830} INFO - Processing file /opt/airflow/dags/dag_connect.py for tasks to queue
[2024-12-23T19:54:28.747+0000] {logging_mixin.py:188} INFO - [2024-12-23T19:54:28.747+0000] {dagbag.py:545} INFO - Filling up the DagBag from /opt/airflow/dags/dag_connect.py
[2024-12-23T19:54:28.757+0000] {processor.py:840} INFO - DAG(s) 'dag_connect' retrieved from /opt/airflow/dags/dag_connect.py
[2024-12-23T19:54:28.768+0000] {logging_mixin.py:188} INFO - [2024-12-23T19:54:28.768+0000] {dag.py:3096} INFO - Sync 1 DAGs
[2024-12-23T19:54:28.784+0000] {logging_mixin.py:188} INFO - [2024-12-23T19:54:28.784+0000] {dag.py:3954} INFO - Setting next_dagrun for dag_connect to None, run_after=None
[2024-12-23T19:54:28.795+0000] {processor.py:183} INFO - Processing /opt/airflow/dags/dag_connect.py took 0.057 seconds
[2024-12-23T19:54:58.980+0000] {processor.py:161} INFO - Started process (PID=2197) to work on /opt/airflow/dags/dag_connect.py
[2024-12-23T19:54:58.986+0000] {processor.py:830} INFO - Processing file /opt/airflow/dags/dag_connect.py for tasks to queue
[2024-12-23T19:54:58.989+0000] {logging_mixin.py:188} INFO - [2024-12-23T19:54:58.988+0000] {dagbag.py:545} INFO - Filling up the DagBag from /opt/airflow/dags/dag_connect.py
[2024-12-23T19:54:58.999+0000] {processor.py:840} INFO - DAG(s) 'dag_connect' retrieved from /opt/airflow/dags/dag_connect.py
[2024-12-23T19:54:59.011+0000] {logging_mixin.py:188} INFO - [2024-12-23T19:54:59.010+0000] {dag.py:3096} INFO - Sync 1 DAGs
[2024-12-23T19:54:59.028+0000] {logging_mixin.py:188} INFO - [2024-12-23T19:54:59.028+0000] {dag.py:3954} INFO - Setting next_dagrun for dag_connect to None, run_after=None
[2024-12-23T19:54:59.040+0000] {processor.py:183} INFO - Processing /opt/airflow/dags/dag_connect.py took 0.066 seconds
[2024-12-23T19:55:22.192+0000] {processor.py:161} INFO - Started process (PID=2206) to work on /opt/airflow/dags/dag_connect.py
[2024-12-23T19:55:22.193+0000] {processor.py:830} INFO - Processing file /opt/airflow/dags/dag_connect.py for tasks to queue
[2024-12-23T19:55:22.194+0000] {logging_mixin.py:188} INFO - [2024-12-23T19:55:22.194+0000] {dagbag.py:545} INFO - Filling up the DagBag from /opt/airflow/dags/dag_connect.py
[2024-12-23T19:55:22.204+0000] {processor.py:840} INFO - DAG(s) 'dag_connect' retrieved from /opt/airflow/dags/dag_connect.py
[2024-12-23T19:55:22.215+0000] {logging_mixin.py:188} INFO - [2024-12-23T19:55:22.214+0000] {dag.py:3096} INFO - Sync 1 DAGs
[2024-12-23T19:55:22.228+0000] {logging_mixin.py:188} INFO - [2024-12-23T19:55:22.228+0000] {dag.py:3954} INFO - Setting next_dagrun for dag_connect to None, run_after=None
[2024-12-23T19:55:22.240+0000] {processor.py:183} INFO - Processing /opt/airflow/dags/dag_connect.py took 0.057 seconds
[2024-12-23T19:55:36.344+0000] {processor.py:161} INFO - Started process (PID=2208) to work on /opt/airflow/dags/dag_connect.py
[2024-12-23T19:55:36.350+0000] {processor.py:830} INFO - Processing file /opt/airflow/dags/dag_connect.py for tasks to queue
[2024-12-23T19:55:36.353+0000] {logging_mixin.py:188} INFO - [2024-12-23T19:55:36.353+0000] {dagbag.py:545} INFO - Filling up the DagBag from /opt/airflow/dags/dag_connect.py
[2024-12-23T19:55:36.366+0000] {logging_mixin.py:188} INFO - [2024-12-23T19:55:36.364+0000] {dagbag.py:355} ERROR - Failed to import: /opt/airflow/dags/dag_connect.py
Traceback (most recent call last):
  File "/home/airflow/.local/lib/python3.12/site-packages/airflow/models/dagbag.py", line 351, in parse
    loader.exec_module(new_module)
  File "<frozen importlib._bootstrap_external>", line 995, in exec_module
  File "<frozen importlib._bootstrap>", line 488, in _call_with_frames_removed
  File "/opt/airflow/dags/dag_connect.py", line 28, in <module>
    task
NameError: name 'task' is not defined
[2024-12-23T19:55:36.367+0000] {processor.py:842} WARNING - No viable dags retrieved from /opt/airflow/dags/dag_connect.py
[2024-12-23T19:55:36.381+0000] {processor.py:183} INFO - Processing /opt/airflow/dags/dag_connect.py took 0.046 seconds
[2024-12-23T19:55:38.411+0000] {processor.py:161} INFO - Started process (PID=2215) to work on /opt/airflow/dags/dag_connect.py
[2024-12-23T19:55:38.413+0000] {processor.py:830} INFO - Processing file /opt/airflow/dags/dag_connect.py for tasks to queue
[2024-12-23T19:55:38.415+0000] {logging_mixin.py:188} INFO - [2024-12-23T19:55:38.415+0000] {dagbag.py:545} INFO - Filling up the DagBag from /opt/airflow/dags/dag_connect.py
[2024-12-23T19:55:38.437+0000] {logging_mixin.py:188} INFO - [2024-12-23T19:55:38.435+0000] {dagbag.py:355} ERROR - Failed to import: /opt/airflow/dags/dag_connect.py
Traceback (most recent call last):
  File "/home/airflow/.local/lib/python3.12/site-packages/airflow/models/dagbag.py", line 351, in parse
    loader.exec_module(new_module)
  File "<frozen importlib._bootstrap_external>", line 995, in exec_module
  File "<frozen importlib._bootstrap>", line 488, in _call_with_frames_removed
  File "/opt/airflow/dags/dag_connect.py", line 28, in <module>
    task
NameError: name 'task' is not defined
[2024-12-23T19:55:38.439+0000] {processor.py:842} WARNING - No viable dags retrieved from /opt/airflow/dags/dag_connect.py
[2024-12-23T19:55:38.453+0000] {processor.py:183} INFO - Processing /opt/airflow/dags/dag_connect.py took 0.053 seconds
[2024-12-23T19:55:55.592+0000] {processor.py:161} INFO - Started process (PID=2219) to work on /opt/airflow/dags/dag_connect.py
[2024-12-23T19:55:55.593+0000] {processor.py:830} INFO - Processing file /opt/airflow/dags/dag_connect.py for tasks to queue
[2024-12-23T19:55:55.598+0000] {logging_mixin.py:188} INFO - [2024-12-23T19:55:55.598+0000] {dagbag.py:545} INFO - Filling up the DagBag from /opt/airflow/dags/dag_connect.py
[2024-12-23T19:55:55.618+0000] {processor.py:840} INFO - DAG(s) 'dag_connect' retrieved from /opt/airflow/dags/dag_connect.py
[2024-12-23T19:55:55.633+0000] {logging_mixin.py:188} INFO - [2024-12-23T19:55:55.632+0000] {dag.py:3096} INFO - Sync 1 DAGs
[2024-12-23T19:55:55.658+0000] {logging_mixin.py:188} INFO - [2024-12-23T19:55:55.658+0000] {dag.py:3954} INFO - Setting next_dagrun for dag_connect to None, run_after=None
[2024-12-23T19:55:55.679+0000] {processor.py:183} INFO - Processing /opt/airflow/dags/dag_connect.py took 0.101 seconds
[2024-12-23T19:56:25.899+0000] {processor.py:161} INFO - Started process (PID=2229) to work on /opt/airflow/dags/dag_connect.py
[2024-12-23T19:56:25.904+0000] {processor.py:830} INFO - Processing file /opt/airflow/dags/dag_connect.py for tasks to queue
[2024-12-23T19:56:25.907+0000] {logging_mixin.py:188} INFO - [2024-12-23T19:56:25.907+0000] {dagbag.py:545} INFO - Filling up the DagBag from /opt/airflow/dags/dag_connect.py
[2024-12-23T19:56:25.918+0000] {processor.py:840} INFO - DAG(s) 'dag_connect' retrieved from /opt/airflow/dags/dag_connect.py
[2024-12-23T19:56:25.928+0000] {logging_mixin.py:188} INFO - [2024-12-23T19:56:25.928+0000] {dag.py:3096} INFO - Sync 1 DAGs
[2024-12-23T19:56:25.942+0000] {logging_mixin.py:188} INFO - [2024-12-23T19:56:25.942+0000] {dag.py:3954} INFO - Setting next_dagrun for dag_connect to None, run_after=None
[2024-12-23T19:56:25.953+0000] {processor.py:183} INFO - Processing /opt/airflow/dags/dag_connect.py took 0.063 seconds
[2024-12-23T19:56:56.161+0000] {processor.py:161} INFO - Started process (PID=2238) to work on /opt/airflow/dags/dag_connect.py
[2024-12-23T19:56:56.162+0000] {processor.py:830} INFO - Processing file /opt/airflow/dags/dag_connect.py for tasks to queue
[2024-12-23T19:56:56.164+0000] {logging_mixin.py:188} INFO - [2024-12-23T19:56:56.163+0000] {dagbag.py:545} INFO - Filling up the DagBag from /opt/airflow/dags/dag_connect.py
[2024-12-23T19:56:56.175+0000] {processor.py:840} INFO - DAG(s) 'dag_connect' retrieved from /opt/airflow/dags/dag_connect.py
[2024-12-23T19:56:56.187+0000] {logging_mixin.py:188} INFO - [2024-12-23T19:56:56.187+0000] {dag.py:3096} INFO - Sync 1 DAGs
[2024-12-23T19:56:56.202+0000] {logging_mixin.py:188} INFO - [2024-12-23T19:56:56.202+0000] {dag.py:3954} INFO - Setting next_dagrun for dag_connect to None, run_after=None
[2024-12-23T19:56:56.214+0000] {processor.py:183} INFO - Processing /opt/airflow/dags/dag_connect.py took 0.063 seconds
[2024-12-23T19:57:26.429+0000] {processor.py:161} INFO - Started process (PID=2248) to work on /opt/airflow/dags/dag_connect.py
[2024-12-23T19:57:26.434+0000] {processor.py:830} INFO - Processing file /opt/airflow/dags/dag_connect.py for tasks to queue
[2024-12-23T19:57:26.435+0000] {logging_mixin.py:188} INFO - [2024-12-23T19:57:26.435+0000] {dagbag.py:545} INFO - Filling up the DagBag from /opt/airflow/dags/dag_connect.py
[2024-12-23T19:57:26.448+0000] {processor.py:840} INFO - DAG(s) 'dag_connect' retrieved from /opt/airflow/dags/dag_connect.py
[2024-12-23T19:57:26.460+0000] {logging_mixin.py:188} INFO - [2024-12-23T19:57:26.460+0000] {dag.py:3096} INFO - Sync 1 DAGs
[2024-12-23T19:57:26.476+0000] {logging_mixin.py:188} INFO - [2024-12-23T19:57:26.476+0000] {dag.py:3954} INFO - Setting next_dagrun for dag_connect to None, run_after=None
[2024-12-23T19:57:26.488+0000] {processor.py:183} INFO - Processing /opt/airflow/dags/dag_connect.py took 0.066 seconds
[2024-12-23T19:57:56.706+0000] {processor.py:161} INFO - Started process (PID=2258) to work on /opt/airflow/dags/dag_connect.py
[2024-12-23T19:57:56.707+0000] {processor.py:830} INFO - Processing file /opt/airflow/dags/dag_connect.py for tasks to queue
[2024-12-23T19:57:56.709+0000] {logging_mixin.py:188} INFO - [2024-12-23T19:57:56.708+0000] {dagbag.py:545} INFO - Filling up the DagBag from /opt/airflow/dags/dag_connect.py
[2024-12-23T19:57:56.720+0000] {processor.py:840} INFO - DAG(s) 'dag_connect' retrieved from /opt/airflow/dags/dag_connect.py
[2024-12-23T19:57:56.730+0000] {logging_mixin.py:188} INFO - [2024-12-23T19:57:56.730+0000] {dag.py:3096} INFO - Sync 1 DAGs
[2024-12-23T19:57:56.744+0000] {logging_mixin.py:188} INFO - [2024-12-23T19:57:56.744+0000] {dag.py:3954} INFO - Setting next_dagrun for dag_connect to None, run_after=None
[2024-12-23T19:57:56.755+0000] {processor.py:183} INFO - Processing /opt/airflow/dags/dag_connect.py took 0.059 seconds
[2024-12-23T19:58:19.884+0000] {processor.py:161} INFO - Started process (PID=2267) to work on /opt/airflow/dags/dag_connect.py
[2024-12-23T19:58:19.884+0000] {processor.py:830} INFO - Processing file /opt/airflow/dags/dag_connect.py for tasks to queue
[2024-12-23T19:58:19.886+0000] {logging_mixin.py:188} INFO - [2024-12-23T19:58:19.885+0000] {dagbag.py:545} INFO - Filling up the DagBag from /opt/airflow/dags/dag_connect.py
[2024-12-23T19:58:19.895+0000] {processor.py:840} INFO - DAG(s) 'dag_connect' retrieved from /opt/airflow/dags/dag_connect.py
[2024-12-23T19:58:19.905+0000] {logging_mixin.py:188} INFO - [2024-12-23T19:58:19.905+0000] {dag.py:3096} INFO - Sync 1 DAGs
[2024-12-23T19:58:19.919+0000] {logging_mixin.py:188} INFO - [2024-12-23T19:58:19.919+0000] {dag.py:3954} INFO - Setting next_dagrun for dag_connect to None, run_after=None
[2024-12-23T19:58:19.936+0000] {processor.py:183} INFO - Processing /opt/airflow/dags/dag_connect.py took 0.056 seconds
[2024-12-23T19:58:24.919+0000] {processor.py:161} INFO - Started process (PID=2268) to work on /opt/airflow/dags/dag_connect.py
[2024-12-23T19:58:24.920+0000] {processor.py:830} INFO - Processing file /opt/airflow/dags/dag_connect.py for tasks to queue
[2024-12-23T19:58:24.921+0000] {logging_mixin.py:188} INFO - [2024-12-23T19:58:24.921+0000] {dagbag.py:545} INFO - Filling up the DagBag from /opt/airflow/dags/dag_connect.py
[2024-12-23T19:58:24.931+0000] {processor.py:840} INFO - DAG(s) 'dag_connect' retrieved from /opt/airflow/dags/dag_connect.py
[2024-12-23T19:58:24.941+0000] {logging_mixin.py:188} INFO - [2024-12-23T19:58:24.941+0000] {dag.py:3096} INFO - Sync 1 DAGs
[2024-12-23T19:58:24.954+0000] {logging_mixin.py:188} INFO - [2024-12-23T19:58:24.954+0000] {dag.py:3954} INFO - Setting next_dagrun for dag_connect to None, run_after=None
[2024-12-23T19:58:24.966+0000] {processor.py:183} INFO - Processing /opt/airflow/dags/dag_connect.py took 0.056 seconds
[2024-12-23T19:58:55.169+0000] {processor.py:161} INFO - Started process (PID=2278) to work on /opt/airflow/dags/dag_connect.py
[2024-12-23T19:58:55.175+0000] {processor.py:830} INFO - Processing file /opt/airflow/dags/dag_connect.py for tasks to queue
[2024-12-23T19:58:55.176+0000] {logging_mixin.py:188} INFO - [2024-12-23T19:58:55.176+0000] {dagbag.py:545} INFO - Filling up the DagBag from /opt/airflow/dags/dag_connect.py
[2024-12-23T19:58:55.186+0000] {processor.py:840} INFO - DAG(s) 'dag_connect' retrieved from /opt/airflow/dags/dag_connect.py
[2024-12-23T19:58:55.198+0000] {logging_mixin.py:188} INFO - [2024-12-23T19:58:55.198+0000] {dag.py:3096} INFO - Sync 1 DAGs
[2024-12-23T19:58:55.215+0000] {logging_mixin.py:188} INFO - [2024-12-23T19:58:55.215+0000] {dag.py:3954} INFO - Setting next_dagrun for dag_connect to None, run_after=None
[2024-12-23T19:58:55.229+0000] {processor.py:183} INFO - Processing /opt/airflow/dags/dag_connect.py took 0.064 seconds
[2024-12-23T19:59:15.343+0000] {processor.py:161} INFO - Started process (PID=2286) to work on /opt/airflow/dags/dag_connect.py
[2024-12-23T19:59:15.343+0000] {processor.py:830} INFO - Processing file /opt/airflow/dags/dag_connect.py for tasks to queue
[2024-12-23T19:59:15.345+0000] {logging_mixin.py:188} INFO - [2024-12-23T19:59:15.345+0000] {dagbag.py:545} INFO - Filling up the DagBag from /opt/airflow/dags/dag_connect.py
[2024-12-23T19:59:15.356+0000] {processor.py:840} INFO - DAG(s) 'dag_connect' retrieved from /opt/airflow/dags/dag_connect.py
[2024-12-23T19:59:15.443+0000] {logging_mixin.py:188} INFO - [2024-12-23T19:59:15.443+0000] {dag.py:3096} INFO - Sync 1 DAGs
[2024-12-23T19:59:15.461+0000] {logging_mixin.py:188} INFO - [2024-12-23T19:59:15.461+0000] {dag.py:3954} INFO - Setting next_dagrun for dag_connect to 2024-12-19 08:00:00+00:00, run_after=2024-12-20 08:00:00+00:00
[2024-12-23T19:59:15.475+0000] {processor.py:183} INFO - Processing /opt/airflow/dags/dag_connect.py took 0.139 seconds
[2024-12-23T19:59:22.704+0000] {processor.py:161} INFO - Started process (PID=2289) to work on /opt/airflow/dags/dag_connect.py
[2024-12-23T19:59:22.705+0000] {processor.py:830} INFO - Processing file /opt/airflow/dags/dag_connect.py for tasks to queue
[2024-12-23T19:59:22.709+0000] {logging_mixin.py:188} INFO - [2024-12-23T19:59:22.708+0000] {dagbag.py:545} INFO - Filling up the DagBag from /opt/airflow/dags/dag_connect.py
[2024-12-23T19:59:22.729+0000] {processor.py:840} INFO - DAG(s) 'dag_connect' retrieved from /opt/airflow/dags/dag_connect.py
[2024-12-23T19:59:22.737+0000] {logging_mixin.py:188} INFO - [2024-12-23T19:59:22.737+0000] {dag.py:3096} INFO - Sync 1 DAGs
[2024-12-23T19:59:22.756+0000] {logging_mixin.py:188} INFO - [2024-12-23T19:59:22.755+0000] {dag.py:3954} INFO - Setting next_dagrun for dag_connect to 2024-12-23 08:00:00+00:00, run_after=2024-12-24 08:00:00+00:00
[2024-12-23T19:59:22.771+0000] {processor.py:183} INFO - Processing /opt/airflow/dags/dag_connect.py took 0.081 seconds
[2024-12-23T19:59:27.821+0000] {processor.py:161} INFO - Started process (PID=2291) to work on /opt/airflow/dags/dag_connect.py
[2024-12-23T19:59:27.827+0000] {processor.py:830} INFO - Processing file /opt/airflow/dags/dag_connect.py for tasks to queue
[2024-12-23T19:59:27.831+0000] {logging_mixin.py:188} INFO - [2024-12-23T19:59:27.830+0000] {dagbag.py:545} INFO - Filling up the DagBag from /opt/airflow/dags/dag_connect.py
[2024-12-23T19:59:27.859+0000] {processor.py:840} INFO - DAG(s) 'dag_connect' retrieved from /opt/airflow/dags/dag_connect.py
[2024-12-23T19:59:27.870+0000] {logging_mixin.py:188} INFO - [2024-12-23T19:59:27.870+0000] {dag.py:3096} INFO - Sync 1 DAGs
[2024-12-23T19:59:27.906+0000] {logging_mixin.py:188} INFO - [2024-12-23T19:59:27.906+0000] {dag.py:3954} INFO - Setting next_dagrun for dag_connect to 2024-12-23 08:00:00+00:00, run_after=2024-12-24 08:00:00+00:00
[2024-12-23T19:59:27.937+0000] {processor.py:183} INFO - Processing /opt/airflow/dags/dag_connect.py took 0.127 seconds
[2024-12-23T19:59:58.074+0000] {processor.py:161} INFO - Started process (PID=2301) to work on /opt/airflow/dags/dag_connect.py
[2024-12-23T19:59:58.075+0000] {processor.py:830} INFO - Processing file /opt/airflow/dags/dag_connect.py for tasks to queue
[2024-12-23T19:59:58.076+0000] {logging_mixin.py:188} INFO - [2024-12-23T19:59:58.076+0000] {dagbag.py:545} INFO - Filling up the DagBag from /opt/airflow/dags/dag_connect.py
[2024-12-23T19:59:58.087+0000] {processor.py:840} INFO - DAG(s) 'dag_connect' retrieved from /opt/airflow/dags/dag_connect.py
[2024-12-23T19:59:58.185+0000] {logging_mixin.py:188} INFO - [2024-12-23T19:59:58.184+0000] {dag.py:3096} INFO - Sync 1 DAGs
[2024-12-23T19:59:58.202+0000] {logging_mixin.py:188} INFO - [2024-12-23T19:59:58.202+0000] {dag.py:3954} INFO - Setting next_dagrun for dag_connect to 2024-12-23 08:00:00+00:00, run_after=2024-12-24 08:00:00+00:00
[2024-12-23T19:59:58.220+0000] {processor.py:183} INFO - Processing /opt/airflow/dags/dag_connect.py took 0.151 seconds
[2024-12-23T20:00:21.332+0000] {processor.py:161} INFO - Started process (PID=2310) to work on /opt/airflow/dags/dag_connect.py
[2024-12-23T20:00:21.333+0000] {processor.py:830} INFO - Processing file /opt/airflow/dags/dag_connect.py for tasks to queue
[2024-12-23T20:00:21.334+0000] {logging_mixin.py:188} INFO - [2024-12-23T20:00:21.334+0000] {dagbag.py:545} INFO - Filling up the DagBag from /opt/airflow/dags/dag_connect.py
[2024-12-23T20:00:21.336+0000] {logging_mixin.py:188} INFO - [2024-12-23T20:00:21.336+0000] {dagbag.py:355} ERROR - Failed to import: /opt/airflow/dags/dag_connect.py
Traceback (most recent call last):
  File "/home/airflow/.local/lib/python3.12/site-packages/airflow/models/dagbag.py", line 351, in parse
    loader.exec_module(new_module)
  File "<frozen importlib._bootstrap_external>", line 991, in exec_module
  File "<frozen importlib._bootstrap_external>", line 1129, in get_code
  File "<frozen importlib._bootstrap_external>", line 1059, in source_to_code
  File "<frozen importlib._bootstrap>", line 488, in _call_with_frames_removed
  File "/opt/airflow/dags/dag_connect.py", line 33
    task = PythonOperator(task_id='my_task', python_callable=my_task)
                                                                     ^
IndentationError: unindent does not match any outer indentation level
[2024-12-23T20:00:21.337+0000] {processor.py:842} WARNING - No viable dags retrieved from /opt/airflow/dags/dag_connect.py
[2024-12-23T20:00:21.351+0000] {processor.py:183} INFO - Processing /opt/airflow/dags/dag_connect.py took 0.023 seconds
[2024-12-23T20:00:22.343+0000] {processor.py:161} INFO - Started process (PID=2311) to work on /opt/airflow/dags/dag_connect.py
[2024-12-23T20:00:22.344+0000] {processor.py:830} INFO - Processing file /opt/airflow/dags/dag_connect.py for tasks to queue
[2024-12-23T20:00:22.345+0000] {logging_mixin.py:188} INFO - [2024-12-23T20:00:22.345+0000] {dagbag.py:545} INFO - Filling up the DagBag from /opt/airflow/dags/dag_connect.py
[2024-12-23T20:00:22.360+0000] {processor.py:840} INFO - DAG(s) 'dag_connect' retrieved from /opt/airflow/dags/dag_connect.py
[2024-12-23T20:00:22.370+0000] {logging_mixin.py:188} INFO - [2024-12-23T20:00:22.370+0000] {dag.py:3096} INFO - Sync 1 DAGs
[2024-12-23T20:00:22.390+0000] {logging_mixin.py:188} INFO - [2024-12-23T20:00:22.390+0000] {dag.py:3954} INFO - Setting next_dagrun for dag_connect to 2024-12-23 08:00:00+00:00, run_after=2024-12-24 08:00:00+00:00
[2024-12-23T20:00:22.407+0000] {processor.py:183} INFO - Processing /opt/airflow/dags/dag_connect.py took 0.068 seconds
[2024-12-23T20:00:24.384+0000] {processor.py:161} INFO - Started process (PID=2312) to work on /opt/airflow/dags/dag_connect.py
[2024-12-23T20:00:24.385+0000] {processor.py:830} INFO - Processing file /opt/airflow/dags/dag_connect.py for tasks to queue
[2024-12-23T20:00:24.386+0000] {logging_mixin.py:188} INFO - [2024-12-23T20:00:24.386+0000] {dagbag.py:545} INFO - Filling up the DagBag from /opt/airflow/dags/dag_connect.py
[2024-12-23T20:00:24.390+0000] {logging_mixin.py:188} INFO - [2024-12-23T20:00:24.389+0000] {dagbag.py:355} ERROR - Failed to import: /opt/airflow/dags/dag_connect.py
Traceback (most recent call last):
  File "/home/airflow/.local/lib/python3.12/site-packages/airflow/models/dagbag.py", line 351, in parse
    loader.exec_module(new_module)
  File "<frozen importlib._bootstrap_external>", line 991, in exec_module
  File "<frozen importlib._bootstrap_external>", line 1129, in get_code
  File "<frozen importlib._bootstrap_external>", line 1059, in source_to_code
  File "<frozen importlib._bootstrap>", line 488, in _call_with_frames_removed
  File "/opt/airflow/dags/dag_connect.py", line 33
    task = PythonOperator(task_id='my_task', python_callable=my_task)
                                                                     ^
IndentationError: unindent does not match any outer indentation level
[2024-12-23T20:00:24.390+0000] {processor.py:842} WARNING - No viable dags retrieved from /opt/airflow/dags/dag_connect.py
[2024-12-23T20:00:24.403+0000] {processor.py:183} INFO - Processing /opt/airflow/dags/dag_connect.py took 0.025 seconds
[2024-12-23T20:00:28.446+0000] {processor.py:161} INFO - Started process (PID=2314) to work on /opt/airflow/dags/dag_connect.py
[2024-12-23T20:00:28.446+0000] {processor.py:830} INFO - Processing file /opt/airflow/dags/dag_connect.py for tasks to queue
[2024-12-23T20:00:28.447+0000] {logging_mixin.py:188} INFO - [2024-12-23T20:00:28.447+0000] {dagbag.py:545} INFO - Filling up the DagBag from /opt/airflow/dags/dag_connect.py
[2024-12-23T20:00:28.458+0000] {processor.py:840} INFO - DAG(s) 'dag_connect' retrieved from /opt/airflow/dags/dag_connect.py
[2024-12-23T20:00:28.481+0000] {logging_mixin.py:188} INFO - [2024-12-23T20:00:28.481+0000] {dag.py:3096} INFO - Sync 1 DAGs
[2024-12-23T20:00:28.503+0000] {logging_mixin.py:188} INFO - [2024-12-23T20:00:28.503+0000] {dag.py:3954} INFO - Setting next_dagrun for dag_connect to 2024-12-23 08:00:00+00:00, run_after=2024-12-24 08:00:00+00:00
[2024-12-23T20:00:28.518+0000] {processor.py:183} INFO - Processing /opt/airflow/dags/dag_connect.py took 0.079 seconds
[2024-12-23T20:00:29.499+0000] {processor.py:161} INFO - Started process (PID=2315) to work on /opt/airflow/dags/dag_connect.py
[2024-12-23T20:00:29.505+0000] {processor.py:830} INFO - Processing file /opt/airflow/dags/dag_connect.py for tasks to queue
[2024-12-23T20:00:29.506+0000] {logging_mixin.py:188} INFO - [2024-12-23T20:00:29.506+0000] {dagbag.py:545} INFO - Filling up the DagBag from /opt/airflow/dags/dag_connect.py
[2024-12-23T20:00:29.516+0000] {processor.py:840} INFO - DAG(s) 'dag_connect' retrieved from /opt/airflow/dags/dag_connect.py
[2024-12-23T20:00:29.536+0000] {logging_mixin.py:188} INFO - [2024-12-23T20:00:29.536+0000] {dag.py:3096} INFO - Sync 1 DAGs
[2024-12-23T20:00:29.552+0000] {logging_mixin.py:188} INFO - [2024-12-23T20:00:29.552+0000] {dag.py:3954} INFO - Setting next_dagrun for dag_connect to 2024-12-23 08:00:00+00:00, run_after=2024-12-24 08:00:00+00:00
[2024-12-23T20:00:29.566+0000] {processor.py:183} INFO - Processing /opt/airflow/dags/dag_connect.py took 0.071 seconds
[2024-12-23T20:00:59.801+0000] {processor.py:161} INFO - Started process (PID=2325) to work on /opt/airflow/dags/dag_connect.py
[2024-12-23T20:00:59.802+0000] {processor.py:830} INFO - Processing file /opt/airflow/dags/dag_connect.py for tasks to queue
[2024-12-23T20:00:59.803+0000] {logging_mixin.py:188} INFO - [2024-12-23T20:00:59.803+0000] {dagbag.py:545} INFO - Filling up the DagBag from /opt/airflow/dags/dag_connect.py
[2024-12-23T20:00:59.814+0000] {processor.py:840} INFO - DAG(s) 'dag_connect' retrieved from /opt/airflow/dags/dag_connect.py
[2024-12-23T20:00:59.835+0000] {logging_mixin.py:188} INFO - [2024-12-23T20:00:59.835+0000] {dag.py:3096} INFO - Sync 1 DAGs
[2024-12-23T20:00:59.851+0000] {logging_mixin.py:188} INFO - [2024-12-23T20:00:59.851+0000] {dag.py:3954} INFO - Setting next_dagrun for dag_connect to 2024-12-23 08:00:00+00:00, run_after=2024-12-24 08:00:00+00:00
[2024-12-23T20:00:59.864+0000] {processor.py:183} INFO - Processing /opt/airflow/dags/dag_connect.py took 0.071 seconds
[2024-12-23T20:01:15.876+0000] {processor.py:161} INFO - Started process (PID=2332) to work on /opt/airflow/dags/dag_connect.py
[2024-12-23T20:01:15.882+0000] {processor.py:830} INFO - Processing file /opt/airflow/dags/dag_connect.py for tasks to queue
[2024-12-23T20:01:15.883+0000] {logging_mixin.py:188} INFO - [2024-12-23T20:01:15.883+0000] {dagbag.py:545} INFO - Filling up the DagBag from /opt/airflow/dags/dag_connect.py
[2024-12-23T20:01:15.893+0000] {logging_mixin.py:188} INFO - [2024-12-23T20:01:15.892+0000] {dagbag.py:355} ERROR - Failed to import: /opt/airflow/dags/dag_connect.py
Traceback (most recent call last):
  File "/home/airflow/.local/lib/python3.12/site-packages/airflow/models/dagbag.py", line 351, in parse
    loader.exec_module(new_module)
  File "<frozen importlib._bootstrap_external>", line 995, in exec_module
  File "<frozen importlib._bootstrap>", line 488, in _call_with_frames_removed
  File "/opt/airflow/dags/dag_connect.py", line 35, in <module>
    bash_ex1 >> task
                ^^^^
NameError: name 'task' is not defined. Did you mean: 'task_'?
[2024-12-23T20:01:15.893+0000] {processor.py:842} WARNING - No viable dags retrieved from /opt/airflow/dags/dag_connect.py
[2024-12-23T20:01:15.906+0000] {processor.py:183} INFO - Processing /opt/airflow/dags/dag_connect.py took 0.037 seconds
[2024-12-23T20:01:18.005+0000] {processor.py:161} INFO - Started process (PID=2335) to work on /opt/airflow/dags/dag_connect.py
[2024-12-23T20:01:18.006+0000] {processor.py:830} INFO - Processing file /opt/airflow/dags/dag_connect.py for tasks to queue
[2024-12-23T20:01:18.008+0000] {logging_mixin.py:188} INFO - [2024-12-23T20:01:18.007+0000] {dagbag.py:545} INFO - Filling up the DagBag from /opt/airflow/dags/dag_connect.py
[2024-12-23T20:01:18.023+0000] {logging_mixin.py:188} INFO - [2024-12-23T20:01:18.021+0000] {dagbag.py:355} ERROR - Failed to import: /opt/airflow/dags/dag_connect.py
Traceback (most recent call last):
  File "/home/airflow/.local/lib/python3.12/site-packages/airflow/models/dagbag.py", line 351, in parse
    loader.exec_module(new_module)
  File "<frozen importlib._bootstrap_external>", line 995, in exec_module
  File "<frozen importlib._bootstrap>", line 488, in _call_with_frames_removed
  File "/opt/airflow/dags/dag_connect.py", line 35, in <module>
    bash_ex1 >> task
                ^^^^
NameError: name 'task' is not defined
[2024-12-23T20:01:18.025+0000] {processor.py:842} WARNING - No viable dags retrieved from /opt/airflow/dags/dag_connect.py
[2024-12-23T20:01:18.042+0000] {processor.py:183} INFO - Processing /opt/airflow/dags/dag_connect.py took 0.043 seconds
[2024-12-23T20:01:21.034+0000] {processor.py:161} INFO - Started process (PID=2336) to work on /opt/airflow/dags/dag_connect.py
[2024-12-23T20:01:21.035+0000] {processor.py:830} INFO - Processing file /opt/airflow/dags/dag_connect.py for tasks to queue
[2024-12-23T20:01:21.036+0000] {logging_mixin.py:188} INFO - [2024-12-23T20:01:21.036+0000] {dagbag.py:545} INFO - Filling up the DagBag from /opt/airflow/dags/dag_connect.py
[2024-12-23T20:01:21.046+0000] {logging_mixin.py:188} INFO - [2024-12-23T20:01:21.045+0000] {dagbag.py:355} ERROR - Failed to import: /opt/airflow/dags/dag_connect.py
Traceback (most recent call last):
  File "/home/airflow/.local/lib/python3.12/site-packages/airflow/models/dagbag.py", line 351, in parse
    loader.exec_module(new_module)
  File "<frozen importlib._bootstrap_external>", line 995, in exec_module
  File "<frozen importlib._bootstrap>", line 488, in _call_with_frames_removed
  File "/opt/airflow/dags/dag_connect.py", line 35, in <module>
    bash_ex1 >> task
                ^^^^
NameError: name 'task' is not defined
[2024-12-23T20:01:21.047+0000] {processor.py:842} WARNING - No viable dags retrieved from /opt/airflow/dags/dag_connect.py
[2024-12-23T20:01:21.061+0000] {processor.py:183} INFO - Processing /opt/airflow/dags/dag_connect.py took 0.033 seconds
[2024-12-23T20:01:24.103+0000] {processor.py:161} INFO - Started process (PID=2337) to work on /opt/airflow/dags/dag_connect.py
[2024-12-23T20:01:24.103+0000] {processor.py:830} INFO - Processing file /opt/airflow/dags/dag_connect.py for tasks to queue
[2024-12-23T20:01:24.105+0000] {logging_mixin.py:188} INFO - [2024-12-23T20:01:24.105+0000] {dagbag.py:545} INFO - Filling up the DagBag from /opt/airflow/dags/dag_connect.py
[2024-12-23T20:01:24.123+0000] {processor.py:840} INFO - DAG(s) 'dag_connect' retrieved from /opt/airflow/dags/dag_connect.py
[2024-12-23T20:01:24.149+0000] {logging_mixin.py:188} INFO - [2024-12-23T20:01:24.149+0000] {dag.py:3096} INFO - Sync 1 DAGs
[2024-12-23T20:01:24.170+0000] {logging_mixin.py:188} INFO - [2024-12-23T20:01:24.169+0000] {dag.py:3954} INFO - Setting next_dagrun for dag_connect to 2024-12-23 08:00:00+00:00, run_after=2024-12-24 08:00:00+00:00
[2024-12-23T20:01:24.187+0000] {processor.py:183} INFO - Processing /opt/airflow/dags/dag_connect.py took 0.095 seconds
[2024-12-23T20:01:47.301+0000] {processor.py:161} INFO - Started process (PID=2345) to work on /opt/airflow/dags/dag_connect.py
[2024-12-23T20:01:47.302+0000] {processor.py:830} INFO - Processing file /opt/airflow/dags/dag_connect.py for tasks to queue
[2024-12-23T20:01:47.303+0000] {logging_mixin.py:188} INFO - [2024-12-23T20:01:47.303+0000] {dagbag.py:545} INFO - Filling up the DagBag from /opt/airflow/dags/dag_connect.py
[2024-12-23T20:01:47.315+0000] {processor.py:840} INFO - DAG(s) 'dag_connect' retrieved from /opt/airflow/dags/dag_connect.py
[2024-12-23T20:01:47.393+0000] {logging_mixin.py:188} INFO - [2024-12-23T20:01:47.393+0000] {dag.py:3096} INFO - Sync 1 DAGs
[2024-12-23T20:01:47.410+0000] {logging_mixin.py:188} INFO - [2024-12-23T20:01:47.409+0000] {dag.py:3954} INFO - Setting next_dagrun for dag_connect to 2024-12-23 08:00:00+00:00, run_after=2024-12-24 08:00:00+00:00
[2024-12-23T20:01:47.422+0000] {processor.py:183} INFO - Processing /opt/airflow/dags/dag_connect.py took 0.129 seconds
[2024-12-23T20:01:48.435+0000] {processor.py:161} INFO - Started process (PID=2348) to work on /opt/airflow/dags/dag_connect.py
[2024-12-23T20:01:48.436+0000] {processor.py:830} INFO - Processing file /opt/airflow/dags/dag_connect.py for tasks to queue
[2024-12-23T20:01:48.437+0000] {logging_mixin.py:188} INFO - [2024-12-23T20:01:48.437+0000] {dagbag.py:545} INFO - Filling up the DagBag from /opt/airflow/dags/dag_connect.py
[2024-12-23T20:01:48.450+0000] {processor.py:840} INFO - DAG(s) 'dag_connect' retrieved from /opt/airflow/dags/dag_connect.py
[2024-12-23T20:01:48.458+0000] {logging_mixin.py:188} INFO - [2024-12-23T20:01:48.458+0000] {dag.py:3096} INFO - Sync 1 DAGs
[2024-12-23T20:01:48.476+0000] {logging_mixin.py:188} INFO - [2024-12-23T20:01:48.476+0000] {dag.py:3954} INFO - Setting next_dagrun for dag_connect to 2024-12-23 08:00:00+00:00, run_after=2024-12-24 08:00:00+00:00
[2024-12-23T20:01:48.490+0000] {processor.py:183} INFO - Processing /opt/airflow/dags/dag_connect.py took 0.060 seconds
[2024-12-23T20:02:18.643+0000] {processor.py:161} INFO - Started process (PID=2356) to work on /opt/airflow/dags/dag_connect.py
[2024-12-23T20:02:18.646+0000] {processor.py:830} INFO - Processing file /opt/airflow/dags/dag_connect.py for tasks to queue
[2024-12-23T20:02:18.647+0000] {logging_mixin.py:188} INFO - [2024-12-23T20:02:18.647+0000] {dagbag.py:545} INFO - Filling up the DagBag from /opt/airflow/dags/dag_connect.py
[2024-12-23T20:02:18.660+0000] {processor.py:840} INFO - DAG(s) 'dag_connect' retrieved from /opt/airflow/dags/dag_connect.py
[2024-12-23T20:02:18.681+0000] {logging_mixin.py:188} INFO - [2024-12-23T20:02:18.681+0000] {dag.py:3096} INFO - Sync 1 DAGs
[2024-12-23T20:02:18.699+0000] {logging_mixin.py:188} INFO - [2024-12-23T20:02:18.699+0000] {dag.py:3954} INFO - Setting next_dagrun for dag_connect to 2024-12-23 08:00:00+00:00, run_after=2024-12-24 08:00:00+00:00
[2024-12-23T20:02:18.715+0000] {processor.py:183} INFO - Processing /opt/airflow/dags/dag_connect.py took 0.081 seconds
[2024-12-23T20:02:48.905+0000] {processor.py:161} INFO - Started process (PID=2366) to work on /opt/airflow/dags/dag_connect.py
[2024-12-23T20:02:48.907+0000] {processor.py:830} INFO - Processing file /opt/airflow/dags/dag_connect.py for tasks to queue
[2024-12-23T20:02:48.913+0000] {logging_mixin.py:188} INFO - [2024-12-23T20:02:48.912+0000] {dagbag.py:545} INFO - Filling up the DagBag from /opt/airflow/dags/dag_connect.py
[2024-12-23T20:02:48.936+0000] {processor.py:840} INFO - DAG(s) 'dag_connect' retrieved from /opt/airflow/dags/dag_connect.py
[2024-12-23T20:02:48.963+0000] {logging_mixin.py:188} INFO - [2024-12-23T20:02:48.963+0000] {dag.py:3096} INFO - Sync 1 DAGs
[2024-12-23T20:02:48.987+0000] {logging_mixin.py:188} INFO - [2024-12-23T20:02:48.986+0000] {dag.py:3954} INFO - Setting next_dagrun for dag_connect to 2024-12-23 08:00:00+00:00, run_after=2024-12-24 08:00:00+00:00
[2024-12-23T20:02:49.005+0000] {processor.py:183} INFO - Processing /opt/airflow/dags/dag_connect.py took 0.119 seconds
[2024-12-23T20:03:19.171+0000] {processor.py:161} INFO - Started process (PID=2376) to work on /opt/airflow/dags/dag_connect.py
[2024-12-23T20:03:19.175+0000] {processor.py:830} INFO - Processing file /opt/airflow/dags/dag_connect.py for tasks to queue
[2024-12-23T20:03:19.176+0000] {logging_mixin.py:188} INFO - [2024-12-23T20:03:19.176+0000] {dagbag.py:545} INFO - Filling up the DagBag from /opt/airflow/dags/dag_connect.py
[2024-12-23T20:03:19.185+0000] {processor.py:840} INFO - DAG(s) 'dag_connect' retrieved from /opt/airflow/dags/dag_connect.py
[2024-12-23T20:03:19.204+0000] {logging_mixin.py:188} INFO - [2024-12-23T20:03:19.204+0000] {dag.py:3096} INFO - Sync 1 DAGs
[2024-12-23T20:03:19.221+0000] {logging_mixin.py:188} INFO - [2024-12-23T20:03:19.220+0000] {dag.py:3954} INFO - Setting next_dagrun for dag_connect to 2024-12-23 08:00:00+00:00, run_after=2024-12-24 08:00:00+00:00
[2024-12-23T20:03:19.233+0000] {processor.py:183} INFO - Processing /opt/airflow/dags/dag_connect.py took 0.069 seconds
[2024-12-23T20:03:49.450+0000] {processor.py:161} INFO - Started process (PID=2386) to work on /opt/airflow/dags/dag_connect.py
[2024-12-23T20:03:49.451+0000] {processor.py:830} INFO - Processing file /opt/airflow/dags/dag_connect.py for tasks to queue
[2024-12-23T20:03:49.452+0000] {logging_mixin.py:188} INFO - [2024-12-23T20:03:49.452+0000] {dagbag.py:545} INFO - Filling up the DagBag from /opt/airflow/dags/dag_connect.py
[2024-12-23T20:03:49.462+0000] {processor.py:840} INFO - DAG(s) 'dag_connect' retrieved from /opt/airflow/dags/dag_connect.py
[2024-12-23T20:03:49.485+0000] {logging_mixin.py:188} INFO - [2024-12-23T20:03:49.485+0000] {dag.py:3096} INFO - Sync 1 DAGs
[2024-12-23T20:03:49.507+0000] {logging_mixin.py:188} INFO - [2024-12-23T20:03:49.507+0000] {dag.py:3954} INFO - Setting next_dagrun for dag_connect to 2024-12-23 08:00:00+00:00, run_after=2024-12-24 08:00:00+00:00
[2024-12-23T20:03:49.522+0000] {processor.py:183} INFO - Processing /opt/airflow/dags/dag_connect.py took 0.076 seconds
