[2024-12-29T19:38:18.770+0000] {local_task_job_runner.py:120} INFO - ::group::Pre task execution logs
[2024-12-29T19:38:18.787+0000] {taskinstance.py:2076} INFO - Dependencies all met for dep_context=non-requeueable deps ti=<TaskInstance: file_sensor.bash_ex1 scheduled__2024-12-24T00:00:00+00:00 [queued]>
[2024-12-29T19:38:18.793+0000] {taskinstance.py:2076} INFO - Dependencies all met for dep_context=requeueable deps ti=<TaskInstance: file_sensor.bash_ex1 scheduled__2024-12-24T00:00:00+00:00 [queued]>
[2024-12-29T19:38:18.793+0000] {taskinstance.py:2306} INFO - Starting attempt 1 of 1
[2024-12-29T19:38:18.802+0000] {taskinstance.py:2330} INFO - Executing <Task(BashOperator): bash_ex1> on 2024-12-24 00:00:00+00:00
[2024-12-29T19:38:18.807+0000] {warnings.py:112} WARNING - /home/***/.local/lib/python3.12/site-packages/***/task/task_runner/standard_task_runner.py:61: DeprecationWarning: This process (pid=955) is multi-threaded, use of fork() may lead to deadlocks in the child.
  pid = os.fork()

[2024-12-29T19:38:18.808+0000] {standard_task_runner.py:63} INFO - Started process 956 to run task
[2024-12-29T19:38:18.809+0000] {standard_task_runner.py:90} INFO - Running: ['***', 'tasks', 'run', 'file_sensor', 'bash_ex1', 'scheduled__2024-12-24T00:00:00+00:00', '--job-id', '1173', '--raw', '--subdir', 'DAGS_FOLDER/dag_file_sensor.py', '--cfg-path', '/tmp/tmpeh3zgkij']
[2024-12-29T19:38:18.809+0000] {standard_task_runner.py:91} INFO - Job 1173: Subtask bash_ex1
[2024-12-29T19:38:18.838+0000] {task_command.py:426} INFO - Running <TaskInstance: file_sensor.bash_ex1 scheduled__2024-12-24T00:00:00+00:00 [running]> on host 87a1e11545b0
[2024-12-29T19:38:18.893+0000] {taskinstance.py:2648} INFO - Exporting env vars: AIRFLOW_CTX_DAG_OWNER='***' AIRFLOW_CTX_DAG_ID='file_sensor' AIRFLOW_CTX_TASK_ID='bash_ex1' AIRFLOW_CTX_EXECUTION_DATE='2024-12-24T00:00:00+00:00' AIRFLOW_CTX_TRY_NUMBER='1' AIRFLOW_CTX_DAG_RUN_ID='scheduled__2024-12-24T00:00:00+00:00'
[2024-12-29T19:38:18.894+0000] {taskinstance.py:430} INFO - ::endgroup::
[2024-12-29T19:38:18.902+0000] {subprocess.py:63} INFO - Tmp dir root location: /tmp
[2024-12-29T19:38:18.903+0000] {subprocess.py:75} INFO - Running command: ['/usr/bin/bash', '-c', 'echo "Task 1"']
[2024-12-29T19:38:18.911+0000] {subprocess.py:86} INFO - Output:
[2024-12-29T19:38:18.912+0000] {subprocess.py:93} INFO - Task 1
[2024-12-29T19:38:18.913+0000] {subprocess.py:97} INFO - Command exited with return code 0
[2024-12-29T19:38:18.913+0000] {taskinstance.py:441} INFO - ::group::Post task execution logs
[2024-12-29T19:38:18.931+0000] {taskinstance.py:1206} INFO - Marking task as SUCCESS. dag_id=file_sensor, task_id=bash_ex1, run_id=scheduled__2024-12-24T00:00:00+00:00, execution_date=20241224T000000, start_date=20241229T193818, end_date=20241229T193818
[2024-12-29T19:38:18.981+0000] {local_task_job_runner.py:240} INFO - Task exited with return code 0
[2024-12-29T19:38:19.015+0000] {taskinstance.py:3503} INFO - 1 downstream tasks scheduled from follow-on schedule check
[2024-12-29T19:38:19.016+0000] {local_task_job_runner.py:222} INFO - ::endgroup::
