[2024-12-29T19:39:52.819+0000] {local_task_job_runner.py:120} INFO - ::group::Pre task execution logs
[2024-12-29T19:39:52.838+0000] {taskinstance.py:2076} INFO - Dependencies all met for dep_context=non-requeueable deps ti=<TaskInstance: file_sensor.bash_ex1 scheduled__2024-12-24T00:00:00+00:00 [queued]>
[2024-12-29T19:39:52.844+0000] {taskinstance.py:2076} INFO - Dependencies all met for dep_context=requeueable deps ti=<TaskInstance: file_sensor.bash_ex1 scheduled__2024-12-24T00:00:00+00:00 [queued]>
[2024-12-29T19:39:52.844+0000] {taskinstance.py:2306} INFO - Starting attempt 3 of 3
[2024-12-29T19:39:52.856+0000] {taskinstance.py:2330} INFO - Executing <Task(BashOperator): bash_ex1> on 2024-12-24 00:00:00+00:00
[2024-12-29T19:39:52.861+0000] {warnings.py:112} WARNING - /home/***/.local/lib/python3.12/site-packages/***/task/task_runner/standard_task_runner.py:61: DeprecationWarning: This process (pid=985) is multi-threaded, use of fork() may lead to deadlocks in the child.
  pid = os.fork()

[2024-12-29T19:39:52.862+0000] {standard_task_runner.py:63} INFO - Started process 986 to run task
[2024-12-29T19:39:52.863+0000] {standard_task_runner.py:90} INFO - Running: ['***', 'tasks', 'run', 'file_sensor', 'bash_ex1', 'scheduled__2024-12-24T00:00:00+00:00', '--job-id', '1177', '--raw', '--subdir', 'DAGS_FOLDER/dag_file_sensor.py', '--cfg-path', '/tmp/tmp7n7y_28i']
[2024-12-29T19:39:52.864+0000] {standard_task_runner.py:91} INFO - Job 1177: Subtask bash_ex1
[2024-12-29T19:39:52.895+0000] {task_command.py:426} INFO - Running <TaskInstance: file_sensor.bash_ex1 scheduled__2024-12-24T00:00:00+00:00 [running]> on host 87a1e11545b0
[2024-12-29T19:39:52.957+0000] {taskinstance.py:2648} INFO - Exporting env vars: AIRFLOW_CTX_DAG_OWNER='***' AIRFLOW_CTX_DAG_ID='file_sensor' AIRFLOW_CTX_TASK_ID='bash_ex1' AIRFLOW_CTX_EXECUTION_DATE='2024-12-24T00:00:00+00:00' AIRFLOW_CTX_TRY_NUMBER='3' AIRFLOW_CTX_DAG_RUN_ID='scheduled__2024-12-24T00:00:00+00:00'
[2024-12-29T19:39:52.958+0000] {taskinstance.py:430} INFO - ::endgroup::
[2024-12-29T19:39:52.967+0000] {subprocess.py:63} INFO - Tmp dir root location: /tmp
[2024-12-29T19:39:52.968+0000] {subprocess.py:75} INFO - Running command: ['/usr/bin/bash', '-c', 'echo $(ls)']
[2024-12-29T19:39:52.976+0000] {subprocess.py:86} INFO - Output:
[2024-12-29T19:39:52.979+0000] {subprocess.py:93} INFO - 
[2024-12-29T19:39:52.979+0000] {subprocess.py:97} INFO - Command exited with return code 0
[2024-12-29T19:39:52.980+0000] {taskinstance.py:441} INFO - ::group::Post task execution logs
[2024-12-29T19:39:52.997+0000] {taskinstance.py:1206} INFO - Marking task as SUCCESS. dag_id=file_sensor, task_id=bash_ex1, run_id=scheduled__2024-12-24T00:00:00+00:00, execution_date=20241224T000000, start_date=20241229T193952, end_date=20241229T193952
[2024-12-29T19:39:53.036+0000] {local_task_job_runner.py:240} INFO - Task exited with return code 0
[2024-12-29T19:39:53.062+0000] {taskinstance.py:3503} INFO - 1 downstream tasks scheduled from follow-on schedule check
[2024-12-29T19:39:53.064+0000] {local_task_job_runner.py:222} INFO - ::endgroup::
