[2024-12-29T19:38:54.734+0000] {local_task_job_runner.py:120} INFO - ::group::Pre task execution logs
[2024-12-29T19:38:54.764+0000] {taskinstance.py:2076} INFO - Dependencies all met for dep_context=non-requeueable deps ti=<TaskInstance: file_sensor.bash_ex1 scheduled__2024-12-24T00:00:00+00:00 [queued]>
[2024-12-29T19:38:54.775+0000] {taskinstance.py:2076} INFO - Dependencies all met for dep_context=requeueable deps ti=<TaskInstance: file_sensor.bash_ex1 scheduled__2024-12-24T00:00:00+00:00 [queued]>
[2024-12-29T19:38:54.776+0000] {taskinstance.py:2306} INFO - Starting attempt 2 of 2
[2024-12-29T19:38:54.793+0000] {taskinstance.py:2330} INFO - Executing <Task(BashOperator): bash_ex1> on 2024-12-24 00:00:00+00:00
[2024-12-29T19:38:54.800+0000] {warnings.py:112} WARNING - /home/***/.local/lib/python3.12/site-packages/***/task/task_runner/standard_task_runner.py:61: DeprecationWarning: This process (pid=967) is multi-threaded, use of fork() may lead to deadlocks in the child.
  pid = os.fork()

[2024-12-29T19:38:54.802+0000] {standard_task_runner.py:63} INFO - Started process 968 to run task
[2024-12-29T19:38:54.803+0000] {standard_task_runner.py:90} INFO - Running: ['***', 'tasks', 'run', 'file_sensor', 'bash_ex1', 'scheduled__2024-12-24T00:00:00+00:00', '--job-id', '1175', '--raw', '--subdir', 'DAGS_FOLDER/dag_file_sensor.py', '--cfg-path', '/tmp/tmpbwkw1qv2']
[2024-12-29T19:38:54.804+0000] {standard_task_runner.py:91} INFO - Job 1175: Subtask bash_ex1
[2024-12-29T19:38:54.860+0000] {task_command.py:426} INFO - Running <TaskInstance: file_sensor.bash_ex1 scheduled__2024-12-24T00:00:00+00:00 [running]> on host 87a1e11545b0
[2024-12-29T19:38:54.956+0000] {taskinstance.py:2648} INFO - Exporting env vars: AIRFLOW_CTX_DAG_OWNER='***' AIRFLOW_CTX_DAG_ID='file_sensor' AIRFLOW_CTX_TASK_ID='bash_ex1' AIRFLOW_CTX_EXECUTION_DATE='2024-12-24T00:00:00+00:00' AIRFLOW_CTX_TRY_NUMBER='2' AIRFLOW_CTX_DAG_RUN_ID='scheduled__2024-12-24T00:00:00+00:00'
[2024-12-29T19:38:54.957+0000] {taskinstance.py:430} INFO - ::endgroup::
[2024-12-29T19:38:54.969+0000] {subprocess.py:63} INFO - Tmp dir root location: /tmp
[2024-12-29T19:38:54.970+0000] {subprocess.py:75} INFO - Running command: ['/usr/bin/bash', '-c', 'ls -lh']
[2024-12-29T19:38:54.982+0000] {subprocess.py:86} INFO - Output:
[2024-12-29T19:38:54.990+0000] {subprocess.py:93} INFO - total 0
[2024-12-29T19:38:54.991+0000] {subprocess.py:97} INFO - Command exited with return code 0
[2024-12-29T19:38:54.992+0000] {taskinstance.py:441} INFO - ::group::Post task execution logs
[2024-12-29T19:38:55.021+0000] {taskinstance.py:1206} INFO - Marking task as SUCCESS. dag_id=file_sensor, task_id=bash_ex1, run_id=scheduled__2024-12-24T00:00:00+00:00, execution_date=20241224T000000, start_date=20241229T193854, end_date=20241229T193855
[2024-12-29T19:38:55.061+0000] {local_task_job_runner.py:240} INFO - Task exited with return code 0
[2024-12-29T19:38:55.098+0000] {taskinstance.py:3503} INFO - 1 downstream tasks scheduled from follow-on schedule check
[2024-12-29T19:38:55.100+0000] {local_task_job_runner.py:222} INFO - ::endgroup::
