[2024-12-26T19:45:54.711+0000] {processor.py:161} INFO - Started process (PID=1716) to work on /opt/airflow/dags/dag_file_sensor.py
[2024-12-26T19:45:54.711+0000] {processor.py:830} INFO - Processing file /opt/airflow/dags/dag_file_sensor.py for tasks to queue
[2024-12-26T19:45:54.712+0000] {logging_mixin.py:188} INFO - [2024-12-26T19:45:54.712+0000] {dagbag.py:545} INFO - Filling up the DagBag from /opt/airflow/dags/dag_file_sensor.py
[2024-12-26T19:45:54.714+0000] {logging_mixin.py:188} INFO - [2024-12-26T19:45:54.714+0000] {dagbag.py:355} ERROR - Failed to import: /opt/airflow/dags/dag_file_sensor.py
Traceback (most recent call last):
  File "/home/airflow/.local/lib/python3.12/site-packages/airflow/models/dagbag.py", line 351, in parse
    loader.exec_module(new_module)
  File "<frozen importlib._bootstrap_external>", line 995, in exec_module
  File "<frozen importlib._bootstrap>", line 488, in _call_with_frames_removed
  File "/opt/airflow/dags/dag_file_sensor.py", line 2, in <module>
    from airflow.operators.sensors import FileSensor
ModuleNotFoundError: No module named 'airflow.operators.sensors'
[2024-12-26T19:45:54.715+0000] {processor.py:842} WARNING - No viable dags retrieved from /opt/airflow/dags/dag_file_sensor.py
[2024-12-26T19:45:54.732+0000] {processor.py:183} INFO - Processing /opt/airflow/dags/dag_file_sensor.py took 0.027 seconds
[2024-12-26T19:46:17.077+0000] {processor.py:161} INFO - Started process (PID=1729) to work on /opt/airflow/dags/dag_file_sensor.py
[2024-12-26T19:46:17.077+0000] {processor.py:830} INFO - Processing file /opt/airflow/dags/dag_file_sensor.py for tasks to queue
[2024-12-26T19:46:17.079+0000] {logging_mixin.py:188} INFO - [2024-12-26T19:46:17.078+0000] {dagbag.py:545} INFO - Filling up the DagBag from /opt/airflow/dags/dag_file_sensor.py
[2024-12-26T19:46:17.081+0000] {logging_mixin.py:188} INFO - [2024-12-26T19:46:17.080+0000] {dagbag.py:355} ERROR - Failed to import: /opt/airflow/dags/dag_file_sensor.py
Traceback (most recent call last):
  File "/home/airflow/.local/lib/python3.12/site-packages/airflow/models/dagbag.py", line 351, in parse
    loader.exec_module(new_module)
  File "<frozen importlib._bootstrap_external>", line 995, in exec_module
  File "<frozen importlib._bootstrap>", line 488, in _call_with_frames_removed
  File "/opt/airflow/dags/dag_file_sensor.py", line 2, in <module>
    from airflow.operators.sensors import FileSensor
ModuleNotFoundError: No module named 'airflow.operators.sensors'
[2024-12-26T19:46:17.081+0000] {processor.py:842} WARNING - No viable dags retrieved from /opt/airflow/dags/dag_file_sensor.py
[2024-12-26T19:46:17.092+0000] {processor.py:183} INFO - Processing /opt/airflow/dags/dag_file_sensor.py took 0.022 seconds
[2024-12-26T19:46:22.105+0000] {processor.py:161} INFO - Started process (PID=1730) to work on /opt/airflow/dags/dag_file_sensor.py
[2024-12-26T19:46:22.110+0000] {processor.py:830} INFO - Processing file /opt/airflow/dags/dag_file_sensor.py for tasks to queue
[2024-12-26T19:46:22.112+0000] {logging_mixin.py:188} INFO - [2024-12-26T19:46:22.111+0000] {dagbag.py:545} INFO - Filling up the DagBag from /opt/airflow/dags/dag_file_sensor.py
[2024-12-26T19:46:22.114+0000] {logging_mixin.py:188} INFO - [2024-12-26T19:46:22.113+0000] {dagbag.py:355} ERROR - Failed to import: /opt/airflow/dags/dag_file_sensor.py
Traceback (most recent call last):
  File "/home/airflow/.local/lib/python3.12/site-packages/airflow/models/dagbag.py", line 351, in parse
    loader.exec_module(new_module)
  File "<frozen importlib._bootstrap_external>", line 995, in exec_module
  File "<frozen importlib._bootstrap>", line 488, in _call_with_frames_removed
  File "/opt/airflow/dags/dag_file_sensor.py", line 2, in <module>
    from airflow.operators.sensors import FileSensor
ModuleNotFoundError: No module named 'airflow.operators.sensors'
[2024-12-26T19:46:22.115+0000] {processor.py:842} WARNING - No viable dags retrieved from /opt/airflow/dags/dag_file_sensor.py
[2024-12-26T19:46:22.129+0000] {processor.py:183} INFO - Processing /opt/airflow/dags/dag_file_sensor.py took 0.028 seconds
[2024-12-26T19:46:29.195+0000] {processor.py:161} INFO - Started process (PID=1738) to work on /opt/airflow/dags/dag_file_sensor.py
[2024-12-26T19:46:29.196+0000] {processor.py:830} INFO - Processing file /opt/airflow/dags/dag_file_sensor.py for tasks to queue
[2024-12-26T19:46:29.198+0000] {logging_mixin.py:188} INFO - [2024-12-26T19:46:29.197+0000] {dagbag.py:545} INFO - Filling up the DagBag from /opt/airflow/dags/dag_file_sensor.py
[2024-12-26T19:46:29.200+0000] {logging_mixin.py:188} INFO - [2024-12-26T19:46:29.199+0000] {dagbag.py:355} ERROR - Failed to import: /opt/airflow/dags/dag_file_sensor.py
Traceback (most recent call last):
  File "/home/airflow/.local/lib/python3.12/site-packages/airflow/models/dagbag.py", line 351, in parse
    loader.exec_module(new_module)
  File "<frozen importlib._bootstrap_external>", line 995, in exec_module
  File "<frozen importlib._bootstrap>", line 488, in _call_with_frames_removed
  File "/opt/airflow/dags/dag_file_sensor.py", line 2, in <module>
    from airflow.operators.sensors import FileSensor
ModuleNotFoundError: No module named 'airflow.operators.sensors'
[2024-12-26T19:46:29.201+0000] {processor.py:842} WARNING - No viable dags retrieved from /opt/airflow/dags/dag_file_sensor.py
[2024-12-26T19:46:29.215+0000] {processor.py:183} INFO - Processing /opt/airflow/dags/dag_file_sensor.py took 0.030 seconds
[2024-12-26T19:46:59.516+0000] {processor.py:161} INFO - Started process (PID=1751) to work on /opt/airflow/dags/dag_file_sensor.py
[2024-12-26T19:46:59.516+0000] {processor.py:830} INFO - Processing file /opt/airflow/dags/dag_file_sensor.py for tasks to queue
[2024-12-26T19:46:59.517+0000] {logging_mixin.py:188} INFO - [2024-12-26T19:46:59.517+0000] {dagbag.py:545} INFO - Filling up the DagBag from /opt/airflow/dags/dag_file_sensor.py
[2024-12-26T19:46:59.519+0000] {logging_mixin.py:188} INFO - [2024-12-26T19:46:59.518+0000] {dagbag.py:355} ERROR - Failed to import: /opt/airflow/dags/dag_file_sensor.py
Traceback (most recent call last):
  File "/home/airflow/.local/lib/python3.12/site-packages/airflow/models/dagbag.py", line 351, in parse
    loader.exec_module(new_module)
  File "<frozen importlib._bootstrap_external>", line 995, in exec_module
  File "<frozen importlib._bootstrap>", line 488, in _call_with_frames_removed
  File "/opt/airflow/dags/dag_file_sensor.py", line 2, in <module>
    from airflow.operators.sensors import FileSensor
ModuleNotFoundError: No module named 'airflow.operators.sensors'
[2024-12-26T19:46:59.520+0000] {processor.py:842} WARNING - No viable dags retrieved from /opt/airflow/dags/dag_file_sensor.py
[2024-12-26T19:46:59.533+0000] {processor.py:183} INFO - Processing /opt/airflow/dags/dag_file_sensor.py took 0.022 seconds
[2024-12-26T19:47:02.530+0000] {processor.py:161} INFO - Started process (PID=1752) to work on /opt/airflow/dags/dag_file_sensor.py
[2024-12-26T19:47:02.531+0000] {processor.py:830} INFO - Processing file /opt/airflow/dags/dag_file_sensor.py for tasks to queue
[2024-12-26T19:47:02.532+0000] {logging_mixin.py:188} INFO - [2024-12-26T19:47:02.531+0000] {dagbag.py:545} INFO - Filling up the DagBag from /opt/airflow/dags/dag_file_sensor.py
[2024-12-26T19:47:02.534+0000] {logging_mixin.py:188} INFO - [2024-12-26T19:47:02.533+0000] {dagbag.py:355} ERROR - Failed to import: /opt/airflow/dags/dag_file_sensor.py
Traceback (most recent call last):
  File "/home/airflow/.local/lib/python3.12/site-packages/airflow/models/dagbag.py", line 351, in parse
    loader.exec_module(new_module)
  File "<frozen importlib._bootstrap_external>", line 995, in exec_module
  File "<frozen importlib._bootstrap>", line 488, in _call_with_frames_removed
  File "/opt/airflow/dags/dag_file_sensor.py", line 2, in <module>
    from airflow.operators.sensors import FileSensor
ModuleNotFoundError: No module named 'airflow.operators.sensors'
[2024-12-26T19:47:02.534+0000] {processor.py:842} WARNING - No viable dags retrieved from /opt/airflow/dags/dag_file_sensor.py
[2024-12-26T19:47:02.547+0000] {processor.py:183} INFO - Processing /opt/airflow/dags/dag_file_sensor.py took 0.021 seconds
[2024-12-26T19:47:05.595+0000] {processor.py:161} INFO - Started process (PID=1753) to work on /opt/airflow/dags/dag_file_sensor.py
[2024-12-26T19:47:05.596+0000] {processor.py:830} INFO - Processing file /opt/airflow/dags/dag_file_sensor.py for tasks to queue
[2024-12-26T19:47:05.599+0000] {logging_mixin.py:188} INFO - [2024-12-26T19:47:05.599+0000] {dagbag.py:545} INFO - Filling up the DagBag from /opt/airflow/dags/dag_file_sensor.py
[2024-12-26T19:47:05.607+0000] {logging_mixin.py:188} INFO - [2024-12-26T19:47:05.604+0000] {dagbag.py:355} ERROR - Failed to import: /opt/airflow/dags/dag_file_sensor.py
Traceback (most recent call last):
  File "/home/airflow/.local/lib/python3.12/site-packages/airflow/models/dagbag.py", line 351, in parse
    loader.exec_module(new_module)
  File "<frozen importlib._bootstrap_external>", line 995, in exec_module
  File "<frozen importlib._bootstrap>", line 488, in _call_with_frames_removed
  File "/opt/airflow/dags/dag_file_sensor.py", line 2, in <module>
    from airflow.operators.sensors import FileSensor
ModuleNotFoundError: No module named 'airflow.operators.sensors'
[2024-12-26T19:47:05.608+0000] {processor.py:842} WARNING - No viable dags retrieved from /opt/airflow/dags/dag_file_sensor.py
[2024-12-26T19:47:05.634+0000] {processor.py:183} INFO - Processing /opt/airflow/dags/dag_file_sensor.py took 0.052 seconds
[2024-12-26T19:47:08.675+0000] {processor.py:161} INFO - Started process (PID=1755) to work on /opt/airflow/dags/dag_file_sensor.py
[2024-12-26T19:47:08.680+0000] {processor.py:830} INFO - Processing file /opt/airflow/dags/dag_file_sensor.py for tasks to queue
[2024-12-26T19:47:08.682+0000] {logging_mixin.py:188} INFO - [2024-12-26T19:47:08.682+0000] {dagbag.py:545} INFO - Filling up the DagBag from /opt/airflow/dags/dag_file_sensor.py
[2024-12-26T19:47:08.687+0000] {logging_mixin.py:188} INFO - [2024-12-26T19:47:08.685+0000] {dagbag.py:355} ERROR - Failed to import: /opt/airflow/dags/dag_file_sensor.py
Traceback (most recent call last):
  File "/home/airflow/.local/lib/python3.12/site-packages/airflow/models/dagbag.py", line 351, in parse
    loader.exec_module(new_module)
  File "<frozen importlib._bootstrap_external>", line 995, in exec_module
  File "<frozen importlib._bootstrap>", line 488, in _call_with_frames_removed
  File "/opt/airflow/dags/dag_file_sensor.py", line 2, in <module>
    from airflow.providers.http.sensors.http import FileSensor
ImportError: cannot import name 'FileSensor' from 'airflow.providers.http.sensors.http' (/home/airflow/.local/lib/python3.12/site-packages/airflow/providers/http/sensors/http.py)
[2024-12-26T19:47:08.689+0000] {processor.py:842} WARNING - No viable dags retrieved from /opt/airflow/dags/dag_file_sensor.py
[2024-12-26T19:47:08.703+0000] {processor.py:183} INFO - Processing /opt/airflow/dags/dag_file_sensor.py took 0.038 seconds
[2024-12-26T19:47:11.730+0000] {processor.py:161} INFO - Started process (PID=1756) to work on /opt/airflow/dags/dag_file_sensor.py
[2024-12-26T19:47:11.731+0000] {processor.py:830} INFO - Processing file /opt/airflow/dags/dag_file_sensor.py for tasks to queue
[2024-12-26T19:47:11.733+0000] {logging_mixin.py:188} INFO - [2024-12-26T19:47:11.732+0000] {dagbag.py:545} INFO - Filling up the DagBag from /opt/airflow/dags/dag_file_sensor.py
[2024-12-26T19:47:11.737+0000] {logging_mixin.py:188} INFO - [2024-12-26T19:47:11.735+0000] {dagbag.py:355} ERROR - Failed to import: /opt/airflow/dags/dag_file_sensor.py
Traceback (most recent call last):
  File "/home/airflow/.local/lib/python3.12/site-packages/airflow/models/dagbag.py", line 351, in parse
    loader.exec_module(new_module)
  File "<frozen importlib._bootstrap_external>", line 995, in exec_module
  File "<frozen importlib._bootstrap>", line 488, in _call_with_frames_removed
  File "/opt/airflow/dags/dag_file_sensor.py", line 2, in <module>
    from airflow.providers.http.sensors.http import FileSensor
ImportError: cannot import name 'FileSensor' from 'airflow.providers.http.sensors.http' (/home/airflow/.local/lib/python3.12/site-packages/airflow/providers/http/sensors/http.py)
[2024-12-26T19:47:11.739+0000] {processor.py:842} WARNING - No viable dags retrieved from /opt/airflow/dags/dag_file_sensor.py
[2024-12-26T19:47:11.752+0000] {processor.py:183} INFO - Processing /opt/airflow/dags/dag_file_sensor.py took 0.032 seconds
[2024-12-26T19:47:42.047+0000] {processor.py:161} INFO - Started process (PID=1769) to work on /opt/airflow/dags/dag_file_sensor.py
[2024-12-26T19:47:42.052+0000] {processor.py:830} INFO - Processing file /opt/airflow/dags/dag_file_sensor.py for tasks to queue
[2024-12-26T19:47:42.054+0000] {logging_mixin.py:188} INFO - [2024-12-26T19:47:42.053+0000] {dagbag.py:545} INFO - Filling up the DagBag from /opt/airflow/dags/dag_file_sensor.py
[2024-12-26T19:47:42.058+0000] {logging_mixin.py:188} INFO - [2024-12-26T19:47:42.056+0000] {dagbag.py:355} ERROR - Failed to import: /opt/airflow/dags/dag_file_sensor.py
Traceback (most recent call last):
  File "/home/airflow/.local/lib/python3.12/site-packages/airflow/models/dagbag.py", line 351, in parse
    loader.exec_module(new_module)
  File "<frozen importlib._bootstrap_external>", line 995, in exec_module
  File "<frozen importlib._bootstrap>", line 488, in _call_with_frames_removed
  File "/opt/airflow/dags/dag_file_sensor.py", line 2, in <module>
    from airflow.providers.http.sensors.http import FileSensor
ImportError: cannot import name 'FileSensor' from 'airflow.providers.http.sensors.http' (/home/airflow/.local/lib/python3.12/site-packages/airflow/providers/http/sensors/http.py)
[2024-12-26T19:47:42.060+0000] {processor.py:842} WARNING - No viable dags retrieved from /opt/airflow/dags/dag_file_sensor.py
[2024-12-26T19:47:42.072+0000] {processor.py:183} INFO - Processing /opt/airflow/dags/dag_file_sensor.py took 0.029 seconds
[2024-12-26T19:47:52.299+0000] {processor.py:161} INFO - Started process (PID=1774) to work on /opt/airflow/dags/dag_file_sensor.py
[2024-12-26T19:47:52.300+0000] {processor.py:830} INFO - Processing file /opt/airflow/dags/dag_file_sensor.py for tasks to queue
[2024-12-26T19:47:52.301+0000] {logging_mixin.py:188} INFO - [2024-12-26T19:47:52.300+0000] {dagbag.py:545} INFO - Filling up the DagBag from /opt/airflow/dags/dag_file_sensor.py
[2024-12-26T19:47:52.310+0000] {processor.py:840} INFO - DAG(s) 'file_sensor' retrieved from /opt/airflow/dags/dag_file_sensor.py
[2024-12-26T19:47:52.390+0000] {logging_mixin.py:188} INFO - [2024-12-26T19:47:52.389+0000] {override.py:1829} INFO - Created Permission View: can delete on DAG:file_sensor
[2024-12-26T19:47:52.399+0000] {logging_mixin.py:188} INFO - [2024-12-26T19:47:52.398+0000] {override.py:1829} INFO - Created Permission View: can read on DAG:file_sensor
[2024-12-26T19:47:52.405+0000] {logging_mixin.py:188} INFO - [2024-12-26T19:47:52.405+0000] {override.py:1829} INFO - Created Permission View: can edit on DAG:file_sensor
[2024-12-26T19:47:52.405+0000] {logging_mixin.py:188} INFO - [2024-12-26T19:47:52.405+0000] {dag.py:3096} INFO - Sync 1 DAGs
[2024-12-26T19:47:52.415+0000] {logging_mixin.py:188} INFO - [2024-12-26T19:47:52.414+0000] {dag.py:3118} INFO - Creating ORM DAG for file_sensor
[2024-12-26T19:47:52.423+0000] {logging_mixin.py:188} INFO - [2024-12-26T19:47:52.423+0000] {dag.py:3954} INFO - Setting next_dagrun for file_sensor to 2024-12-26 00:00:00+00:00, run_after=2024-12-27 00:00:00+00:00
[2024-12-26T19:47:52.436+0000] {processor.py:183} INFO - Processing /opt/airflow/dags/dag_file_sensor.py took 0.142 seconds
[2024-12-26T19:48:15.614+0000] {processor.py:161} INFO - Started process (PID=1787) to work on /opt/airflow/dags/dag_file_sensor.py
[2024-12-26T19:48:15.619+0000] {processor.py:830} INFO - Processing file /opt/airflow/dags/dag_file_sensor.py for tasks to queue
[2024-12-26T19:48:15.622+0000] {logging_mixin.py:188} INFO - [2024-12-26T19:48:15.622+0000] {dagbag.py:545} INFO - Filling up the DagBag from /opt/airflow/dags/dag_file_sensor.py
[2024-12-26T19:48:15.633+0000] {processor.py:840} INFO - DAG(s) 'file_sensor' retrieved from /opt/airflow/dags/dag_file_sensor.py
[2024-12-26T19:48:15.642+0000] {logging_mixin.py:188} INFO - [2024-12-26T19:48:15.641+0000] {dag.py:3096} INFO - Sync 1 DAGs
[2024-12-26T19:48:15.662+0000] {logging_mixin.py:188} INFO - [2024-12-26T19:48:15.662+0000] {dag.py:3954} INFO - Setting next_dagrun for file_sensor to 2024-12-25 00:00:00+00:00, run_after=2024-12-26 00:00:00+00:00
[2024-12-26T19:48:15.679+0000] {processor.py:183} INFO - Processing /opt/airflow/dags/dag_file_sensor.py took 0.073 seconds
[2024-12-26T19:48:45.978+0000] {processor.py:161} INFO - Started process (PID=1800) to work on /opt/airflow/dags/dag_file_sensor.py
[2024-12-26T19:48:45.983+0000] {processor.py:830} INFO - Processing file /opt/airflow/dags/dag_file_sensor.py for tasks to queue
[2024-12-26T19:48:45.984+0000] {logging_mixin.py:188} INFO - [2024-12-26T19:48:45.984+0000] {dagbag.py:545} INFO - Filling up the DagBag from /opt/airflow/dags/dag_file_sensor.py
[2024-12-26T19:48:45.991+0000] {processor.py:840} INFO - DAG(s) 'file_sensor' retrieved from /opt/airflow/dags/dag_file_sensor.py
[2024-12-26T19:48:46.061+0000] {logging_mixin.py:188} INFO - [2024-12-26T19:48:46.061+0000] {dag.py:3096} INFO - Sync 1 DAGs
[2024-12-26T19:48:46.076+0000] {logging_mixin.py:188} INFO - [2024-12-26T19:48:46.076+0000] {dag.py:3954} INFO - Setting next_dagrun for file_sensor to 2024-12-26 00:00:00+00:00, run_after=2024-12-27 00:00:00+00:00
[2024-12-26T19:48:46.088+0000] {processor.py:183} INFO - Processing /opt/airflow/dags/dag_file_sensor.py took 0.114 seconds
[2024-12-26T19:49:06.110+0000] {processor.py:161} INFO - Started process (PID=1808) to work on /opt/airflow/dags/dag_file_sensor.py
[2024-12-26T19:49:06.112+0000] {processor.py:830} INFO - Processing file /opt/airflow/dags/dag_file_sensor.py for tasks to queue
[2024-12-26T19:49:06.114+0000] {logging_mixin.py:188} INFO - [2024-12-26T19:49:06.114+0000] {dagbag.py:545} INFO - Filling up the DagBag from /opt/airflow/dags/dag_file_sensor.py
[2024-12-26T19:49:06.130+0000] {processor.py:840} INFO - DAG(s) 'file_sensor' retrieved from /opt/airflow/dags/dag_file_sensor.py
[2024-12-26T19:49:06.140+0000] {logging_mixin.py:188} INFO - [2024-12-26T19:49:06.139+0000] {dag.py:3096} INFO - Sync 1 DAGs
[2024-12-26T19:49:06.164+0000] {logging_mixin.py:188} INFO - [2024-12-26T19:49:06.164+0000] {dag.py:3954} INFO - Setting next_dagrun for file_sensor to 2024-12-26 00:00:00+00:00, run_after=2024-12-27 00:00:00+00:00
[2024-12-26T19:49:06.179+0000] {processor.py:183} INFO - Processing /opt/airflow/dags/dag_file_sensor.py took 0.081 seconds
[2024-12-26T19:49:07.187+0000] {processor.py:161} INFO - Started process (PID=1809) to work on /opt/airflow/dags/dag_file_sensor.py
[2024-12-26T19:49:07.188+0000] {processor.py:830} INFO - Processing file /opt/airflow/dags/dag_file_sensor.py for tasks to queue
[2024-12-26T19:49:07.190+0000] {logging_mixin.py:188} INFO - [2024-12-26T19:49:07.190+0000] {dagbag.py:545} INFO - Filling up the DagBag from /opt/airflow/dags/dag_file_sensor.py
[2024-12-26T19:49:07.200+0000] {processor.py:840} INFO - DAG(s) 'file_sensor' retrieved from /opt/airflow/dags/dag_file_sensor.py
[2024-12-26T19:49:07.213+0000] {logging_mixin.py:188} INFO - [2024-12-26T19:49:07.213+0000] {dag.py:3096} INFO - Sync 1 DAGs
[2024-12-26T19:49:07.236+0000] {logging_mixin.py:188} INFO - [2024-12-26T19:49:07.236+0000] {dag.py:3954} INFO - Setting next_dagrun for file_sensor to 2024-12-26 00:00:00+00:00, run_after=2024-12-27 00:00:00+00:00
[2024-12-26T19:49:07.255+0000] {processor.py:183} INFO - Processing /opt/airflow/dags/dag_file_sensor.py took 0.072 seconds
[2024-12-26T19:49:37.596+0000] {processor.py:161} INFO - Started process (PID=1822) to work on /opt/airflow/dags/dag_file_sensor.py
[2024-12-26T19:49:37.603+0000] {processor.py:830} INFO - Processing file /opt/airflow/dags/dag_file_sensor.py for tasks to queue
[2024-12-26T19:49:37.606+0000] {logging_mixin.py:188} INFO - [2024-12-26T19:49:37.606+0000] {dagbag.py:545} INFO - Filling up the DagBag from /opt/airflow/dags/dag_file_sensor.py
[2024-12-26T19:49:37.622+0000] {processor.py:840} INFO - DAG(s) 'file_sensor' retrieved from /opt/airflow/dags/dag_file_sensor.py
[2024-12-26T19:49:37.732+0000] {logging_mixin.py:188} INFO - [2024-12-26T19:49:37.731+0000] {dag.py:3096} INFO - Sync 1 DAGs
[2024-12-26T19:49:37.747+0000] {logging_mixin.py:188} INFO - [2024-12-26T19:49:37.747+0000] {dag.py:3954} INFO - Setting next_dagrun for file_sensor to 2024-12-26 00:00:00+00:00, run_after=2024-12-27 00:00:00+00:00
[2024-12-26T19:49:37.764+0000] {processor.py:183} INFO - Processing /opt/airflow/dags/dag_file_sensor.py took 0.184 seconds
[2024-12-26T19:50:08.021+0000] {processor.py:161} INFO - Started process (PID=1835) to work on /opt/airflow/dags/dag_file_sensor.py
[2024-12-26T19:50:08.029+0000] {processor.py:830} INFO - Processing file /opt/airflow/dags/dag_file_sensor.py for tasks to queue
[2024-12-26T19:50:08.031+0000] {logging_mixin.py:188} INFO - [2024-12-26T19:50:08.030+0000] {dagbag.py:545} INFO - Filling up the DagBag from /opt/airflow/dags/dag_file_sensor.py
[2024-12-26T19:50:08.043+0000] {processor.py:840} INFO - DAG(s) 'file_sensor' retrieved from /opt/airflow/dags/dag_file_sensor.py
[2024-12-26T19:50:08.074+0000] {logging_mixin.py:188} INFO - [2024-12-26T19:50:08.074+0000] {dag.py:3096} INFO - Sync 1 DAGs
[2024-12-26T19:50:08.103+0000] {logging_mixin.py:188} INFO - [2024-12-26T19:50:08.102+0000] {dag.py:3954} INFO - Setting next_dagrun for file_sensor to 2024-12-26 00:00:00+00:00, run_after=2024-12-27 00:00:00+00:00
[2024-12-26T19:50:08.129+0000] {processor.py:183} INFO - Processing /opt/airflow/dags/dag_file_sensor.py took 0.113 seconds
[2024-12-26T19:50:38.413+0000] {processor.py:161} INFO - Started process (PID=1848) to work on /opt/airflow/dags/dag_file_sensor.py
[2024-12-26T19:50:38.414+0000] {processor.py:830} INFO - Processing file /opt/airflow/dags/dag_file_sensor.py for tasks to queue
[2024-12-26T19:50:38.416+0000] {logging_mixin.py:188} INFO - [2024-12-26T19:50:38.416+0000] {dagbag.py:545} INFO - Filling up the DagBag from /opt/airflow/dags/dag_file_sensor.py
[2024-12-26T19:50:38.426+0000] {processor.py:840} INFO - DAG(s) 'file_sensor' retrieved from /opt/airflow/dags/dag_file_sensor.py
[2024-12-26T19:50:38.446+0000] {logging_mixin.py:188} INFO - [2024-12-26T19:50:38.446+0000] {dag.py:3096} INFO - Sync 1 DAGs
[2024-12-26T19:50:38.469+0000] {logging_mixin.py:188} INFO - [2024-12-26T19:50:38.469+0000] {dag.py:3954} INFO - Setting next_dagrun for file_sensor to 2024-12-26 00:00:00+00:00, run_after=2024-12-27 00:00:00+00:00
[2024-12-26T19:50:38.484+0000] {processor.py:183} INFO - Processing /opt/airflow/dags/dag_file_sensor.py took 0.076 seconds
[2024-12-26T19:50:49.645+0000] {processor.py:161} INFO - Started process (PID=1854) to work on /opt/airflow/dags/dag_file_sensor.py
[2024-12-26T19:50:49.646+0000] {processor.py:830} INFO - Processing file /opt/airflow/dags/dag_file_sensor.py for tasks to queue
[2024-12-26T19:50:49.648+0000] {logging_mixin.py:188} INFO - [2024-12-26T19:50:49.647+0000] {dagbag.py:545} INFO - Filling up the DagBag from /opt/airflow/dags/dag_file_sensor.py
[2024-12-26T19:50:49.655+0000] {processor.py:840} INFO - DAG(s) 'file_sensor' retrieved from /opt/airflow/dags/dag_file_sensor.py
[2024-12-26T19:50:49.722+0000] {logging_mixin.py:188} INFO - [2024-12-26T19:50:49.722+0000] {dag.py:3096} INFO - Sync 1 DAGs
[2024-12-26T19:50:49.737+0000] {logging_mixin.py:188} INFO - [2024-12-26T19:50:49.736+0000] {dag.py:3954} INFO - Setting next_dagrun for file_sensor to 2024-12-26 00:00:00+00:00, run_after=2024-12-27 00:00:00+00:00
[2024-12-26T19:50:49.750+0000] {processor.py:183} INFO - Processing /opt/airflow/dags/dag_file_sensor.py took 0.112 seconds
[2024-12-26T19:51:02.726+0000] {processor.py:161} INFO - Started process (PID=1862) to work on /opt/airflow/dags/dag_file_sensor.py
[2024-12-26T19:51:02.732+0000] {processor.py:830} INFO - Processing file /opt/airflow/dags/dag_file_sensor.py for tasks to queue
[2024-12-26T19:51:02.733+0000] {logging_mixin.py:188} INFO - [2024-12-26T19:51:02.733+0000] {dagbag.py:545} INFO - Filling up the DagBag from /opt/airflow/dags/dag_file_sensor.py
[2024-12-26T19:51:02.743+0000] {processor.py:840} INFO - DAG(s) 'file_sensor' retrieved from /opt/airflow/dags/dag_file_sensor.py
[2024-12-26T19:51:02.751+0000] {logging_mixin.py:188} INFO - [2024-12-26T19:51:02.750+0000] {dag.py:3096} INFO - Sync 1 DAGs
[2024-12-26T19:51:02.781+0000] {logging_mixin.py:188} INFO - [2024-12-26T19:51:02.781+0000] {dag.py:3954} INFO - Setting next_dagrun for file_sensor to 2024-12-26 00:00:00+00:00, run_after=2024-12-27 00:00:00+00:00
[2024-12-26T19:51:02.804+0000] {processor.py:183} INFO - Processing /opt/airflow/dags/dag_file_sensor.py took 0.084 seconds
[2024-12-26T19:51:33.171+0000] {processor.py:161} INFO - Started process (PID=1875) to work on /opt/airflow/dags/dag_file_sensor.py
[2024-12-26T19:51:33.177+0000] {processor.py:830} INFO - Processing file /opt/airflow/dags/dag_file_sensor.py for tasks to queue
[2024-12-26T19:51:33.179+0000] {logging_mixin.py:188} INFO - [2024-12-26T19:51:33.179+0000] {dagbag.py:545} INFO - Filling up the DagBag from /opt/airflow/dags/dag_file_sensor.py
[2024-12-26T19:51:33.186+0000] {processor.py:840} INFO - DAG(s) 'file_sensor' retrieved from /opt/airflow/dags/dag_file_sensor.py
[2024-12-26T19:51:33.205+0000] {logging_mixin.py:188} INFO - [2024-12-26T19:51:33.204+0000] {dag.py:3096} INFO - Sync 1 DAGs
[2024-12-26T19:51:33.226+0000] {logging_mixin.py:188} INFO - [2024-12-26T19:51:33.225+0000] {dag.py:3954} INFO - Setting next_dagrun for file_sensor to 2024-12-26 00:00:00+00:00, run_after=2024-12-27 00:00:00+00:00
[2024-12-26T19:51:33.238+0000] {processor.py:183} INFO - Processing /opt/airflow/dags/dag_file_sensor.py took 0.072 seconds
[2024-12-26T19:52:03.555+0000] {processor.py:161} INFO - Started process (PID=1888) to work on /opt/airflow/dags/dag_file_sensor.py
[2024-12-26T19:52:03.560+0000] {processor.py:830} INFO - Processing file /opt/airflow/dags/dag_file_sensor.py for tasks to queue
[2024-12-26T19:52:03.563+0000] {logging_mixin.py:188} INFO - [2024-12-26T19:52:03.562+0000] {dagbag.py:545} INFO - Filling up the DagBag from /opt/airflow/dags/dag_file_sensor.py
[2024-12-26T19:52:03.573+0000] {processor.py:840} INFO - DAG(s) 'file_sensor' retrieved from /opt/airflow/dags/dag_file_sensor.py
[2024-12-26T19:52:03.587+0000] {logging_mixin.py:188} INFO - [2024-12-26T19:52:03.587+0000] {dag.py:3096} INFO - Sync 1 DAGs
[2024-12-26T19:52:03.602+0000] {logging_mixin.py:188} INFO - [2024-12-26T19:52:03.602+0000] {dag.py:3954} INFO - Setting next_dagrun for file_sensor to 2024-12-26 00:00:00+00:00, run_after=2024-12-27 00:00:00+00:00
[2024-12-26T19:52:03.613+0000] {processor.py:183} INFO - Processing /opt/airflow/dags/dag_file_sensor.py took 0.064 seconds
[2024-12-26T19:52:33.965+0000] {processor.py:161} INFO - Started process (PID=1901) to work on /opt/airflow/dags/dag_file_sensor.py
[2024-12-26T19:52:33.971+0000] {processor.py:830} INFO - Processing file /opt/airflow/dags/dag_file_sensor.py for tasks to queue
[2024-12-26T19:52:33.974+0000] {logging_mixin.py:188} INFO - [2024-12-26T19:52:33.974+0000] {dagbag.py:545} INFO - Filling up the DagBag from /opt/airflow/dags/dag_file_sensor.py
[2024-12-26T19:52:33.985+0000] {processor.py:840} INFO - DAG(s) 'file_sensor' retrieved from /opt/airflow/dags/dag_file_sensor.py
[2024-12-26T19:52:34.000+0000] {logging_mixin.py:188} INFO - [2024-12-26T19:52:34.000+0000] {dag.py:3096} INFO - Sync 1 DAGs
[2024-12-26T19:52:34.018+0000] {logging_mixin.py:188} INFO - [2024-12-26T19:52:34.018+0000] {dag.py:3954} INFO - Setting next_dagrun for file_sensor to 2024-12-26 00:00:00+00:00, run_after=2024-12-27 00:00:00+00:00
[2024-12-26T19:52:34.030+0000] {processor.py:183} INFO - Processing /opt/airflow/dags/dag_file_sensor.py took 0.072 seconds
[2024-12-26T19:53:04.380+0000] {processor.py:161} INFO - Started process (PID=1914) to work on /opt/airflow/dags/dag_file_sensor.py
[2024-12-26T19:53:04.383+0000] {processor.py:830} INFO - Processing file /opt/airflow/dags/dag_file_sensor.py for tasks to queue
[2024-12-26T19:53:04.386+0000] {logging_mixin.py:188} INFO - [2024-12-26T19:53:04.386+0000] {dagbag.py:545} INFO - Filling up the DagBag from /opt/airflow/dags/dag_file_sensor.py
[2024-12-26T19:53:04.397+0000] {processor.py:840} INFO - DAG(s) 'file_sensor' retrieved from /opt/airflow/dags/dag_file_sensor.py
[2024-12-26T19:53:04.424+0000] {logging_mixin.py:188} INFO - [2024-12-26T19:53:04.424+0000] {dag.py:3096} INFO - Sync 1 DAGs
[2024-12-26T19:53:04.451+0000] {logging_mixin.py:188} INFO - [2024-12-26T19:53:04.451+0000] {dag.py:3954} INFO - Setting next_dagrun for file_sensor to 2024-12-26 00:00:00+00:00, run_after=2024-12-27 00:00:00+00:00
[2024-12-26T19:53:04.468+0000] {processor.py:183} INFO - Processing /opt/airflow/dags/dag_file_sensor.py took 0.098 seconds
[2024-12-26T19:53:34.706+0000] {processor.py:161} INFO - Started process (PID=1927) to work on /opt/airflow/dags/dag_file_sensor.py
[2024-12-26T19:53:34.712+0000] {processor.py:830} INFO - Processing file /opt/airflow/dags/dag_file_sensor.py for tasks to queue
[2024-12-26T19:53:34.714+0000] {logging_mixin.py:188} INFO - [2024-12-26T19:53:34.713+0000] {dagbag.py:545} INFO - Filling up the DagBag from /opt/airflow/dags/dag_file_sensor.py
[2024-12-26T19:53:34.722+0000] {processor.py:840} INFO - DAG(s) 'file_sensor' retrieved from /opt/airflow/dags/dag_file_sensor.py
[2024-12-26T19:53:34.737+0000] {logging_mixin.py:188} INFO - [2024-12-26T19:53:34.737+0000] {dag.py:3096} INFO - Sync 1 DAGs
[2024-12-26T19:53:34.751+0000] {logging_mixin.py:188} INFO - [2024-12-26T19:53:34.751+0000] {dag.py:3954} INFO - Setting next_dagrun for file_sensor to 2024-12-26 00:00:00+00:00, run_after=2024-12-27 00:00:00+00:00
[2024-12-26T19:53:34.762+0000] {processor.py:183} INFO - Processing /opt/airflow/dags/dag_file_sensor.py took 0.062 seconds
[2024-12-26T19:54:05.107+0000] {processor.py:161} INFO - Started process (PID=1940) to work on /opt/airflow/dags/dag_file_sensor.py
[2024-12-26T19:54:05.108+0000] {processor.py:830} INFO - Processing file /opt/airflow/dags/dag_file_sensor.py for tasks to queue
[2024-12-26T19:54:05.111+0000] {logging_mixin.py:188} INFO - [2024-12-26T19:54:05.110+0000] {dagbag.py:545} INFO - Filling up the DagBag from /opt/airflow/dags/dag_file_sensor.py
[2024-12-26T19:54:05.122+0000] {processor.py:840} INFO - DAG(s) 'file_sensor' retrieved from /opt/airflow/dags/dag_file_sensor.py
[2024-12-26T19:54:05.136+0000] {logging_mixin.py:188} INFO - [2024-12-26T19:54:05.136+0000] {dag.py:3096} INFO - Sync 1 DAGs
[2024-12-26T19:54:05.151+0000] {logging_mixin.py:188} INFO - [2024-12-26T19:54:05.150+0000] {dag.py:3954} INFO - Setting next_dagrun for file_sensor to 2024-12-26 00:00:00+00:00, run_after=2024-12-27 00:00:00+00:00
[2024-12-26T19:54:05.162+0000] {processor.py:183} INFO - Processing /opt/airflow/dags/dag_file_sensor.py took 0.065 seconds
[2024-12-26T19:54:35.447+0000] {processor.py:161} INFO - Started process (PID=1953) to work on /opt/airflow/dags/dag_file_sensor.py
[2024-12-26T19:54:35.452+0000] {processor.py:830} INFO - Processing file /opt/airflow/dags/dag_file_sensor.py for tasks to queue
[2024-12-26T19:54:35.454+0000] {logging_mixin.py:188} INFO - [2024-12-26T19:54:35.454+0000] {dagbag.py:545} INFO - Filling up the DagBag from /opt/airflow/dags/dag_file_sensor.py
[2024-12-26T19:54:35.461+0000] {processor.py:840} INFO - DAG(s) 'file_sensor' retrieved from /opt/airflow/dags/dag_file_sensor.py
[2024-12-26T19:54:35.475+0000] {logging_mixin.py:188} INFO - [2024-12-26T19:54:35.475+0000] {dag.py:3096} INFO - Sync 1 DAGs
[2024-12-26T19:54:35.490+0000] {logging_mixin.py:188} INFO - [2024-12-26T19:54:35.489+0000] {dag.py:3954} INFO - Setting next_dagrun for file_sensor to 2024-12-26 00:00:00+00:00, run_after=2024-12-27 00:00:00+00:00
[2024-12-26T19:54:35.501+0000] {processor.py:183} INFO - Processing /opt/airflow/dags/dag_file_sensor.py took 0.057 seconds
[2024-12-26T19:55:05.807+0000] {processor.py:161} INFO - Started process (PID=1966) to work on /opt/airflow/dags/dag_file_sensor.py
[2024-12-26T19:55:05.813+0000] {processor.py:830} INFO - Processing file /opt/airflow/dags/dag_file_sensor.py for tasks to queue
[2024-12-26T19:55:05.814+0000] {logging_mixin.py:188} INFO - [2024-12-26T19:55:05.814+0000] {dagbag.py:545} INFO - Filling up the DagBag from /opt/airflow/dags/dag_file_sensor.py
[2024-12-26T19:55:05.821+0000] {processor.py:840} INFO - DAG(s) 'file_sensor' retrieved from /opt/airflow/dags/dag_file_sensor.py
[2024-12-26T19:55:05.835+0000] {logging_mixin.py:188} INFO - [2024-12-26T19:55:05.835+0000] {dag.py:3096} INFO - Sync 1 DAGs
[2024-12-26T19:55:05.850+0000] {logging_mixin.py:188} INFO - [2024-12-26T19:55:05.850+0000] {dag.py:3954} INFO - Setting next_dagrun for file_sensor to 2024-12-26 00:00:00+00:00, run_after=2024-12-27 00:00:00+00:00
[2024-12-26T19:55:05.861+0000] {processor.py:183} INFO - Processing /opt/airflow/dags/dag_file_sensor.py took 0.060 seconds
[2024-12-26T19:55:06.839+0000] {processor.py:161} INFO - Started process (PID=1967) to work on /opt/airflow/dags/dag_file_sensor.py
[2024-12-26T19:55:06.839+0000] {processor.py:830} INFO - Processing file /opt/airflow/dags/dag_file_sensor.py for tasks to queue
[2024-12-26T19:55:06.841+0000] {logging_mixin.py:188} INFO - [2024-12-26T19:55:06.841+0000] {dagbag.py:545} INFO - Filling up the DagBag from /opt/airflow/dags/dag_file_sensor.py
[2024-12-26T19:55:06.843+0000] {logging_mixin.py:188} INFO - [2024-12-26T19:55:06.843+0000] {dagbag.py:355} ERROR - Failed to import: /opt/airflow/dags/dag_file_sensor.py
Traceback (most recent call last):
  File "/home/airflow/.local/lib/python3.12/site-packages/airflow/models/dagbag.py", line 351, in parse
    loader.exec_module(new_module)
  File "<frozen importlib._bootstrap_external>", line 991, in exec_module
  File "<frozen importlib._bootstrap_external>", line 1129, in get_code
  File "<frozen importlib._bootstrap_external>", line 1059, in source_to_code
  File "<frozen importlib._bootstrap>", line 488, in _call_with_frames_removed
  File "/opt/airflow/dags/dag_file_sensor.py", line 16
    start_task  = DummyOperator(  task_id= "start" )
IndentationError: unexpected indent
[2024-12-26T19:55:06.844+0000] {processor.py:842} WARNING - No viable dags retrieved from /opt/airflow/dags/dag_file_sensor.py
[2024-12-26T19:55:06.856+0000] {processor.py:183} INFO - Processing /opt/airflow/dags/dag_file_sensor.py took 0.027 seconds
[2024-12-26T19:55:28.127+0000] {processor.py:161} INFO - Started process (PID=1973) to work on /opt/airflow/dags/dag_file_sensor.py
[2024-12-26T19:55:28.133+0000] {processor.py:830} INFO - Processing file /opt/airflow/dags/dag_file_sensor.py for tasks to queue
[2024-12-26T19:55:28.134+0000] {logging_mixin.py:188} INFO - [2024-12-26T19:55:28.134+0000] {dagbag.py:545} INFO - Filling up the DagBag from /opt/airflow/dags/dag_file_sensor.py
[2024-12-26T19:55:28.136+0000] {logging_mixin.py:188} INFO - [2024-12-26T19:55:28.136+0000] {dagbag.py:355} ERROR - Failed to import: /opt/airflow/dags/dag_file_sensor.py
Traceback (most recent call last):
  File "/home/airflow/.local/lib/python3.12/site-packages/airflow/models/dagbag.py", line 351, in parse
    loader.exec_module(new_module)
  File "<frozen importlib._bootstrap_external>", line 991, in exec_module
  File "<frozen importlib._bootstrap_external>", line 1129, in get_code
  File "<frozen importlib._bootstrap_external>", line 1059, in source_to_code
  File "<frozen importlib._bootstrap>", line 488, in _call_with_frames_removed
  File "/opt/airflow/dags/dag_file_sensor.py", line 10
    stop_task   = DummyOperator(  task_id= "stop"  )
                                                    ^
IndentationError: unindent does not match any outer indentation level
[2024-12-26T19:55:28.137+0000] {processor.py:842} WARNING - No viable dags retrieved from /opt/airflow/dags/dag_file_sensor.py
[2024-12-26T19:55:28.149+0000] {processor.py:183} INFO - Processing /opt/airflow/dags/dag_file_sensor.py took 0.028 seconds
[2024-12-26T19:55:31.187+0000] {processor.py:161} INFO - Started process (PID=1980) to work on /opt/airflow/dags/dag_file_sensor.py
[2024-12-26T19:55:31.187+0000] {processor.py:830} INFO - Processing file /opt/airflow/dags/dag_file_sensor.py for tasks to queue
[2024-12-26T19:55:31.188+0000] {logging_mixin.py:188} INFO - [2024-12-26T19:55:31.188+0000] {dagbag.py:545} INFO - Filling up the DagBag from /opt/airflow/dags/dag_file_sensor.py
[2024-12-26T19:55:31.190+0000] {logging_mixin.py:188} INFO - [2024-12-26T19:55:31.190+0000] {dagbag.py:355} ERROR - Failed to import: /opt/airflow/dags/dag_file_sensor.py
Traceback (most recent call last):
  File "/home/airflow/.local/lib/python3.12/site-packages/airflow/models/dagbag.py", line 351, in parse
    loader.exec_module(new_module)
  File "<frozen importlib._bootstrap_external>", line 991, in exec_module
  File "<frozen importlib._bootstrap_external>", line 1129, in get_code
  File "<frozen importlib._bootstrap_external>", line 1059, in source_to_code
  File "<frozen importlib._bootstrap>", line 488, in _call_with_frames_removed
  File "/opt/airflow/dags/dag_file_sensor.py", line 11
    sensor_task = FileSensor( task_id= "my_file_sensor_task", poke_interval= 30, fs_conn_id= <path>, filepath= <file or directory name> )
                                                                                             ^
SyntaxError: invalid syntax
[2024-12-26T19:55:31.191+0000] {processor.py:842} WARNING - No viable dags retrieved from /opt/airflow/dags/dag_file_sensor.py
[2024-12-26T19:55:31.205+0000] {processor.py:183} INFO - Processing /opt/airflow/dags/dag_file_sensor.py took 0.028 seconds
[2024-12-26T19:55:40.279+0000] {processor.py:161} INFO - Started process (PID=1982) to work on /opt/airflow/dags/dag_file_sensor.py
[2024-12-26T19:55:40.285+0000] {processor.py:830} INFO - Processing file /opt/airflow/dags/dag_file_sensor.py for tasks to queue
[2024-12-26T19:55:40.289+0000] {logging_mixin.py:188} INFO - [2024-12-26T19:55:40.288+0000] {dagbag.py:545} INFO - Filling up the DagBag from /opt/airflow/dags/dag_file_sensor.py
[2024-12-26T19:55:40.295+0000] {logging_mixin.py:188} INFO - [2024-12-26T19:55:40.293+0000] {dagbag.py:355} ERROR - Failed to import: /opt/airflow/dags/dag_file_sensor.py
Traceback (most recent call last):
  File "/home/airflow/.local/lib/python3.12/site-packages/airflow/models/dagbag.py", line 351, in parse
    loader.exec_module(new_module)
  File "<frozen importlib._bootstrap_external>", line 991, in exec_module
  File "<frozen importlib._bootstrap_external>", line 1129, in get_code
  File "<frozen importlib._bootstrap_external>", line 1059, in source_to_code
  File "<frozen importlib._bootstrap>", line 488, in _call_with_frames_removed
  File "/opt/airflow/dags/dag_file_sensor.py", line 16
    start_task  = DummyOperator(  task_id= "start" )
IndentationError: unexpected indent
[2024-12-26T19:55:40.296+0000] {processor.py:842} WARNING - No viable dags retrieved from /opt/airflow/dags/dag_file_sensor.py
[2024-12-26T19:55:40.313+0000] {processor.py:183} INFO - Processing /opt/airflow/dags/dag_file_sensor.py took 0.046 seconds
[2024-12-26T19:55:52.467+0000] {processor.py:161} INFO - Started process (PID=1988) to work on /opt/airflow/dags/dag_file_sensor.py
[2024-12-26T19:55:52.472+0000] {processor.py:830} INFO - Processing file /opt/airflow/dags/dag_file_sensor.py for tasks to queue
[2024-12-26T19:55:52.473+0000] {logging_mixin.py:188} INFO - [2024-12-26T19:55:52.473+0000] {dagbag.py:545} INFO - Filling up the DagBag from /opt/airflow/dags/dag_file_sensor.py
[2024-12-26T19:55:52.476+0000] {logging_mixin.py:188} INFO - [2024-12-26T19:55:52.475+0000] {dagbag.py:355} ERROR - Failed to import: /opt/airflow/dags/dag_file_sensor.py
Traceback (most recent call last):
  File "/home/airflow/.local/lib/python3.12/site-packages/airflow/models/dagbag.py", line 351, in parse
    loader.exec_module(new_module)
  File "<frozen importlib._bootstrap_external>", line 991, in exec_module
  File "<frozen importlib._bootstrap_external>", line 1129, in get_code
  File "<frozen importlib._bootstrap_external>", line 1059, in source_to_code
  File "<frozen importlib._bootstrap>", line 488, in _call_with_frames_removed
  File "/opt/airflow/dags/dag_file_sensor.py", line 16
    start_task  = DummyOperator(  task_id= "start" )
IndentationError: unexpected indent
[2024-12-26T19:55:52.476+0000] {processor.py:842} WARNING - No viable dags retrieved from /opt/airflow/dags/dag_file_sensor.py
[2024-12-26T19:55:52.492+0000] {processor.py:183} INFO - Processing /opt/airflow/dags/dag_file_sensor.py took 0.029 seconds
[2024-12-26T19:55:56.513+0000] {processor.py:161} INFO - Started process (PID=1989) to work on /opt/airflow/dags/dag_file_sensor.py
[2024-12-26T19:55:56.519+0000] {processor.py:830} INFO - Processing file /opt/airflow/dags/dag_file_sensor.py for tasks to queue
[2024-12-26T19:55:56.522+0000] {logging_mixin.py:188} INFO - [2024-12-26T19:55:56.522+0000] {dagbag.py:545} INFO - Filling up the DagBag from /opt/airflow/dags/dag_file_sensor.py
[2024-12-26T19:55:56.526+0000] {logging_mixin.py:188} INFO - [2024-12-26T19:55:56.525+0000] {dagbag.py:355} ERROR - Failed to import: /opt/airflow/dags/dag_file_sensor.py
Traceback (most recent call last):
  File "/home/airflow/.local/lib/python3.12/site-packages/airflow/models/dagbag.py", line 351, in parse
    loader.exec_module(new_module)
  File "<frozen importlib._bootstrap_external>", line 991, in exec_module
  File "<frozen importlib._bootstrap_external>", line 1129, in get_code
  File "<frozen importlib._bootstrap_external>", line 1059, in source_to_code
  File "<frozen importlib._bootstrap>", line 488, in _call_with_frames_removed
  File "/opt/airflow/dags/dag_file_sensor.py", line 16
    start_task  = DummyOperator(  task_id= "start" )
IndentationError: unexpected indent
[2024-12-26T19:55:56.526+0000] {processor.py:842} WARNING - No viable dags retrieved from /opt/airflow/dags/dag_file_sensor.py
[2024-12-26T19:55:56.540+0000] {processor.py:183} INFO - Processing /opt/airflow/dags/dag_file_sensor.py took 0.036 seconds
[2024-12-26T19:55:58.547+0000] {processor.py:161} INFO - Started process (PID=1990) to work on /opt/airflow/dags/dag_file_sensor.py
[2024-12-26T19:55:58.548+0000] {processor.py:830} INFO - Processing file /opt/airflow/dags/dag_file_sensor.py for tasks to queue
[2024-12-26T19:55:58.550+0000] {logging_mixin.py:188} INFO - [2024-12-26T19:55:58.549+0000] {dagbag.py:545} INFO - Filling up the DagBag from /opt/airflow/dags/dag_file_sensor.py
[2024-12-26T19:55:58.552+0000] {logging_mixin.py:188} INFO - [2024-12-26T19:55:58.551+0000] {dagbag.py:355} ERROR - Failed to import: /opt/airflow/dags/dag_file_sensor.py
Traceback (most recent call last):
  File "/home/airflow/.local/lib/python3.12/site-packages/airflow/models/dagbag.py", line 351, in parse
    loader.exec_module(new_module)
  File "<frozen importlib._bootstrap_external>", line 991, in exec_module
  File "<frozen importlib._bootstrap_external>", line 1129, in get_code
  File "<frozen importlib._bootstrap_external>", line 1059, in source_to_code
  File "<frozen importlib._bootstrap>", line 488, in _call_with_frames_removed
  File "/opt/airflow/dags/dag_file_sensor.py", line 16
    start_task  = DummyOperator(  task_id= "start" )
IndentationError: unexpected indent
[2024-12-26T19:55:58.552+0000] {processor.py:842} WARNING - No viable dags retrieved from /opt/airflow/dags/dag_file_sensor.py
[2024-12-26T19:55:58.563+0000] {processor.py:183} INFO - Processing /opt/airflow/dags/dag_file_sensor.py took 0.027 seconds
[2024-12-26T19:55:59.581+0000] {processor.py:161} INFO - Started process (PID=1991) to work on /opt/airflow/dags/dag_file_sensor.py
[2024-12-26T19:55:59.582+0000] {processor.py:830} INFO - Processing file /opt/airflow/dags/dag_file_sensor.py for tasks to queue
[2024-12-26T19:55:59.583+0000] {logging_mixin.py:188} INFO - [2024-12-26T19:55:59.583+0000] {dagbag.py:545} INFO - Filling up the DagBag from /opt/airflow/dags/dag_file_sensor.py
[2024-12-26T19:55:59.586+0000] {logging_mixin.py:188} INFO - [2024-12-26T19:55:59.585+0000] {dagbag.py:355} ERROR - Failed to import: /opt/airflow/dags/dag_file_sensor.py
Traceback (most recent call last):
  File "/home/airflow/.local/lib/python3.12/site-packages/airflow/models/dagbag.py", line 351, in parse
    loader.exec_module(new_module)
  File "<frozen importlib._bootstrap_external>", line 991, in exec_module
  File "<frozen importlib._bootstrap_external>", line 1129, in get_code
  File "<frozen importlib._bootstrap_external>", line 1059, in source_to_code
  File "<frozen importlib._bootstrap>", line 488, in _call_with_frames_removed
  File "/opt/airflow/dags/dag_file_sensor.py", line 16
    start_task  = DummyOperator(  task_id= "start" )
IndentationError: unexpected indent
[2024-12-26T19:55:59.586+0000] {processor.py:842} WARNING - No viable dags retrieved from /opt/airflow/dags/dag_file_sensor.py
[2024-12-26T19:55:59.600+0000] {processor.py:183} INFO - Processing /opt/airflow/dags/dag_file_sensor.py took 0.030 seconds
[2024-12-26T19:56:05.651+0000] {processor.py:161} INFO - Started process (PID=1999) to work on /opt/airflow/dags/dag_file_sensor.py
[2024-12-26T19:56:05.652+0000] {processor.py:830} INFO - Processing file /opt/airflow/dags/dag_file_sensor.py for tasks to queue
[2024-12-26T19:56:05.653+0000] {logging_mixin.py:188} INFO - [2024-12-26T19:56:05.653+0000] {dagbag.py:545} INFO - Filling up the DagBag from /opt/airflow/dags/dag_file_sensor.py
[2024-12-26T19:56:05.656+0000] {logging_mixin.py:188} INFO - [2024-12-26T19:56:05.655+0000] {dagbag.py:355} ERROR - Failed to import: /opt/airflow/dags/dag_file_sensor.py
Traceback (most recent call last):
  File "/home/airflow/.local/lib/python3.12/site-packages/airflow/models/dagbag.py", line 351, in parse
    loader.exec_module(new_module)
  File "<frozen importlib._bootstrap_external>", line 991, in exec_module
  File "<frozen importlib._bootstrap_external>", line 1129, in get_code
  File "<frozen importlib._bootstrap_external>", line 1059, in source_to_code
  File "<frozen importlib._bootstrap>", line 488, in _call_with_frames_removed
  File "/opt/airflow/dags/dag_file_sensor.py", line 16
    start_task  = DummyOperator(  task_id= "start" )
IndentationError: unexpected indent
[2024-12-26T19:56:05.657+0000] {processor.py:842} WARNING - No viable dags retrieved from /opt/airflow/dags/dag_file_sensor.py
[2024-12-26T19:56:05.671+0000] {processor.py:183} INFO - Processing /opt/airflow/dags/dag_file_sensor.py took 0.028 seconds
[2024-12-26T19:56:07.666+0000] {processor.py:161} INFO - Started process (PID=2000) to work on /opt/airflow/dags/dag_file_sensor.py
[2024-12-26T19:56:07.667+0000] {processor.py:830} INFO - Processing file /opt/airflow/dags/dag_file_sensor.py for tasks to queue
[2024-12-26T19:56:07.669+0000] {logging_mixin.py:188} INFO - [2024-12-26T19:56:07.668+0000] {dagbag.py:545} INFO - Filling up the DagBag from /opt/airflow/dags/dag_file_sensor.py
[2024-12-26T19:56:07.671+0000] {logging_mixin.py:188} INFO - [2024-12-26T19:56:07.670+0000] {dagbag.py:355} ERROR - Failed to import: /opt/airflow/dags/dag_file_sensor.py
Traceback (most recent call last):
  File "/home/airflow/.local/lib/python3.12/site-packages/airflow/models/dagbag.py", line 351, in parse
    loader.exec_module(new_module)
  File "<frozen importlib._bootstrap_external>", line 991, in exec_module
  File "<frozen importlib._bootstrap_external>", line 1129, in get_code
  File "<frozen importlib._bootstrap_external>", line 1059, in source_to_code
  File "<frozen importlib._bootstrap>", line 488, in _call_with_frames_removed
  File "/opt/airflow/dags/dag_file_sensor.py", line 16
    start_task  = DummyOperator(  task_id= "start" )
IndentationError: unexpected indent
[2024-12-26T19:56:07.671+0000] {processor.py:842} WARNING - No viable dags retrieved from /opt/airflow/dags/dag_file_sensor.py
[2024-12-26T19:56:07.686+0000] {processor.py:183} INFO - Processing /opt/airflow/dags/dag_file_sensor.py took 0.026 seconds
[2024-12-26T19:56:14.755+0000] {processor.py:161} INFO - Started process (PID=2002) to work on /opt/airflow/dags/dag_file_sensor.py
[2024-12-26T19:56:14.761+0000] {processor.py:830} INFO - Processing file /opt/airflow/dags/dag_file_sensor.py for tasks to queue
[2024-12-26T19:56:14.764+0000] {logging_mixin.py:188} INFO - [2024-12-26T19:56:14.763+0000] {dagbag.py:545} INFO - Filling up the DagBag from /opt/airflow/dags/dag_file_sensor.py
[2024-12-26T19:56:14.767+0000] {logging_mixin.py:188} INFO - [2024-12-26T19:56:14.766+0000] {dagbag.py:355} ERROR - Failed to import: /opt/airflow/dags/dag_file_sensor.py
Traceback (most recent call last):
  File "/home/airflow/.local/lib/python3.12/site-packages/airflow/models/dagbag.py", line 351, in parse
    loader.exec_module(new_module)
  File "<frozen importlib._bootstrap_external>", line 991, in exec_module
  File "<frozen importlib._bootstrap_external>", line 1129, in get_code
  File "<frozen importlib._bootstrap_external>", line 1059, in source_to_code
  File "<frozen importlib._bootstrap>", line 488, in _call_with_frames_removed
  File "/opt/airflow/dags/dag_file_sensor.py", line 16
    start_task  = DummyOperator(  task_id= "start" )
IndentationError: unexpected indent
[2024-12-26T19:56:14.768+0000] {processor.py:842} WARNING - No viable dags retrieved from /opt/airflow/dags/dag_file_sensor.py
[2024-12-26T19:56:14.781+0000] {processor.py:183} INFO - Processing /opt/airflow/dags/dag_file_sensor.py took 0.035 seconds
[2024-12-26T19:56:18.782+0000] {processor.py:161} INFO - Started process (PID=2003) to work on /opt/airflow/dags/dag_file_sensor.py
[2024-12-26T19:56:18.788+0000] {processor.py:830} INFO - Processing file /opt/airflow/dags/dag_file_sensor.py for tasks to queue
[2024-12-26T19:56:18.790+0000] {logging_mixin.py:188} INFO - [2024-12-26T19:56:18.790+0000] {dagbag.py:545} INFO - Filling up the DagBag from /opt/airflow/dags/dag_file_sensor.py
[2024-12-26T19:56:18.795+0000] {logging_mixin.py:188} INFO - [2024-12-26T19:56:18.793+0000] {dagbag.py:355} ERROR - Failed to import: /opt/airflow/dags/dag_file_sensor.py
Traceback (most recent call last):
  File "/home/airflow/.local/lib/python3.12/site-packages/airflow/models/dagbag.py", line 351, in parse
    loader.exec_module(new_module)
  File "<frozen importlib._bootstrap_external>", line 991, in exec_module
  File "<frozen importlib._bootstrap_external>", line 1129, in get_code
  File "<frozen importlib._bootstrap_external>", line 1059, in source_to_code
  File "<frozen importlib._bootstrap>", line 488, in _call_with_frames_removed
  File "/opt/airflow/dags/dag_file_sensor.py", line 16
    tart_task  = DummyOperator(  task_id= "start" )
IndentationError: unexpected indent
[2024-12-26T19:56:18.795+0000] {processor.py:842} WARNING - No viable dags retrieved from /opt/airflow/dags/dag_file_sensor.py
[2024-12-26T19:56:18.810+0000] {processor.py:183} INFO - Processing /opt/airflow/dags/dag_file_sensor.py took 0.038 seconds
[2024-12-26T19:56:20.860+0000] {processor.py:161} INFO - Started process (PID=2006) to work on /opt/airflow/dags/dag_file_sensor.py
[2024-12-26T19:56:20.861+0000] {processor.py:830} INFO - Processing file /opt/airflow/dags/dag_file_sensor.py for tasks to queue
[2024-12-26T19:56:20.863+0000] {logging_mixin.py:188} INFO - [2024-12-26T19:56:20.863+0000] {dagbag.py:545} INFO - Filling up the DagBag from /opt/airflow/dags/dag_file_sensor.py
[2024-12-26T19:56:20.866+0000] {logging_mixin.py:188} INFO - [2024-12-26T19:56:20.865+0000] {dagbag.py:355} ERROR - Failed to import: /opt/airflow/dags/dag_file_sensor.py
Traceback (most recent call last):
  File "/home/airflow/.local/lib/python3.12/site-packages/airflow/models/dagbag.py", line 351, in parse
    loader.exec_module(new_module)
  File "<frozen importlib._bootstrap_external>", line 991, in exec_module
  File "<frozen importlib._bootstrap_external>", line 1129, in get_code
  File "<frozen importlib._bootstrap_external>", line 1059, in source_to_code
  File "<frozen importlib._bootstrap>", line 488, in _call_with_frames_removed
  File "/opt/airflow/dags/dag_file_sensor.py", line 16
    start_task  = DummyOperator(  task_id= "start" )
IndentationError: unexpected indent
[2024-12-26T19:56:20.867+0000] {processor.py:842} WARNING - No viable dags retrieved from /opt/airflow/dags/dag_file_sensor.py
[2024-12-26T19:56:20.887+0000] {processor.py:183} INFO - Processing /opt/airflow/dags/dag_file_sensor.py took 0.036 seconds
[2024-12-26T19:56:21.960+0000] {processor.py:161} INFO - Started process (PID=2009) to work on /opt/airflow/dags/dag_file_sensor.py
[2024-12-26T19:56:21.961+0000] {processor.py:830} INFO - Processing file /opt/airflow/dags/dag_file_sensor.py for tasks to queue
[2024-12-26T19:56:21.962+0000] {logging_mixin.py:188} INFO - [2024-12-26T19:56:21.962+0000] {dagbag.py:545} INFO - Filling up the DagBag from /opt/airflow/dags/dag_file_sensor.py
[2024-12-26T19:56:21.965+0000] {logging_mixin.py:188} INFO - [2024-12-26T19:56:21.964+0000] {dagbag.py:355} ERROR - Failed to import: /opt/airflow/dags/dag_file_sensor.py
Traceback (most recent call last):
  File "/home/airflow/.local/lib/python3.12/site-packages/airflow/models/dagbag.py", line 351, in parse
    loader.exec_module(new_module)
  File "<frozen importlib._bootstrap_external>", line 991, in exec_module
  File "<frozen importlib._bootstrap_external>", line 1129, in get_code
  File "<frozen importlib._bootstrap_external>", line 1059, in source_to_code
  File "<frozen importlib._bootstrap>", line 488, in _call_with_frames_removed
  File "/opt/airflow/dags/dag_file_sensor.py", line 18
    sensor_task = FileSensor(task_id= "my_file_sensor_task", poke_interval= 30, fs_conn_id= <path>, filepath= '~/#LEARN/stepik_de_course/ch_20_Airflow/airflow_project/file.txt')
                                                                                            ^
SyntaxError: invalid syntax
[2024-12-26T19:56:21.965+0000] {processor.py:842} WARNING - No viable dags retrieved from /opt/airflow/dags/dag_file_sensor.py
[2024-12-26T19:56:21.979+0000] {processor.py:183} INFO - Processing /opt/airflow/dags/dag_file_sensor.py took 0.026 seconds
[2024-12-26T19:56:35.043+0000] {processor.py:161} INFO - Started process (PID=2017) to work on /opt/airflow/dags/dag_file_sensor.py
[2024-12-26T19:56:35.043+0000] {processor.py:830} INFO - Processing file /opt/airflow/dags/dag_file_sensor.py for tasks to queue
[2024-12-26T19:56:35.045+0000] {logging_mixin.py:188} INFO - [2024-12-26T19:56:35.045+0000] {dagbag.py:545} INFO - Filling up the DagBag from /opt/airflow/dags/dag_file_sensor.py
[2024-12-26T19:56:35.047+0000] {logging_mixin.py:188} INFO - [2024-12-26T19:56:35.046+0000] {dagbag.py:355} ERROR - Failed to import: /opt/airflow/dags/dag_file_sensor.py
Traceback (most recent call last):
  File "/home/airflow/.local/lib/python3.12/site-packages/airflow/models/dagbag.py", line 351, in parse
    loader.exec_module(new_module)
  File "<frozen importlib._bootstrap_external>", line 991, in exec_module
  File "<frozen importlib._bootstrap_external>", line 1129, in get_code
  File "<frozen importlib._bootstrap_external>", line 1059, in source_to_code
  File "<frozen importlib._bootstrap>", line 488, in _call_with_frames_removed
  File "/opt/airflow/dags/dag_file_sensor.py", line 22
    end = DummyOperator(task_id='end')
IndentationError: unexpected indent
[2024-12-26T19:56:35.047+0000] {processor.py:842} WARNING - No viable dags retrieved from /opt/airflow/dags/dag_file_sensor.py
[2024-12-26T19:56:35.059+0000] {processor.py:183} INFO - Processing /opt/airflow/dags/dag_file_sensor.py took 0.020 seconds
[2024-12-26T19:56:47.141+0000] {processor.py:161} INFO - Started process (PID=2019) to work on /opt/airflow/dags/dag_file_sensor.py
[2024-12-26T19:56:47.147+0000] {processor.py:830} INFO - Processing file /opt/airflow/dags/dag_file_sensor.py for tasks to queue
[2024-12-26T19:56:47.149+0000] {logging_mixin.py:188} INFO - [2024-12-26T19:56:47.149+0000] {dagbag.py:545} INFO - Filling up the DagBag from /opt/airflow/dags/dag_file_sensor.py
[2024-12-26T19:56:47.159+0000] {logging_mixin.py:188} INFO - [2024-12-26T19:56:47.158+0000] {dagbag.py:355} ERROR - Failed to import: /opt/airflow/dags/dag_file_sensor.py
Traceback (most recent call last):
  File "/home/airflow/.local/lib/python3.12/site-packages/airflow/models/dagbag.py", line 351, in parse
    loader.exec_module(new_module)
  File "<frozen importlib._bootstrap_external>", line 995, in exec_module
  File "<frozen importlib._bootstrap>", line 488, in _call_with_frames_removed
  File "/opt/airflow/dags/dag_file_sensor.py", line 16, in <module>
    start_task  = DummyOperator(  task_id= "start" )
                  ^^^^^^^^^^^^^^^^^^^^^^^^^^^^^^^^^^
  File "/home/airflow/.local/lib/python3.12/site-packages/airflow/models/baseoperator.py", line 485, in apply_defaults
    result = func(self, **kwargs, default_args=default_args)
             ^^^^^^^^^^^^^^^^^^^^^^^^^^^^^^^^^^^^^^^^^^^^^^^
  File "/home/airflow/.local/lib/python3.12/site-packages/airflow/models/baseoperator.py", line 485, in apply_defaults
    result = func(self, **kwargs, default_args=default_args)
             ^^^^^^^^^^^^^^^^^^^^^^^^^^^^^^^^^^^^^^^^^^^^^^^
  File "/home/airflow/.local/lib/python3.12/site-packages/airflow/models/baseoperator.py", line 900, in __init__
    task_group.add(self)
  File "/home/airflow/.local/lib/python3.12/site-packages/airflow/utils/task_group.py", line 232, in add
    raise DuplicateTaskIdFound(f"{node_type} id '{key}' has already been added to the DAG")
airflow.exceptions.DuplicateTaskIdFound: Task id 'start' has already been added to the DAG
[2024-12-26T19:56:47.160+0000] {processor.py:842} WARNING - No viable dags retrieved from /opt/airflow/dags/dag_file_sensor.py
[2024-12-26T19:56:47.171+0000] {processor.py:183} INFO - Processing /opt/airflow/dags/dag_file_sensor.py took 0.040 seconds
[2024-12-26T19:56:50.179+0000] {processor.py:161} INFO - Started process (PID=2020) to work on /opt/airflow/dags/dag_file_sensor.py
[2024-12-26T19:56:50.180+0000] {processor.py:830} INFO - Processing file /opt/airflow/dags/dag_file_sensor.py for tasks to queue
[2024-12-26T19:56:50.180+0000] {logging_mixin.py:188} INFO - [2024-12-26T19:56:50.180+0000] {dagbag.py:545} INFO - Filling up the DagBag from /opt/airflow/dags/dag_file_sensor.py
[2024-12-26T19:56:50.188+0000] {logging_mixin.py:188} INFO - [2024-12-26T19:56:50.186+0000] {dagbag.py:355} ERROR - Failed to import: /opt/airflow/dags/dag_file_sensor.py
Traceback (most recent call last):
  File "/home/airflow/.local/lib/python3.12/site-packages/airflow/models/dagbag.py", line 351, in parse
    loader.exec_module(new_module)
  File "<frozen importlib._bootstrap_external>", line 995, in exec_module
  File "<frozen importlib._bootstrap>", line 488, in _call_with_frames_removed
  File "/opt/airflow/dags/dag_file_sensor.py", line 16, in <module>
    start_task  = DummyOperator(  task_id= "start" )
                  ^^^^^^^^^^^^^^^^^^^^^^^^^^^^^^^^^^
  File "/home/airflow/.local/lib/python3.12/site-packages/airflow/models/baseoperator.py", line 485, in apply_defaults
    result = func(self, **kwargs, default_args=default_args)
             ^^^^^^^^^^^^^^^^^^^^^^^^^^^^^^^^^^^^^^^^^^^^^^^
  File "/home/airflow/.local/lib/python3.12/site-packages/airflow/models/baseoperator.py", line 485, in apply_defaults
    result = func(self, **kwargs, default_args=default_args)
             ^^^^^^^^^^^^^^^^^^^^^^^^^^^^^^^^^^^^^^^^^^^^^^^
  File "/home/airflow/.local/lib/python3.12/site-packages/airflow/models/baseoperator.py", line 900, in __init__
    task_group.add(self)
  File "/home/airflow/.local/lib/python3.12/site-packages/airflow/utils/task_group.py", line 232, in add
    raise DuplicateTaskIdFound(f"{node_type} id '{key}' has already been added to the DAG")
airflow.exceptions.DuplicateTaskIdFound: Task id 'start' has already been added to the DAG
[2024-12-26T19:56:50.188+0000] {processor.py:842} WARNING - No viable dags retrieved from /opt/airflow/dags/dag_file_sensor.py
[2024-12-26T19:56:50.201+0000] {processor.py:183} INFO - Processing /opt/airflow/dags/dag_file_sensor.py took 0.028 seconds
[2024-12-26T19:56:57.326+0000] {processor.py:161} INFO - Started process (PID=2025) to work on /opt/airflow/dags/dag_file_sensor.py
[2024-12-26T19:56:57.327+0000] {processor.py:830} INFO - Processing file /opt/airflow/dags/dag_file_sensor.py for tasks to queue
[2024-12-26T19:56:57.328+0000] {logging_mixin.py:188} INFO - [2024-12-26T19:56:57.328+0000] {dagbag.py:545} INFO - Filling up the DagBag from /opt/airflow/dags/dag_file_sensor.py
[2024-12-26T19:56:57.336+0000] {processor.py:840} INFO - DAG(s) 'file_sensor' retrieved from /opt/airflow/dags/dag_file_sensor.py
[2024-12-26T19:56:57.404+0000] {logging_mixin.py:188} INFO - [2024-12-26T19:56:57.404+0000] {dag.py:3096} INFO - Sync 1 DAGs
[2024-12-26T19:56:57.418+0000] {logging_mixin.py:188} INFO - [2024-12-26T19:56:57.418+0000] {dag.py:3954} INFO - Setting next_dagrun for file_sensor to 2024-12-26 00:00:00+00:00, run_after=2024-12-27 00:00:00+00:00
[2024-12-26T19:56:57.431+0000] {processor.py:183} INFO - Processing /opt/airflow/dags/dag_file_sensor.py took 0.109 seconds
[2024-12-26T19:57:03.417+0000] {processor.py:161} INFO - Started process (PID=2032) to work on /opt/airflow/dags/dag_file_sensor.py
[2024-12-26T19:57:03.417+0000] {processor.py:830} INFO - Processing file /opt/airflow/dags/dag_file_sensor.py for tasks to queue
[2024-12-26T19:57:03.419+0000] {logging_mixin.py:188} INFO - [2024-12-26T19:57:03.418+0000] {dagbag.py:545} INFO - Filling up the DagBag from /opt/airflow/dags/dag_file_sensor.py
[2024-12-26T19:57:03.427+0000] {processor.py:840} INFO - DAG(s) 'file_sensor' retrieved from /opt/airflow/dags/dag_file_sensor.py
[2024-12-26T19:57:03.434+0000] {logging_mixin.py:188} INFO - [2024-12-26T19:57:03.434+0000] {dag.py:3096} INFO - Sync 1 DAGs
[2024-12-26T19:57:03.449+0000] {logging_mixin.py:188} INFO - [2024-12-26T19:57:03.449+0000] {dag.py:3954} INFO - Setting next_dagrun for file_sensor to 2024-12-26 00:00:00+00:00, run_after=2024-12-27 00:00:00+00:00
[2024-12-26T19:57:03.462+0000] {processor.py:183} INFO - Processing /opt/airflow/dags/dag_file_sensor.py took 0.055 seconds
[2024-12-26T19:57:24.807+0000] {processor.py:161} INFO - Started process (PID=2039) to work on /opt/airflow/dags/dag_file_sensor.py
[2024-12-26T19:57:24.809+0000] {processor.py:830} INFO - Processing file /opt/airflow/dags/dag_file_sensor.py for tasks to queue
[2024-12-26T19:57:24.810+0000] {logging_mixin.py:188} INFO - [2024-12-26T19:57:24.810+0000] {dagbag.py:545} INFO - Filling up the DagBag from /opt/airflow/dags/dag_file_sensor.py
[2024-12-26T19:57:24.821+0000] {processor.py:840} INFO - DAG(s) 'file_sensor' retrieved from /opt/airflow/dags/dag_file_sensor.py
[2024-12-26T19:57:24.831+0000] {logging_mixin.py:188} INFO - [2024-12-26T19:57:24.831+0000] {dag.py:3096} INFO - Sync 1 DAGs
[2024-12-26T19:57:24.850+0000] {logging_mixin.py:188} INFO - [2024-12-26T19:57:24.850+0000] {dag.py:3954} INFO - Setting next_dagrun for file_sensor to 2024-12-26 00:00:00+00:00, run_after=2024-12-27 00:00:00+00:00
[2024-12-26T19:57:24.865+0000] {processor.py:183} INFO - Processing /opt/airflow/dags/dag_file_sensor.py took 0.065 seconds
[2024-12-26T19:57:33.861+0000] {processor.py:161} INFO - Started process (PID=2046) to work on /opt/airflow/dags/dag_file_sensor.py
[2024-12-26T19:57:33.862+0000] {processor.py:830} INFO - Processing file /opt/airflow/dags/dag_file_sensor.py for tasks to queue
[2024-12-26T19:57:33.863+0000] {logging_mixin.py:188} INFO - [2024-12-26T19:57:33.863+0000] {dagbag.py:545} INFO - Filling up the DagBag from /opt/airflow/dags/dag_file_sensor.py
[2024-12-26T19:57:33.872+0000] {processor.py:840} INFO - DAG(s) 'file_sensor' retrieved from /opt/airflow/dags/dag_file_sensor.py
[2024-12-26T19:57:33.887+0000] {logging_mixin.py:188} INFO - [2024-12-26T19:57:33.886+0000] {dag.py:3096} INFO - Sync 1 DAGs
[2024-12-26T19:57:33.901+0000] {logging_mixin.py:188} INFO - [2024-12-26T19:57:33.901+0000] {dag.py:3954} INFO - Setting next_dagrun for file_sensor to 2024-12-26 00:00:00+00:00, run_after=2024-12-27 00:00:00+00:00
[2024-12-26T19:57:33.912+0000] {processor.py:183} INFO - Processing /opt/airflow/dags/dag_file_sensor.py took 0.061 seconds
[2024-12-26T19:57:35.950+0000] {processor.py:161} INFO - Started process (PID=2048) to work on /opt/airflow/dags/dag_file_sensor.py
[2024-12-26T19:57:35.951+0000] {processor.py:830} INFO - Processing file /opt/airflow/dags/dag_file_sensor.py for tasks to queue
[2024-12-26T19:57:35.952+0000] {logging_mixin.py:188} INFO - [2024-12-26T19:57:35.952+0000] {dagbag.py:545} INFO - Filling up the DagBag from /opt/airflow/dags/dag_file_sensor.py
[2024-12-26T19:57:35.960+0000] {processor.py:840} INFO - DAG(s) 'file_sensor' retrieved from /opt/airflow/dags/dag_file_sensor.py
[2024-12-26T19:57:35.975+0000] {logging_mixin.py:188} INFO - [2024-12-26T19:57:35.975+0000] {dag.py:3096} INFO - Sync 1 DAGs
[2024-12-26T19:57:35.990+0000] {logging_mixin.py:188} INFO - [2024-12-26T19:57:35.990+0000] {dag.py:3954} INFO - Setting next_dagrun for file_sensor to 2024-12-26 00:00:00+00:00, run_after=2024-12-27 00:00:00+00:00
[2024-12-26T19:57:36.003+0000] {processor.py:183} INFO - Processing /opt/airflow/dags/dag_file_sensor.py took 0.061 seconds
[2024-12-26T19:58:06.317+0000] {processor.py:161} INFO - Started process (PID=2061) to work on /opt/airflow/dags/dag_file_sensor.py
[2024-12-26T19:58:06.323+0000] {processor.py:830} INFO - Processing file /opt/airflow/dags/dag_file_sensor.py for tasks to queue
[2024-12-26T19:58:06.324+0000] {logging_mixin.py:188} INFO - [2024-12-26T19:58:06.323+0000] {dagbag.py:545} INFO - Filling up the DagBag from /opt/airflow/dags/dag_file_sensor.py
[2024-12-26T19:58:06.336+0000] {processor.py:840} INFO - DAG(s) 'file_sensor' retrieved from /opt/airflow/dags/dag_file_sensor.py
[2024-12-26T19:58:06.354+0000] {logging_mixin.py:188} INFO - [2024-12-26T19:58:06.354+0000] {dag.py:3096} INFO - Sync 1 DAGs
[2024-12-26T19:58:06.372+0000] {logging_mixin.py:188} INFO - [2024-12-26T19:58:06.372+0000] {dag.py:3954} INFO - Setting next_dagrun for file_sensor to 2024-12-26 00:00:00+00:00, run_after=2024-12-27 00:00:00+00:00
[2024-12-26T19:58:06.387+0000] {processor.py:183} INFO - Processing /opt/airflow/dags/dag_file_sensor.py took 0.079 seconds
[2024-12-26T19:58:36.728+0000] {processor.py:161} INFO - Started process (PID=2074) to work on /opt/airflow/dags/dag_file_sensor.py
[2024-12-26T19:58:36.729+0000] {processor.py:830} INFO - Processing file /opt/airflow/dags/dag_file_sensor.py for tasks to queue
[2024-12-26T19:58:36.730+0000] {logging_mixin.py:188} INFO - [2024-12-26T19:58:36.730+0000] {dagbag.py:545} INFO - Filling up the DagBag from /opt/airflow/dags/dag_file_sensor.py
[2024-12-26T19:58:36.738+0000] {processor.py:840} INFO - DAG(s) 'file_sensor' retrieved from /opt/airflow/dags/dag_file_sensor.py
[2024-12-26T19:58:36.756+0000] {logging_mixin.py:188} INFO - [2024-12-26T19:58:36.756+0000] {dag.py:3096} INFO - Sync 1 DAGs
[2024-12-26T19:58:36.773+0000] {logging_mixin.py:188} INFO - [2024-12-26T19:58:36.773+0000] {dag.py:3954} INFO - Setting next_dagrun for file_sensor to 2024-12-26 00:00:00+00:00, run_after=2024-12-27 00:00:00+00:00
[2024-12-26T19:58:36.787+0000] {processor.py:183} INFO - Processing /opt/airflow/dags/dag_file_sensor.py took 0.065 seconds
[2024-12-26T19:59:07.185+0000] {processor.py:161} INFO - Started process (PID=2087) to work on /opt/airflow/dags/dag_file_sensor.py
[2024-12-26T19:59:07.190+0000] {processor.py:830} INFO - Processing file /opt/airflow/dags/dag_file_sensor.py for tasks to queue
[2024-12-26T19:59:07.191+0000] {logging_mixin.py:188} INFO - [2024-12-26T19:59:07.190+0000] {dagbag.py:545} INFO - Filling up the DagBag from /opt/airflow/dags/dag_file_sensor.py
[2024-12-26T19:59:07.202+0000] {processor.py:840} INFO - DAG(s) 'file_sensor' retrieved from /opt/airflow/dags/dag_file_sensor.py
[2024-12-26T19:59:07.219+0000] {logging_mixin.py:188} INFO - [2024-12-26T19:59:07.219+0000] {dag.py:3096} INFO - Sync 1 DAGs
[2024-12-26T19:59:07.237+0000] {logging_mixin.py:188} INFO - [2024-12-26T19:59:07.237+0000] {dag.py:3954} INFO - Setting next_dagrun for file_sensor to 2024-12-26 00:00:00+00:00, run_after=2024-12-27 00:00:00+00:00
[2024-12-26T19:59:07.251+0000] {processor.py:183} INFO - Processing /opt/airflow/dags/dag_file_sensor.py took 0.073 seconds
[2024-12-26T19:59:31.496+0000] {processor.py:161} INFO - Started process (PID=2099) to work on /opt/airflow/dags/dag_file_sensor.py
[2024-12-26T19:59:31.497+0000] {processor.py:830} INFO - Processing file /opt/airflow/dags/dag_file_sensor.py for tasks to queue
[2024-12-26T19:59:31.497+0000] {logging_mixin.py:188} INFO - [2024-12-26T19:59:31.497+0000] {dagbag.py:545} INFO - Filling up the DagBag from /opt/airflow/dags/dag_file_sensor.py
[2024-12-26T19:59:31.507+0000] {processor.py:840} INFO - DAG(s) 'file_sensor' retrieved from /opt/airflow/dags/dag_file_sensor.py
[2024-12-26T19:59:31.608+0000] {logging_mixin.py:188} INFO - [2024-12-26T19:59:31.608+0000] {dag.py:3096} INFO - Sync 1 DAGs
[2024-12-26T19:59:31.618+0000] {logging_mixin.py:188} INFO - [2024-12-26T19:59:31.617+0000] {dag.py:3118} INFO - Creating ORM DAG for file_sensor
[2024-12-26T19:59:31.626+0000] {logging_mixin.py:188} INFO - [2024-12-26T19:59:31.626+0000] {dag.py:3954} INFO - Setting next_dagrun for file_sensor to 2024-12-24 00:00:00+00:00, run_after=2024-12-25 00:00:00+00:00
[2024-12-26T19:59:31.649+0000] {processor.py:183} INFO - Processing /opt/airflow/dags/dag_file_sensor.py took 0.161 seconds
[2024-12-26T20:00:01.870+0000] {processor.py:161} INFO - Started process (PID=2112) to work on /opt/airflow/dags/dag_file_sensor.py
[2024-12-26T20:00:01.871+0000] {processor.py:830} INFO - Processing file /opt/airflow/dags/dag_file_sensor.py for tasks to queue
[2024-12-26T20:00:01.872+0000] {logging_mixin.py:188} INFO - [2024-12-26T20:00:01.872+0000] {dagbag.py:545} INFO - Filling up the DagBag from /opt/airflow/dags/dag_file_sensor.py
[2024-12-26T20:00:01.880+0000] {processor.py:840} INFO - DAG(s) 'file_sensor' retrieved from /opt/airflow/dags/dag_file_sensor.py
[2024-12-26T20:00:01.894+0000] {logging_mixin.py:188} INFO - [2024-12-26T20:00:01.894+0000] {dag.py:3096} INFO - Sync 1 DAGs
[2024-12-26T20:00:01.909+0000] {logging_mixin.py:188} INFO - [2024-12-26T20:00:01.909+0000] {dag.py:3954} INFO - Setting next_dagrun for file_sensor to 2024-12-26 00:00:00+00:00, run_after=2024-12-27 00:00:00+00:00
[2024-12-26T20:00:01.920+0000] {processor.py:183} INFO - Processing /opt/airflow/dags/dag_file_sensor.py took 0.055 seconds
[2024-12-26T20:00:26.227+0000] {processor.py:161} INFO - Started process (PID=2119) to work on /opt/airflow/dags/dag_file_sensor.py
[2024-12-26T20:00:26.233+0000] {processor.py:830} INFO - Processing file /opt/airflow/dags/dag_file_sensor.py for tasks to queue
[2024-12-26T20:00:26.234+0000] {logging_mixin.py:188} INFO - [2024-12-26T20:00:26.233+0000] {dagbag.py:545} INFO - Filling up the DagBag from /opt/airflow/dags/dag_file_sensor.py
[2024-12-26T20:00:26.241+0000] {logging_mixin.py:188} INFO - [2024-12-26T20:00:26.239+0000] {dagbag.py:355} ERROR - Failed to import: /opt/airflow/dags/dag_file_sensor.py
Traceback (most recent call last):
  File "/home/airflow/.local/lib/python3.12/site-packages/airflow/models/dagbag.py", line 351, in parse
    loader.exec_module(new_module)
  File "<frozen importlib._bootstrap_external>", line 995, in exec_module
  File "<frozen importlib._bootstrap>", line 488, in _call_with_frames_removed
  File "/opt/airflow/dags/dag_file_sensor.py", line 15, in <module>
    docker
NameError: name 'docker' is not defined
[2024-12-26T20:00:26.242+0000] {processor.py:842} WARNING - No viable dags retrieved from /opt/airflow/dags/dag_file_sensor.py
[2024-12-26T20:00:26.254+0000] {processor.py:183} INFO - Processing /opt/airflow/dags/dag_file_sensor.py took 0.031 seconds
[2024-12-26T20:00:28.257+0000] {processor.py:161} INFO - Started process (PID=2120) to work on /opt/airflow/dags/dag_file_sensor.py
[2024-12-26T20:00:28.258+0000] {processor.py:830} INFO - Processing file /opt/airflow/dags/dag_file_sensor.py for tasks to queue
[2024-12-26T20:00:28.259+0000] {logging_mixin.py:188} INFO - [2024-12-26T20:00:28.259+0000] {dagbag.py:545} INFO - Filling up the DagBag from /opt/airflow/dags/dag_file_sensor.py
[2024-12-26T20:00:28.273+0000] {processor.py:840} INFO - DAG(s) 'file_sensor' retrieved from /opt/airflow/dags/dag_file_sensor.py
[2024-12-26T20:00:28.290+0000] {logging_mixin.py:188} INFO - [2024-12-26T20:00:28.290+0000] {dag.py:3096} INFO - Sync 1 DAGs
[2024-12-26T20:00:28.306+0000] {logging_mixin.py:188} INFO - [2024-12-26T20:00:28.306+0000] {dag.py:3954} INFO - Setting next_dagrun for file_sensor to 2024-12-26 00:00:00+00:00, run_after=2024-12-27 00:00:00+00:00
[2024-12-26T20:00:28.327+0000] {processor.py:183} INFO - Processing /opt/airflow/dags/dag_file_sensor.py took 0.084 seconds
