[2024-12-26T19:25:53.365+0000] {processor.py:161} INFO - Started process (PID=1221) to work on /opt/airflow/dags/dag_http_sensor.py
[2024-12-26T19:25:53.366+0000] {processor.py:830} INFO - Processing file /opt/airflow/dags/dag_http_sensor.py for tasks to queue
[2024-12-26T19:25:53.367+0000] {logging_mixin.py:188} INFO - [2024-12-26T19:25:53.366+0000] {dagbag.py:545} INFO - Filling up the DagBag from /opt/airflow/dags/dag_http_sensor.py
[2024-12-26T19:25:53.369+0000] {logging_mixin.py:188} INFO - [2024-12-26T19:25:53.368+0000] {dagbag.py:355} ERROR - Failed to import: /opt/airflow/dags/dag_http_sensor.py
Traceback (most recent call last):
  File "/home/airflow/.local/lib/python3.12/site-packages/airflow/models/dagbag.py", line 351, in parse
    loader.exec_module(new_module)
  File "<frozen importlib._bootstrap_external>", line 995, in exec_module
  File "<frozen importlib._bootstrap>", line 488, in _call_with_frames_removed
  File "/opt/airflow/dags/dag_http_sensor.py", line 2, in <module>
    from airflow.operators.sensors import HttpSensor
ModuleNotFoundError: No module named 'airflow.operators.sensors'
[2024-12-26T19:25:53.369+0000] {processor.py:842} WARNING - No viable dags retrieved from /opt/airflow/dags/dag_http_sensor.py
[2024-12-26T19:25:53.388+0000] {processor.py:183} INFO - Processing /opt/airflow/dags/dag_http_sensor.py took 0.027 seconds
[2024-12-26T19:26:01.574+0000] {processor.py:161} INFO - Started process (PID=1232) to work on /opt/airflow/dags/dag_http_sensor.py
[2024-12-26T19:26:01.580+0000] {processor.py:830} INFO - Processing file /opt/airflow/dags/dag_http_sensor.py for tasks to queue
[2024-12-26T19:26:01.582+0000] {logging_mixin.py:188} INFO - [2024-12-26T19:26:01.582+0000] {dagbag.py:545} INFO - Filling up the DagBag from /opt/airflow/dags/dag_http_sensor.py
[2024-12-26T19:26:01.586+0000] {logging_mixin.py:188} INFO - [2024-12-26T19:26:01.585+0000] {dagbag.py:355} ERROR - Failed to import: /opt/airflow/dags/dag_http_sensor.py
Traceback (most recent call last):
  File "/home/airflow/.local/lib/python3.12/site-packages/airflow/models/dagbag.py", line 351, in parse
    loader.exec_module(new_module)
  File "<frozen importlib._bootstrap_external>", line 995, in exec_module
  File "<frozen importlib._bootstrap>", line 488, in _call_with_frames_removed
  File "/opt/airflow/dags/dag_http_sensor.py", line 2, in <module>
    from airflow.operators.sensors import HttpSensor
ModuleNotFoundError: No module named 'airflow.operators.sensors'
[2024-12-26T19:26:01.587+0000] {processor.py:842} WARNING - No viable dags retrieved from /opt/airflow/dags/dag_http_sensor.py
[2024-12-26T19:26:01.600+0000] {processor.py:183} INFO - Processing /opt/airflow/dags/dag_http_sensor.py took 0.036 seconds
[2024-12-26T19:26:03.588+0000] {processor.py:161} INFO - Started process (PID=1233) to work on /opt/airflow/dags/dag_http_sensor.py
[2024-12-26T19:26:03.589+0000] {processor.py:830} INFO - Processing file /opt/airflow/dags/dag_http_sensor.py for tasks to queue
[2024-12-26T19:26:03.590+0000] {logging_mixin.py:188} INFO - [2024-12-26T19:26:03.590+0000] {dagbag.py:545} INFO - Filling up the DagBag from /opt/airflow/dags/dag_http_sensor.py
[2024-12-26T19:26:03.592+0000] {logging_mixin.py:188} INFO - [2024-12-26T19:26:03.592+0000] {dagbag.py:355} ERROR - Failed to import: /opt/airflow/dags/dag_http_sensor.py
Traceback (most recent call last):
  File "/home/airflow/.local/lib/python3.12/site-packages/airflow/models/dagbag.py", line 351, in parse
    loader.exec_module(new_module)
  File "<frozen importlib._bootstrap_external>", line 991, in exec_module
  File "<frozen importlib._bootstrap_external>", line 1129, in get_code
  File "<frozen importlib._bootstrap_external>", line 1059, in source_to_code
  File "<frozen importlib._bootstrap>", line 488, in _call_with_frames_removed
  File "/opt/airflow/dags/dag_http_sensor.py", line 8
    task1 = DummyOperator(task_id='task1')
    ^^^^^
IndentationError: expected an indented block after 'with' statement on line 6
[2024-12-26T19:26:03.593+0000] {processor.py:842} WARNING - No viable dags retrieved from /opt/airflow/dags/dag_http_sensor.py
[2024-12-26T19:26:03.605+0000] {processor.py:183} INFO - Processing /opt/airflow/dags/dag_http_sensor.py took 0.025 seconds
[2024-12-26T19:26:06.615+0000] {processor.py:161} INFO - Started process (PID=1234) to work on /opt/airflow/dags/dag_http_sensor.py
[2024-12-26T19:26:06.616+0000] {processor.py:830} INFO - Processing file /opt/airflow/dags/dag_http_sensor.py for tasks to queue
[2024-12-26T19:26:06.619+0000] {logging_mixin.py:188} INFO - [2024-12-26T19:26:06.618+0000] {dagbag.py:545} INFO - Filling up the DagBag from /opt/airflow/dags/dag_http_sensor.py
[2024-12-26T19:26:06.623+0000] {logging_mixin.py:188} INFO - [2024-12-26T19:26:06.622+0000] {dagbag.py:355} ERROR - Failed to import: /opt/airflow/dags/dag_http_sensor.py
Traceback (most recent call last):
  File "/home/airflow/.local/lib/python3.12/site-packages/airflow/models/dagbag.py", line 351, in parse
    loader.exec_module(new_module)
  File "<frozen importlib._bootstrap_external>", line 995, in exec_module
  File "<frozen importlib._bootstrap>", line 488, in _call_with_frames_removed
  File "/opt/airflow/dags/dag_http_sensor.py", line 2, in <module>
    from airflow.operators.sensors import HttpSensor
ModuleNotFoundError: No module named 'airflow.operators.sensors'
[2024-12-26T19:26:06.624+0000] {processor.py:842} WARNING - No viable dags retrieved from /opt/airflow/dags/dag_http_sensor.py
[2024-12-26T19:26:06.636+0000] {processor.py:183} INFO - Processing /opt/airflow/dags/dag_http_sensor.py took 0.030 seconds
[2024-12-26T19:26:18.727+0000] {processor.py:161} INFO - Started process (PID=1236) to work on /opt/airflow/dags/dag_http_sensor.py
[2024-12-26T19:26:18.728+0000] {processor.py:830} INFO - Processing file /opt/airflow/dags/dag_http_sensor.py for tasks to queue
[2024-12-26T19:26:18.730+0000] {logging_mixin.py:188} INFO - [2024-12-26T19:26:18.730+0000] {dagbag.py:545} INFO - Filling up the DagBag from /opt/airflow/dags/dag_http_sensor.py
[2024-12-26T19:26:18.733+0000] {logging_mixin.py:188} INFO - [2024-12-26T19:26:18.732+0000] {dagbag.py:355} ERROR - Failed to import: /opt/airflow/dags/dag_http_sensor.py
Traceback (most recent call last):
  File "/home/airflow/.local/lib/python3.12/site-packages/airflow/models/dagbag.py", line 351, in parse
    loader.exec_module(new_module)
  File "<frozen importlib._bootstrap_external>", line 991, in exec_module
  File "<frozen importlib._bootstrap_external>", line 1129, in get_code
  File "<frozen importlib._bootstrap_external>", line 1059, in source_to_code
  File "<frozen importlib._bootstrap>", line 488, in _call_with_frames_removed
  File "/opt/airflow/dags/dag_http_sensor.py", line 16
    task1 >> 
             ^
SyntaxError: invalid syntax
[2024-12-26T19:26:18.734+0000] {processor.py:842} WARNING - No viable dags retrieved from /opt/airflow/dags/dag_http_sensor.py
[2024-12-26T19:26:18.747+0000] {processor.py:183} INFO - Processing /opt/airflow/dags/dag_http_sensor.py took 0.032 seconds
[2024-12-26T19:26:21.745+0000] {processor.py:161} INFO - Started process (PID=1237) to work on /opt/airflow/dags/dag_http_sensor.py
[2024-12-26T19:26:21.746+0000] {processor.py:830} INFO - Processing file /opt/airflow/dags/dag_http_sensor.py for tasks to queue
[2024-12-26T19:26:21.747+0000] {logging_mixin.py:188} INFO - [2024-12-26T19:26:21.747+0000] {dagbag.py:545} INFO - Filling up the DagBag from /opt/airflow/dags/dag_http_sensor.py
[2024-12-26T19:26:21.750+0000] {logging_mixin.py:188} INFO - [2024-12-26T19:26:21.749+0000] {dagbag.py:355} ERROR - Failed to import: /opt/airflow/dags/dag_http_sensor.py
Traceback (most recent call last):
  File "/home/airflow/.local/lib/python3.12/site-packages/airflow/models/dagbag.py", line 351, in parse
    loader.exec_module(new_module)
  File "<frozen importlib._bootstrap_external>", line 995, in exec_module
  File "<frozen importlib._bootstrap>", line 488, in _call_with_frames_removed
  File "/opt/airflow/dags/dag_http_sensor.py", line 2, in <module>
    from airflow.operators.sensors import HttpSensor
ModuleNotFoundError: No module named 'airflow.operators.sensors'
[2024-12-26T19:26:21.750+0000] {processor.py:842} WARNING - No viable dags retrieved from /opt/airflow/dags/dag_http_sensor.py
[2024-12-26T19:26:21.762+0000] {processor.py:183} INFO - Processing /opt/airflow/dags/dag_http_sensor.py took 0.026 seconds
[2024-12-26T19:26:34.001+0000] {processor.py:161} INFO - Started process (PID=1248) to work on /opt/airflow/dags/dag_http_sensor.py
[2024-12-26T19:26:34.007+0000] {processor.py:830} INFO - Processing file /opt/airflow/dags/dag_http_sensor.py for tasks to queue
[2024-12-26T19:26:34.009+0000] {logging_mixin.py:188} INFO - [2024-12-26T19:26:34.009+0000] {dagbag.py:545} INFO - Filling up the DagBag from /opt/airflow/dags/dag_http_sensor.py
[2024-12-26T19:26:34.012+0000] {logging_mixin.py:188} INFO - [2024-12-26T19:26:34.011+0000] {dagbag.py:355} ERROR - Failed to import: /opt/airflow/dags/dag_http_sensor.py
Traceback (most recent call last):
  File "/home/airflow/.local/lib/python3.12/site-packages/airflow/models/dagbag.py", line 351, in parse
    loader.exec_module(new_module)
  File "<frozen importlib._bootstrap_external>", line 995, in exec_module
  File "<frozen importlib._bootstrap>", line 488, in _call_with_frames_removed
  File "/opt/airflow/dags/dag_http_sensor.py", line 2, in <module>
    from airflow.operators.sensors import HttpSensor
ModuleNotFoundError: No module named 'airflow.operators.sensors'
[2024-12-26T19:26:34.013+0000] {processor.py:842} WARNING - No viable dags retrieved from /opt/airflow/dags/dag_http_sensor.py
[2024-12-26T19:26:34.027+0000] {processor.py:183} INFO - Processing /opt/airflow/dags/dag_http_sensor.py took 0.035 seconds
[2024-12-26T19:26:37.025+0000] {processor.py:161} INFO - Started process (PID=1249) to work on /opt/airflow/dags/dag_http_sensor.py
[2024-12-26T19:26:37.026+0000] {processor.py:830} INFO - Processing file /opt/airflow/dags/dag_http_sensor.py for tasks to queue
[2024-12-26T19:26:37.028+0000] {logging_mixin.py:188} INFO - [2024-12-26T19:26:37.028+0000] {dagbag.py:545} INFO - Filling up the DagBag from /opt/airflow/dags/dag_http_sensor.py
[2024-12-26T19:26:37.031+0000] {logging_mixin.py:188} INFO - [2024-12-26T19:26:37.030+0000] {dagbag.py:355} ERROR - Failed to import: /opt/airflow/dags/dag_http_sensor.py
Traceback (most recent call last):
  File "/home/airflow/.local/lib/python3.12/site-packages/airflow/models/dagbag.py", line 351, in parse
    loader.exec_module(new_module)
  File "<frozen importlib._bootstrap_external>", line 995, in exec_module
  File "<frozen importlib._bootstrap>", line 488, in _call_with_frames_removed
  File "/opt/airflow/dags/dag_http_sensor.py", line 2, in <module>
    from airflow.operators.sensors import HttpSensor
ModuleNotFoundError: No module named 'airflow.operators.sensors'
[2024-12-26T19:26:37.031+0000] {processor.py:842} WARNING - No viable dags retrieved from /opt/airflow/dags/dag_http_sensor.py
[2024-12-26T19:26:37.042+0000] {processor.py:183} INFO - Processing /opt/airflow/dags/dag_http_sensor.py took 0.027 seconds
[2024-12-26T19:26:42.077+0000] {processor.py:161} INFO - Started process (PID=1250) to work on /opt/airflow/dags/dag_http_sensor.py
[2024-12-26T19:26:42.078+0000] {processor.py:830} INFO - Processing file /opt/airflow/dags/dag_http_sensor.py for tasks to queue
[2024-12-26T19:26:42.080+0000] {logging_mixin.py:188} INFO - [2024-12-26T19:26:42.079+0000] {dagbag.py:545} INFO - Filling up the DagBag from /opt/airflow/dags/dag_http_sensor.py
[2024-12-26T19:26:42.083+0000] {logging_mixin.py:188} INFO - [2024-12-26T19:26:42.082+0000] {dagbag.py:355} ERROR - Failed to import: /opt/airflow/dags/dag_http_sensor.py
Traceback (most recent call last):
  File "/home/airflow/.local/lib/python3.12/site-packages/airflow/models/dagbag.py", line 351, in parse
    loader.exec_module(new_module)
  File "<frozen importlib._bootstrap_external>", line 995, in exec_module
  File "<frozen importlib._bootstrap>", line 488, in _call_with_frames_removed
  File "/opt/airflow/dags/dag_http_sensor.py", line 2, in <module>
    from airflow.operators.sensors import HttpSensor
ModuleNotFoundError: No module named 'airflow.operators.sensors'
[2024-12-26T19:26:42.084+0000] {processor.py:842} WARNING - No viable dags retrieved from /opt/airflow/dags/dag_http_sensor.py
[2024-12-26T19:26:42.101+0000] {processor.py:183} INFO - Processing /opt/airflow/dags/dag_http_sensor.py took 0.031 seconds
[2024-12-26T19:27:12.379+0000] {processor.py:161} INFO - Started process (PID=1262) to work on /opt/airflow/dags/dag_http_sensor.py
[2024-12-26T19:27:12.379+0000] {processor.py:830} INFO - Processing file /opt/airflow/dags/dag_http_sensor.py for tasks to queue
[2024-12-26T19:27:12.381+0000] {logging_mixin.py:188} INFO - [2024-12-26T19:27:12.381+0000] {dagbag.py:545} INFO - Filling up the DagBag from /opt/airflow/dags/dag_http_sensor.py
[2024-12-26T19:27:12.383+0000] {logging_mixin.py:188} INFO - [2024-12-26T19:27:12.382+0000] {dagbag.py:355} ERROR - Failed to import: /opt/airflow/dags/dag_http_sensor.py
Traceback (most recent call last):
  File "/home/airflow/.local/lib/python3.12/site-packages/airflow/models/dagbag.py", line 351, in parse
    loader.exec_module(new_module)
  File "<frozen importlib._bootstrap_external>", line 995, in exec_module
  File "<frozen importlib._bootstrap>", line 488, in _call_with_frames_removed
  File "/opt/airflow/dags/dag_http_sensor.py", line 2, in <module>
    from airflow.operators.sensors import HttpSensor
ModuleNotFoundError: No module named 'airflow.operators.sensors'
[2024-12-26T19:27:12.383+0000] {processor.py:842} WARNING - No viable dags retrieved from /opt/airflow/dags/dag_http_sensor.py
[2024-12-26T19:27:12.396+0000] {processor.py:183} INFO - Processing /opt/airflow/dags/dag_http_sensor.py took 0.024 seconds
[2024-12-26T19:27:27.599+0000] {processor.py:161} INFO - Started process (PID=1272) to work on /opt/airflow/dags/dag_http_sensor.py
[2024-12-26T19:27:27.600+0000] {processor.py:830} INFO - Processing file /opt/airflow/dags/dag_http_sensor.py for tasks to queue
[2024-12-26T19:27:27.603+0000] {logging_mixin.py:188} INFO - [2024-12-26T19:27:27.602+0000] {dagbag.py:545} INFO - Filling up the DagBag from /opt/airflow/dags/dag_http_sensor.py
[2024-12-26T19:27:27.608+0000] {logging_mixin.py:188} INFO - [2024-12-26T19:27:27.606+0000] {dagbag.py:355} ERROR - Failed to import: /opt/airflow/dags/dag_http_sensor.py
Traceback (most recent call last):
  File "/home/airflow/.local/lib/python3.12/site-packages/airflow/models/dagbag.py", line 351, in parse
    loader.exec_module(new_module)
  File "<frozen importlib._bootstrap_external>", line 995, in exec_module
  File "<frozen importlib._bootstrap>", line 488, in _call_with_frames_removed
  File "/opt/airflow/dags/dag_http_sensor.py", line 2, in <module>
    from airflow.operators.sensors import HttpSensor
ModuleNotFoundError: No module named 'airflow.operators.sensors'
[2024-12-26T19:27:27.608+0000] {processor.py:842} WARNING - No viable dags retrieved from /opt/airflow/dags/dag_http_sensor.py
[2024-12-26T19:27:27.623+0000] {processor.py:183} INFO - Processing /opt/airflow/dags/dag_http_sensor.py took 0.037 seconds
[2024-12-26T19:27:57.969+0000] {processor.py:161} INFO - Started process (PID=1284) to work on /opt/airflow/dags/dag_http_sensor.py
[2024-12-26T19:27:57.970+0000] {processor.py:830} INFO - Processing file /opt/airflow/dags/dag_http_sensor.py for tasks to queue
[2024-12-26T19:27:57.972+0000] {logging_mixin.py:188} INFO - [2024-12-26T19:27:57.971+0000] {dagbag.py:545} INFO - Filling up the DagBag from /opt/airflow/dags/dag_http_sensor.py
[2024-12-26T19:27:57.974+0000] {logging_mixin.py:188} INFO - [2024-12-26T19:27:57.973+0000] {dagbag.py:355} ERROR - Failed to import: /opt/airflow/dags/dag_http_sensor.py
Traceback (most recent call last):
  File "/home/airflow/.local/lib/python3.12/site-packages/airflow/models/dagbag.py", line 351, in parse
    loader.exec_module(new_module)
  File "<frozen importlib._bootstrap_external>", line 995, in exec_module
  File "<frozen importlib._bootstrap>", line 488, in _call_with_frames_removed
  File "/opt/airflow/dags/dag_http_sensor.py", line 2, in <module>
    from airflow.operators.sensors import HttpSensor
ModuleNotFoundError: No module named 'airflow.operators.sensors'
[2024-12-26T19:27:57.974+0000] {processor.py:842} WARNING - No viable dags retrieved from /opt/airflow/dags/dag_http_sensor.py
[2024-12-26T19:27:57.986+0000] {processor.py:183} INFO - Processing /opt/airflow/dags/dag_http_sensor.py took 0.024 seconds
[2024-12-26T19:28:28.303+0000] {processor.py:161} INFO - Started process (PID=1296) to work on /opt/airflow/dags/dag_http_sensor.py
[2024-12-26T19:28:28.304+0000] {processor.py:830} INFO - Processing file /opt/airflow/dags/dag_http_sensor.py for tasks to queue
[2024-12-26T19:28:28.306+0000] {logging_mixin.py:188} INFO - [2024-12-26T19:28:28.305+0000] {dagbag.py:545} INFO - Filling up the DagBag from /opt/airflow/dags/dag_http_sensor.py
[2024-12-26T19:28:28.308+0000] {logging_mixin.py:188} INFO - [2024-12-26T19:28:28.307+0000] {dagbag.py:355} ERROR - Failed to import: /opt/airflow/dags/dag_http_sensor.py
Traceback (most recent call last):
  File "/home/airflow/.local/lib/python3.12/site-packages/airflow/models/dagbag.py", line 351, in parse
    loader.exec_module(new_module)
  File "<frozen importlib._bootstrap_external>", line 995, in exec_module
  File "<frozen importlib._bootstrap>", line 488, in _call_with_frames_removed
  File "/opt/airflow/dags/dag_http_sensor.py", line 2, in <module>
    from airflow.operators.sensors import HttpSensor
ModuleNotFoundError: No module named 'airflow.operators.sensors'
[2024-12-26T19:28:28.309+0000] {processor.py:842} WARNING - No viable dags retrieved from /opt/airflow/dags/dag_http_sensor.py
[2024-12-26T19:28:28.320+0000] {processor.py:183} INFO - Processing /opt/airflow/dags/dag_http_sensor.py took 0.026 seconds
[2024-12-26T19:28:58.625+0000] {processor.py:161} INFO - Started process (PID=1308) to work on /opt/airflow/dags/dag_http_sensor.py
[2024-12-26T19:28:58.630+0000] {processor.py:830} INFO - Processing file /opt/airflow/dags/dag_http_sensor.py for tasks to queue
[2024-12-26T19:28:58.632+0000] {logging_mixin.py:188} INFO - [2024-12-26T19:28:58.632+0000] {dagbag.py:545} INFO - Filling up the DagBag from /opt/airflow/dags/dag_http_sensor.py
[2024-12-26T19:28:58.634+0000] {logging_mixin.py:188} INFO - [2024-12-26T19:28:58.633+0000] {dagbag.py:355} ERROR - Failed to import: /opt/airflow/dags/dag_http_sensor.py
Traceback (most recent call last):
  File "/home/airflow/.local/lib/python3.12/site-packages/airflow/models/dagbag.py", line 351, in parse
    loader.exec_module(new_module)
  File "<frozen importlib._bootstrap_external>", line 995, in exec_module
  File "<frozen importlib._bootstrap>", line 488, in _call_with_frames_removed
  File "/opt/airflow/dags/dag_http_sensor.py", line 2, in <module>
    from airflow.operators.sensors import HttpSensor
ModuleNotFoundError: No module named 'airflow.operators.sensors'
[2024-12-26T19:28:58.635+0000] {processor.py:842} WARNING - No viable dags retrieved from /opt/airflow/dags/dag_http_sensor.py
[2024-12-26T19:28:58.647+0000] {processor.py:183} INFO - Processing /opt/airflow/dags/dag_http_sensor.py took 0.027 seconds
[2024-12-26T19:29:06.898+0000] {processor.py:161} INFO - Started process (PID=1313) to work on /opt/airflow/dags/dag_http_sensor.py
[2024-12-26T19:29:06.899+0000] {processor.py:830} INFO - Processing file /opt/airflow/dags/dag_http_sensor.py for tasks to queue
[2024-12-26T19:29:06.900+0000] {logging_mixin.py:188} INFO - [2024-12-26T19:29:06.899+0000] {dagbag.py:545} INFO - Filling up the DagBag from /opt/airflow/dags/dag_http_sensor.py
[2024-12-26T19:29:06.902+0000] {logging_mixin.py:188} INFO - [2024-12-26T19:29:06.901+0000] {dagbag.py:355} ERROR - Failed to import: /opt/airflow/dags/dag_http_sensor.py
Traceback (most recent call last):
  File "/home/airflow/.local/lib/python3.12/site-packages/airflow/models/dagbag.py", line 351, in parse
    loader.exec_module(new_module)
  File "<frozen importlib._bootstrap_external>", line 995, in exec_module
  File "<frozen importlib._bootstrap>", line 488, in _call_with_frames_removed
  File "/opt/airflow/dags/dag_http_sensor.py", line 2, in <module>
    from airflow.operators.sensors import HttpSensor
ModuleNotFoundError: No module named 'airflow.operators.sensors'
[2024-12-26T19:29:06.903+0000] {processor.py:842} WARNING - No viable dags retrieved from /opt/airflow/dags/dag_http_sensor.py
[2024-12-26T19:29:06.918+0000] {processor.py:183} INFO - Processing /opt/airflow/dags/dag_http_sensor.py took 0.024 seconds
[2024-12-26T19:29:37.257+0000] {processor.py:161} INFO - Started process (PID=1325) to work on /opt/airflow/dags/dag_http_sensor.py
[2024-12-26T19:29:37.262+0000] {processor.py:830} INFO - Processing file /opt/airflow/dags/dag_http_sensor.py for tasks to queue
[2024-12-26T19:29:37.264+0000] {logging_mixin.py:188} INFO - [2024-12-26T19:29:37.263+0000] {dagbag.py:545} INFO - Filling up the DagBag from /opt/airflow/dags/dag_http_sensor.py
[2024-12-26T19:29:37.266+0000] {logging_mixin.py:188} INFO - [2024-12-26T19:29:37.265+0000] {dagbag.py:355} ERROR - Failed to import: /opt/airflow/dags/dag_http_sensor.py
Traceback (most recent call last):
  File "/home/airflow/.local/lib/python3.12/site-packages/airflow/models/dagbag.py", line 351, in parse
    loader.exec_module(new_module)
  File "<frozen importlib._bootstrap_external>", line 995, in exec_module
  File "<frozen importlib._bootstrap>", line 488, in _call_with_frames_removed
  File "/opt/airflow/dags/dag_http_sensor.py", line 2, in <module>
    from airflow.operators.sensors import HttpSensor
ModuleNotFoundError: No module named 'airflow.operators.sensors'
[2024-12-26T19:29:37.266+0000] {processor.py:842} WARNING - No viable dags retrieved from /opt/airflow/dags/dag_http_sensor.py
[2024-12-26T19:29:37.278+0000] {processor.py:183} INFO - Processing /opt/airflow/dags/dag_http_sensor.py took 0.027 seconds
[2024-12-26T19:30:07.622+0000] {processor.py:161} INFO - Started process (PID=1337) to work on /opt/airflow/dags/dag_http_sensor.py
[2024-12-26T19:30:07.628+0000] {processor.py:830} INFO - Processing file /opt/airflow/dags/dag_http_sensor.py for tasks to queue
[2024-12-26T19:30:07.630+0000] {logging_mixin.py:188} INFO - [2024-12-26T19:30:07.630+0000] {dagbag.py:545} INFO - Filling up the DagBag from /opt/airflow/dags/dag_http_sensor.py
[2024-12-26T19:30:07.633+0000] {logging_mixin.py:188} INFO - [2024-12-26T19:30:07.632+0000] {dagbag.py:355} ERROR - Failed to import: /opt/airflow/dags/dag_http_sensor.py
Traceback (most recent call last):
  File "/home/airflow/.local/lib/python3.12/site-packages/airflow/models/dagbag.py", line 351, in parse
    loader.exec_module(new_module)
  File "<frozen importlib._bootstrap_external>", line 995, in exec_module
  File "<frozen importlib._bootstrap>", line 488, in _call_with_frames_removed
  File "/opt/airflow/dags/dag_http_sensor.py", line 2, in <module>
    from airflow.operators.sensors import HttpSensor
ModuleNotFoundError: No module named 'airflow.operators.sensors'
[2024-12-26T19:30:07.634+0000] {processor.py:842} WARNING - No viable dags retrieved from /opt/airflow/dags/dag_http_sensor.py
[2024-12-26T19:30:07.646+0000] {processor.py:183} INFO - Processing /opt/airflow/dags/dag_http_sensor.py took 0.032 seconds
[2024-12-26T19:30:37.961+0000] {processor.py:161} INFO - Started process (PID=1349) to work on /opt/airflow/dags/dag_http_sensor.py
[2024-12-26T19:30:37.962+0000] {processor.py:830} INFO - Processing file /opt/airflow/dags/dag_http_sensor.py for tasks to queue
[2024-12-26T19:30:37.963+0000] {logging_mixin.py:188} INFO - [2024-12-26T19:30:37.963+0000] {dagbag.py:545} INFO - Filling up the DagBag from /opt/airflow/dags/dag_http_sensor.py
[2024-12-26T19:30:37.965+0000] {logging_mixin.py:188} INFO - [2024-12-26T19:30:37.964+0000] {dagbag.py:355} ERROR - Failed to import: /opt/airflow/dags/dag_http_sensor.py
Traceback (most recent call last):
  File "/home/airflow/.local/lib/python3.12/site-packages/airflow/models/dagbag.py", line 351, in parse
    loader.exec_module(new_module)
  File "<frozen importlib._bootstrap_external>", line 995, in exec_module
  File "<frozen importlib._bootstrap>", line 488, in _call_with_frames_removed
  File "/opt/airflow/dags/dag_http_sensor.py", line 2, in <module>
    from airflow.operators.sensors import HttpSensor
ModuleNotFoundError: No module named 'airflow.operators.sensors'
[2024-12-26T19:30:37.965+0000] {processor.py:842} WARNING - No viable dags retrieved from /opt/airflow/dags/dag_http_sensor.py
[2024-12-26T19:30:37.977+0000] {processor.py:183} INFO - Processing /opt/airflow/dags/dag_http_sensor.py took 0.021 seconds
[2024-12-26T19:30:54.058+0000] {processor.py:161} INFO - Started process (PID=1350) to work on /opt/airflow/dags/dag_http_sensor.py
[2024-12-26T19:30:54.064+0000] {processor.py:830} INFO - Processing file /opt/airflow/dags/dag_http_sensor.py for tasks to queue
[2024-12-26T19:30:54.065+0000] {logging_mixin.py:188} INFO - [2024-12-26T19:30:54.065+0000] {dagbag.py:545} INFO - Filling up the DagBag from /opt/airflow/dags/dag_http_sensor.py
[2024-12-26T19:30:54.068+0000] {logging_mixin.py:188} INFO - [2024-12-26T19:30:54.067+0000] {dagbag.py:355} ERROR - Failed to import: /opt/airflow/dags/dag_http_sensor.py
Traceback (most recent call last):
  File "/home/airflow/.local/lib/python3.12/site-packages/airflow/models/dagbag.py", line 351, in parse
    loader.exec_module(new_module)
  File "<frozen importlib._bootstrap_external>", line 995, in exec_module
  File "<frozen importlib._bootstrap>", line 488, in _call_with_frames_removed
  File "/opt/airflow/dags/dag_http_sensor.py", line 2, in <module>
    from airflow.operators.sensors import HttpSensor
ModuleNotFoundError: No module named 'airflow.operators.sensors'
[2024-12-26T19:30:54.068+0000] {processor.py:842} WARNING - No viable dags retrieved from /opt/airflow/dags/dag_http_sensor.py
[2024-12-26T19:30:54.085+0000] {processor.py:183} INFO - Processing /opt/airflow/dags/dag_http_sensor.py took 0.031 seconds
[2024-12-26T19:30:57.124+0000] {processor.py:161} INFO - Started process (PID=1358) to work on /opt/airflow/dags/dag_http_sensor.py
[2024-12-26T19:30:57.125+0000] {processor.py:830} INFO - Processing file /opt/airflow/dags/dag_http_sensor.py for tasks to queue
[2024-12-26T19:30:57.126+0000] {logging_mixin.py:188} INFO - [2024-12-26T19:30:57.126+0000] {dagbag.py:545} INFO - Filling up the DagBag from /opt/airflow/dags/dag_http_sensor.py
[2024-12-26T19:30:57.129+0000] {logging_mixin.py:188} INFO - [2024-12-26T19:30:57.128+0000] {dagbag.py:355} ERROR - Failed to import: /opt/airflow/dags/dag_http_sensor.py
Traceback (most recent call last):
  File "/home/airflow/.local/lib/python3.12/site-packages/airflow/models/dagbag.py", line 351, in parse
    loader.exec_module(new_module)
  File "<frozen importlib._bootstrap_external>", line 995, in exec_module
  File "<frozen importlib._bootstrap>", line 488, in _call_with_frames_removed
  File "/opt/airflow/dags/dag_http_sensor.py", line 2, in <module>
    from airflow.operators.sensors import HttpSensor
ModuleNotFoundError: No module named 'airflow.operators.sensors'
[2024-12-26T19:30:57.129+0000] {processor.py:842} WARNING - No viable dags retrieved from /opt/airflow/dags/dag_http_sensor.py
[2024-12-26T19:30:57.142+0000] {processor.py:183} INFO - Processing /opt/airflow/dags/dag_http_sensor.py took 0.024 seconds
[2024-12-26T19:31:19.428+0000] {processor.py:161} INFO - Started process (PID=1363) to work on /opt/airflow/dags/dag_http_sensor.py
[2024-12-26T19:31:19.428+0000] {processor.py:830} INFO - Processing file /opt/airflow/dags/dag_http_sensor.py for tasks to queue
[2024-12-26T19:31:19.430+0000] {logging_mixin.py:188} INFO - [2024-12-26T19:31:19.430+0000] {dagbag.py:545} INFO - Filling up the DagBag from /opt/airflow/dags/dag_http_sensor.py
[2024-12-26T19:31:19.432+0000] {logging_mixin.py:188} INFO - [2024-12-26T19:31:19.431+0000] {dagbag.py:355} ERROR - Failed to import: /opt/airflow/dags/dag_http_sensor.py
Traceback (most recent call last):
  File "/home/airflow/.local/lib/python3.12/site-packages/airflow/models/dagbag.py", line 351, in parse
    loader.exec_module(new_module)
  File "<frozen importlib._bootstrap_external>", line 991, in exec_module
  File "<frozen importlib._bootstrap_external>", line 1129, in get_code
  File "<frozen importlib._bootstrap_external>", line 1059, in source_to_code
  File "<frozen importlib._bootstrap>", line 488, in _call_with_frames_removed
  File "/opt/airflow/dags/dag_http_sensor.py", line 2
    from airflow.operators.sensors import 
                                          ^
SyntaxError: invalid syntax
[2024-12-26T19:31:19.433+0000] {processor.py:842} WARNING - No viable dags retrieved from /opt/airflow/dags/dag_http_sensor.py
[2024-12-26T19:31:19.444+0000] {processor.py:183} INFO - Processing /opt/airflow/dags/dag_http_sensor.py took 0.025 seconds
[2024-12-26T19:31:20.443+0000] {processor.py:161} INFO - Started process (PID=1364) to work on /opt/airflow/dags/dag_http_sensor.py
[2024-12-26T19:31:20.444+0000] {processor.py:830} INFO - Processing file /opt/airflow/dags/dag_http_sensor.py for tasks to queue
[2024-12-26T19:31:20.446+0000] {logging_mixin.py:188} INFO - [2024-12-26T19:31:20.445+0000] {dagbag.py:545} INFO - Filling up the DagBag from /opt/airflow/dags/dag_http_sensor.py
[2024-12-26T19:31:20.448+0000] {logging_mixin.py:188} INFO - [2024-12-26T19:31:20.448+0000] {dagbag.py:355} ERROR - Failed to import: /opt/airflow/dags/dag_http_sensor.py
Traceback (most recent call last):
  File "/home/airflow/.local/lib/python3.12/site-packages/airflow/models/dagbag.py", line 351, in parse
    loader.exec_module(new_module)
  File "<frozen importlib._bootstrap_external>", line 995, in exec_module
  File "<frozen importlib._bootstrap>", line 488, in _call_with_frames_removed
  File "/opt/airflow/dags/dag_http_sensor.py", line 2, in <module>
    from airflow.operators.sensors import H
ModuleNotFoundError: No module named 'airflow.operators.sensors'
[2024-12-26T19:31:20.449+0000] {processor.py:842} WARNING - No viable dags retrieved from /opt/airflow/dags/dag_http_sensor.py
[2024-12-26T19:31:20.460+0000] {processor.py:183} INFO - Processing /opt/airflow/dags/dag_http_sensor.py took 0.027 seconds
[2024-12-26T19:31:22.473+0000] {processor.py:161} INFO - Started process (PID=1365) to work on /opt/airflow/dags/dag_http_sensor.py
[2024-12-26T19:31:22.474+0000] {processor.py:830} INFO - Processing file /opt/airflow/dags/dag_http_sensor.py for tasks to queue
[2024-12-26T19:31:22.475+0000] {logging_mixin.py:188} INFO - [2024-12-26T19:31:22.475+0000] {dagbag.py:545} INFO - Filling up the DagBag from /opt/airflow/dags/dag_http_sensor.py
[2024-12-26T19:31:22.479+0000] {logging_mixin.py:188} INFO - [2024-12-26T19:31:22.478+0000] {dagbag.py:355} ERROR - Failed to import: /opt/airflow/dags/dag_http_sensor.py
Traceback (most recent call last):
  File "/home/airflow/.local/lib/python3.12/site-packages/airflow/models/dagbag.py", line 351, in parse
    loader.exec_module(new_module)
  File "<frozen importlib._bootstrap_external>", line 995, in exec_module
  File "<frozen importlib._bootstrap>", line 488, in _call_with_frames_removed
  File "/opt/airflow/dags/dag_http_sensor.py", line 2, in <module>
    from airflow.operators.sensors import Htt
ModuleNotFoundError: No module named 'airflow.operators.sensors'
[2024-12-26T19:31:22.480+0000] {processor.py:842} WARNING - No viable dags retrieved from /opt/airflow/dags/dag_http_sensor.py
[2024-12-26T19:31:22.495+0000] {processor.py:183} INFO - Processing /opt/airflow/dags/dag_http_sensor.py took 0.028 seconds
[2024-12-26T19:31:26.532+0000] {processor.py:161} INFO - Started process (PID=1367) to work on /opt/airflow/dags/dag_http_sensor.py
[2024-12-26T19:31:26.533+0000] {processor.py:830} INFO - Processing file /opt/airflow/dags/dag_http_sensor.py for tasks to queue
[2024-12-26T19:31:26.535+0000] {logging_mixin.py:188} INFO - [2024-12-26T19:31:26.534+0000] {dagbag.py:545} INFO - Filling up the DagBag from /opt/airflow/dags/dag_http_sensor.py
[2024-12-26T19:31:26.537+0000] {logging_mixin.py:188} INFO - [2024-12-26T19:31:26.536+0000] {dagbag.py:355} ERROR - Failed to import: /opt/airflow/dags/dag_http_sensor.py
Traceback (most recent call last):
  File "/home/airflow/.local/lib/python3.12/site-packages/airflow/models/dagbag.py", line 351, in parse
    loader.exec_module(new_module)
  File "<frozen importlib._bootstrap_external>", line 995, in exec_module
  File "<frozen importlib._bootstrap>", line 488, in _call_with_frames_removed
  File "/opt/airflow/dags/dag_http_sensor.py", line 2, in <module>
    from airflow.operators.sensors import HttpSensor
ModuleNotFoundError: No module named 'airflow.operators.sensors'
[2024-12-26T19:31:26.537+0000] {processor.py:842} WARNING - No viable dags retrieved from /opt/airflow/dags/dag_http_sensor.py
[2024-12-26T19:31:26.549+0000] {processor.py:183} INFO - Processing /opt/airflow/dags/dag_http_sensor.py took 0.023 seconds
[2024-12-26T19:31:56.910+0000] {processor.py:161} INFO - Started process (PID=1379) to work on /opt/airflow/dags/dag_http_sensor.py
[2024-12-26T19:31:56.910+0000] {processor.py:830} INFO - Processing file /opt/airflow/dags/dag_http_sensor.py for tasks to queue
[2024-12-26T19:31:56.911+0000] {logging_mixin.py:188} INFO - [2024-12-26T19:31:56.911+0000] {dagbag.py:545} INFO - Filling up the DagBag from /opt/airflow/dags/dag_http_sensor.py
[2024-12-26T19:31:56.913+0000] {logging_mixin.py:188} INFO - [2024-12-26T19:31:56.912+0000] {dagbag.py:355} ERROR - Failed to import: /opt/airflow/dags/dag_http_sensor.py
Traceback (most recent call last):
  File "/home/airflow/.local/lib/python3.12/site-packages/airflow/models/dagbag.py", line 351, in parse
    loader.exec_module(new_module)
  File "<frozen importlib._bootstrap_external>", line 995, in exec_module
  File "<frozen importlib._bootstrap>", line 488, in _call_with_frames_removed
  File "/opt/airflow/dags/dag_http_sensor.py", line 2, in <module>
    from airflow.operators.sensors import HttpSensor
ModuleNotFoundError: No module named 'airflow.operators.sensors'
[2024-12-26T19:31:56.913+0000] {processor.py:842} WARNING - No viable dags retrieved from /opt/airflow/dags/dag_http_sensor.py
[2024-12-26T19:31:56.927+0000] {processor.py:183} INFO - Processing /opt/airflow/dags/dag_http_sensor.py took 0.022 seconds
[2024-12-26T19:32:27.244+0000] {processor.py:161} INFO - Started process (PID=1397) to work on /opt/airflow/dags/dag_http_sensor.py
[2024-12-26T19:32:27.249+0000] {processor.py:830} INFO - Processing file /opt/airflow/dags/dag_http_sensor.py for tasks to queue
[2024-12-26T19:32:27.251+0000] {logging_mixin.py:188} INFO - [2024-12-26T19:32:27.250+0000] {dagbag.py:545} INFO - Filling up the DagBag from /opt/airflow/dags/dag_http_sensor.py
[2024-12-26T19:32:27.252+0000] {logging_mixin.py:188} INFO - [2024-12-26T19:32:27.252+0000] {dagbag.py:355} ERROR - Failed to import: /opt/airflow/dags/dag_http_sensor.py
Traceback (most recent call last):
  File "/home/airflow/.local/lib/python3.12/site-packages/airflow/models/dagbag.py", line 351, in parse
    loader.exec_module(new_module)
  File "<frozen importlib._bootstrap_external>", line 995, in exec_module
  File "<frozen importlib._bootstrap>", line 488, in _call_with_frames_removed
  File "/opt/airflow/dags/dag_http_sensor.py", line 2, in <module>
    from airflow.operators.sensors import HttpSensor
ModuleNotFoundError: No module named 'airflow.operators.sensors'
[2024-12-26T19:32:27.253+0000] {processor.py:842} WARNING - No viable dags retrieved from /opt/airflow/dags/dag_http_sensor.py
[2024-12-26T19:32:27.264+0000] {processor.py:183} INFO - Processing /opt/airflow/dags/dag_http_sensor.py took 0.024 seconds
[2024-12-26T19:32:57.633+0000] {processor.py:161} INFO - Started process (PID=1409) to work on /opt/airflow/dags/dag_http_sensor.py
[2024-12-26T19:32:57.633+0000] {processor.py:830} INFO - Processing file /opt/airflow/dags/dag_http_sensor.py for tasks to queue
[2024-12-26T19:32:57.635+0000] {logging_mixin.py:188} INFO - [2024-12-26T19:32:57.635+0000] {dagbag.py:545} INFO - Filling up the DagBag from /opt/airflow/dags/dag_http_sensor.py
[2024-12-26T19:32:57.638+0000] {logging_mixin.py:188} INFO - [2024-12-26T19:32:57.637+0000] {dagbag.py:355} ERROR - Failed to import: /opt/airflow/dags/dag_http_sensor.py
Traceback (most recent call last):
  File "/home/airflow/.local/lib/python3.12/site-packages/airflow/models/dagbag.py", line 351, in parse
    loader.exec_module(new_module)
  File "<frozen importlib._bootstrap_external>", line 995, in exec_module
  File "<frozen importlib._bootstrap>", line 488, in _call_with_frames_removed
  File "/opt/airflow/dags/dag_http_sensor.py", line 2, in <module>
    from airflow.operators.sensors import HttpSensor
ModuleNotFoundError: No module named 'airflow.operators.sensors'
[2024-12-26T19:32:57.638+0000] {processor.py:842} WARNING - No viable dags retrieved from /opt/airflow/dags/dag_http_sensor.py
[2024-12-26T19:32:57.653+0000] {processor.py:183} INFO - Processing /opt/airflow/dags/dag_http_sensor.py took 0.026 seconds
[2024-12-26T19:33:06.935+0000] {processor.py:161} INFO - Started process (PID=1414) to work on /opt/airflow/dags/dag_http_sensor.py
[2024-12-26T19:33:06.936+0000] {processor.py:830} INFO - Processing file /opt/airflow/dags/dag_http_sensor.py for tasks to queue
[2024-12-26T19:33:06.938+0000] {logging_mixin.py:188} INFO - [2024-12-26T19:33:06.937+0000] {dagbag.py:545} INFO - Filling up the DagBag from /opt/airflow/dags/dag_http_sensor.py
[2024-12-26T19:33:06.944+0000] {processor.py:840} INFO - DAG(s) 'HttpSensor_dag' retrieved from /opt/airflow/dags/dag_http_sensor.py
[2024-12-26T19:33:07.010+0000] {logging_mixin.py:188} INFO - [2024-12-26T19:33:07.010+0000] {override.py:1829} INFO - Created Permission View: can delete on DAG:HttpSensor_dag
[2024-12-26T19:33:07.017+0000] {logging_mixin.py:188} INFO - [2024-12-26T19:33:07.017+0000] {override.py:1829} INFO - Created Permission View: can read on DAG:HttpSensor_dag
[2024-12-26T19:33:07.021+0000] {logging_mixin.py:188} INFO - [2024-12-26T19:33:07.021+0000] {override.py:1829} INFO - Created Permission View: can edit on DAG:HttpSensor_dag
[2024-12-26T19:33:07.021+0000] {logging_mixin.py:188} INFO - [2024-12-26T19:33:07.021+0000] {dag.py:3096} INFO - Sync 1 DAGs
[2024-12-26T19:33:07.028+0000] {logging_mixin.py:188} INFO - [2024-12-26T19:33:07.028+0000] {dag.py:3118} INFO - Creating ORM DAG for HttpSensor_dag
[2024-12-26T19:33:07.034+0000] {logging_mixin.py:188} INFO - [2024-12-26T19:33:07.034+0000] {dag.py:3954} INFO - Setting next_dagrun for HttpSensor_dag to 2023-01-01 00:00:00+00:00, run_after=2023-01-02 00:00:00+00:00
[2024-12-26T19:33:07.043+0000] {processor.py:183} INFO - Processing /opt/airflow/dags/dag_http_sensor.py took 0.111 seconds
[2024-12-26T19:33:21.032+0000] {processor.py:161} INFO - Started process (PID=1415) to work on /opt/airflow/dags/dag_http_sensor.py
[2024-12-26T19:33:21.033+0000] {processor.py:830} INFO - Processing file /opt/airflow/dags/dag_http_sensor.py for tasks to queue
[2024-12-26T19:33:21.034+0000] {logging_mixin.py:188} INFO - [2024-12-26T19:33:21.034+0000] {dagbag.py:545} INFO - Filling up the DagBag from /opt/airflow/dags/dag_http_sensor.py
[2024-12-26T19:33:21.042+0000] {processor.py:840} INFO - DAG(s) 'HttpSensor_dag' retrieved from /opt/airflow/dags/dag_http_sensor.py
[2024-12-26T19:33:21.051+0000] {logging_mixin.py:188} INFO - [2024-12-26T19:33:21.051+0000] {dag.py:3096} INFO - Sync 1 DAGs
[2024-12-26T19:33:21.067+0000] {logging_mixin.py:188} INFO - [2024-12-26T19:33:21.066+0000] {dag.py:3954} INFO - Setting next_dagrun for HttpSensor_dag to 2023-01-01 00:00:00+00:00, run_after=2023-01-02 00:00:00+00:00
[2024-12-26T19:33:21.078+0000] {processor.py:183} INFO - Processing /opt/airflow/dags/dag_http_sensor.py took 0.053 seconds
[2024-12-26T19:33:47.376+0000] {processor.py:161} INFO - Started process (PID=1426) to work on /opt/airflow/dags/dag_http_sensor.py
[2024-12-26T19:33:47.377+0000] {processor.py:830} INFO - Processing file /opt/airflow/dags/dag_http_sensor.py for tasks to queue
[2024-12-26T19:33:47.378+0000] {logging_mixin.py:188} INFO - [2024-12-26T19:33:47.378+0000] {dagbag.py:545} INFO - Filling up the DagBag from /opt/airflow/dags/dag_http_sensor.py
[2024-12-26T19:33:47.385+0000] {processor.py:840} INFO - DAG(s) 'HttpSensor_dag' retrieved from /opt/airflow/dags/dag_http_sensor.py
[2024-12-26T19:33:47.452+0000] {logging_mixin.py:188} INFO - [2024-12-26T19:33:47.452+0000] {dag.py:3096} INFO - Sync 1 DAGs
[2024-12-26T19:33:47.466+0000] {logging_mixin.py:188} INFO - [2024-12-26T19:33:47.466+0000] {dag.py:3954} INFO - Setting next_dagrun for HttpSensor_dag to 2023-01-01 00:00:00+00:00, run_after=2023-01-02 00:00:00+00:00
[2024-12-26T19:33:47.478+0000] {processor.py:183} INFO - Processing /opt/airflow/dags/dag_http_sensor.py took 0.107 seconds
[2024-12-26T19:34:17.821+0000] {processor.py:161} INFO - Started process (PID=1440) to work on /opt/airflow/dags/dag_http_sensor.py
[2024-12-26T19:34:17.822+0000] {processor.py:830} INFO - Processing file /opt/airflow/dags/dag_http_sensor.py for tasks to queue
[2024-12-26T19:34:17.827+0000] {logging_mixin.py:188} INFO - [2024-12-26T19:34:17.827+0000] {dagbag.py:545} INFO - Filling up the DagBag from /opt/airflow/dags/dag_http_sensor.py
[2024-12-26T19:34:17.852+0000] {processor.py:840} INFO - DAG(s) 'HttpSensor_dag' retrieved from /opt/airflow/dags/dag_http_sensor.py
[2024-12-26T19:34:17.909+0000] {logging_mixin.py:188} INFO - [2024-12-26T19:34:17.908+0000] {dag.py:3096} INFO - Sync 1 DAGs
[2024-12-26T19:34:17.959+0000] {logging_mixin.py:188} INFO - [2024-12-26T19:34:17.959+0000] {dag.py:3954} INFO - Setting next_dagrun for HttpSensor_dag to 2023-01-28 00:00:00+00:00, run_after=2023-01-29 00:00:00+00:00
[2024-12-26T19:34:18.004+0000] {processor.py:183} INFO - Processing /opt/airflow/dags/dag_http_sensor.py took 0.190 seconds
[2024-12-26T19:34:48.238+0000] {processor.py:161} INFO - Started process (PID=1452) to work on /opt/airflow/dags/dag_http_sensor.py
[2024-12-26T19:34:48.244+0000] {processor.py:830} INFO - Processing file /opt/airflow/dags/dag_http_sensor.py for tasks to queue
[2024-12-26T19:34:48.246+0000] {logging_mixin.py:188} INFO - [2024-12-26T19:34:48.246+0000] {dagbag.py:545} INFO - Filling up the DagBag from /opt/airflow/dags/dag_http_sensor.py
[2024-12-26T19:34:48.256+0000] {processor.py:840} INFO - DAG(s) 'HttpSensor_dag' retrieved from /opt/airflow/dags/dag_http_sensor.py
[2024-12-26T19:34:48.273+0000] {logging_mixin.py:188} INFO - [2024-12-26T19:34:48.272+0000] {dag.py:3096} INFO - Sync 1 DAGs
[2024-12-26T19:34:48.291+0000] {logging_mixin.py:188} INFO - [2024-12-26T19:34:48.290+0000] {dag.py:3954} INFO - Setting next_dagrun for HttpSensor_dag to 2023-01-31 00:00:00+00:00, run_after=2023-02-01 00:00:00+00:00
[2024-12-26T19:34:48.305+0000] {processor.py:183} INFO - Processing /opt/airflow/dags/dag_http_sensor.py took 0.076 seconds
[2024-12-26T19:35:18.627+0000] {processor.py:161} INFO - Started process (PID=1464) to work on /opt/airflow/dags/dag_http_sensor.py
[2024-12-26T19:35:18.628+0000] {processor.py:830} INFO - Processing file /opt/airflow/dags/dag_http_sensor.py for tasks to queue
[2024-12-26T19:35:18.629+0000] {logging_mixin.py:188} INFO - [2024-12-26T19:35:18.629+0000] {dagbag.py:545} INFO - Filling up the DagBag from /opt/airflow/dags/dag_http_sensor.py
[2024-12-26T19:35:18.636+0000] {processor.py:840} INFO - DAG(s) 'HttpSensor_dag' retrieved from /opt/airflow/dags/dag_http_sensor.py
[2024-12-26T19:35:18.651+0000] {logging_mixin.py:188} INFO - [2024-12-26T19:35:18.651+0000] {dag.py:3096} INFO - Sync 1 DAGs
[2024-12-26T19:35:18.666+0000] {logging_mixin.py:188} INFO - [2024-12-26T19:35:18.666+0000] {dag.py:3954} INFO - Setting next_dagrun for HttpSensor_dag to 2023-01-31 00:00:00+00:00, run_after=2023-02-01 00:00:00+00:00
[2024-12-26T19:35:18.678+0000] {processor.py:183} INFO - Processing /opt/airflow/dags/dag_http_sensor.py took 0.057 seconds
[2024-12-26T19:35:49.033+0000] {processor.py:161} INFO - Started process (PID=1476) to work on /opt/airflow/dags/dag_http_sensor.py
[2024-12-26T19:35:49.040+0000] {processor.py:830} INFO - Processing file /opt/airflow/dags/dag_http_sensor.py for tasks to queue
[2024-12-26T19:35:49.043+0000] {logging_mixin.py:188} INFO - [2024-12-26T19:35:49.042+0000] {dagbag.py:545} INFO - Filling up the DagBag from /opt/airflow/dags/dag_http_sensor.py
[2024-12-26T19:35:49.060+0000] {processor.py:840} INFO - DAG(s) 'HttpSensor_dag' retrieved from /opt/airflow/dags/dag_http_sensor.py
[2024-12-26T19:35:49.077+0000] {logging_mixin.py:188} INFO - [2024-12-26T19:35:49.077+0000] {dag.py:3096} INFO - Sync 1 DAGs
[2024-12-26T19:35:49.095+0000] {logging_mixin.py:188} INFO - [2024-12-26T19:35:49.095+0000] {dag.py:3954} INFO - Setting next_dagrun for HttpSensor_dag to 2023-01-31 00:00:00+00:00, run_after=2023-02-01 00:00:00+00:00
[2024-12-26T19:35:49.107+0000] {processor.py:183} INFO - Processing /opt/airflow/dags/dag_http_sensor.py took 0.086 seconds
[2024-12-26T19:36:19.434+0000] {processor.py:161} INFO - Started process (PID=1488) to work on /opt/airflow/dags/dag_http_sensor.py
[2024-12-26T19:36:19.435+0000] {processor.py:830} INFO - Processing file /opt/airflow/dags/dag_http_sensor.py for tasks to queue
[2024-12-26T19:36:19.437+0000] {logging_mixin.py:188} INFO - [2024-12-26T19:36:19.437+0000] {dagbag.py:545} INFO - Filling up the DagBag from /opt/airflow/dags/dag_http_sensor.py
[2024-12-26T19:36:19.445+0000] {processor.py:840} INFO - DAG(s) 'HttpSensor_dag' retrieved from /opt/airflow/dags/dag_http_sensor.py
[2024-12-26T19:36:19.458+0000] {logging_mixin.py:188} INFO - [2024-12-26T19:36:19.458+0000] {dag.py:3096} INFO - Sync 1 DAGs
[2024-12-26T19:36:19.473+0000] {logging_mixin.py:188} INFO - [2024-12-26T19:36:19.473+0000] {dag.py:3954} INFO - Setting next_dagrun for HttpSensor_dag to 2023-01-31 00:00:00+00:00, run_after=2023-02-01 00:00:00+00:00
[2024-12-26T19:36:19.483+0000] {processor.py:183} INFO - Processing /opt/airflow/dags/dag_http_sensor.py took 0.056 seconds
[2024-12-26T19:36:49.881+0000] {processor.py:161} INFO - Started process (PID=1500) to work on /opt/airflow/dags/dag_http_sensor.py
[2024-12-26T19:36:49.888+0000] {processor.py:830} INFO - Processing file /opt/airflow/dags/dag_http_sensor.py for tasks to queue
[2024-12-26T19:36:49.894+0000] {logging_mixin.py:188} INFO - [2024-12-26T19:36:49.893+0000] {dagbag.py:545} INFO - Filling up the DagBag from /opt/airflow/dags/dag_http_sensor.py
[2024-12-26T19:36:49.914+0000] {processor.py:840} INFO - DAG(s) 'HttpSensor_dag' retrieved from /opt/airflow/dags/dag_http_sensor.py
[2024-12-26T19:36:49.939+0000] {logging_mixin.py:188} INFO - [2024-12-26T19:36:49.939+0000] {dag.py:3096} INFO - Sync 1 DAGs
[2024-12-26T19:36:49.958+0000] {logging_mixin.py:188} INFO - [2024-12-26T19:36:49.958+0000] {dag.py:3954} INFO - Setting next_dagrun for HttpSensor_dag to 2023-01-31 00:00:00+00:00, run_after=2023-02-01 00:00:00+00:00
[2024-12-26T19:36:49.972+0000] {processor.py:183} INFO - Processing /opt/airflow/dags/dag_http_sensor.py took 0.106 seconds
[2024-12-26T19:37:20.355+0000] {processor.py:161} INFO - Started process (PID=1512) to work on /opt/airflow/dags/dag_http_sensor.py
[2024-12-26T19:37:20.356+0000] {processor.py:830} INFO - Processing file /opt/airflow/dags/dag_http_sensor.py for tasks to queue
[2024-12-26T19:37:20.358+0000] {logging_mixin.py:188} INFO - [2024-12-26T19:37:20.357+0000] {dagbag.py:545} INFO - Filling up the DagBag from /opt/airflow/dags/dag_http_sensor.py
[2024-12-26T19:37:20.365+0000] {processor.py:840} INFO - DAG(s) 'HttpSensor_dag' retrieved from /opt/airflow/dags/dag_http_sensor.py
[2024-12-26T19:37:20.430+0000] {logging_mixin.py:188} INFO - [2024-12-26T19:37:20.430+0000] {dag.py:3096} INFO - Sync 1 DAGs
[2024-12-26T19:37:20.437+0000] {logging_mixin.py:188} INFO - [2024-12-26T19:37:20.437+0000] {dag.py:3118} INFO - Creating ORM DAG for HttpSensor_dag
[2024-12-26T19:37:20.444+0000] {logging_mixin.py:188} INFO - [2024-12-26T19:37:20.444+0000] {dag.py:3954} INFO - Setting next_dagrun for HttpSensor_dag to 2023-01-01 00:00:00+00:00, run_after=2023-01-02 00:00:00+00:00
[2024-12-26T19:37:20.456+0000] {processor.py:183} INFO - Processing /opt/airflow/dags/dag_http_sensor.py took 0.108 seconds
[2024-12-26T19:37:50.643+0000] {processor.py:161} INFO - Started process (PID=1524) to work on /opt/airflow/dags/dag_http_sensor.py
[2024-12-26T19:37:50.649+0000] {processor.py:830} INFO - Processing file /opt/airflow/dags/dag_http_sensor.py for tasks to queue
[2024-12-26T19:37:50.652+0000] {logging_mixin.py:188} INFO - [2024-12-26T19:37:50.651+0000] {dagbag.py:545} INFO - Filling up the DagBag from /opt/airflow/dags/dag_http_sensor.py
[2024-12-26T19:37:50.661+0000] {processor.py:840} INFO - DAG(s) 'HttpSensor_dag' retrieved from /opt/airflow/dags/dag_http_sensor.py
[2024-12-26T19:37:50.676+0000] {logging_mixin.py:188} INFO - [2024-12-26T19:37:50.675+0000] {dag.py:3096} INFO - Sync 1 DAGs
[2024-12-26T19:37:50.690+0000] {logging_mixin.py:188} INFO - [2024-12-26T19:37:50.690+0000] {dag.py:3954} INFO - Setting next_dagrun for HttpSensor_dag to 2023-01-01 00:00:00+00:00, run_after=2023-01-02 00:00:00+00:00
[2024-12-26T19:37:50.701+0000] {processor.py:183} INFO - Processing /opt/airflow/dags/dag_http_sensor.py took 0.065 seconds
[2024-12-26T19:38:20.952+0000] {processor.py:161} INFO - Started process (PID=1536) to work on /opt/airflow/dags/dag_http_sensor.py
[2024-12-26T19:38:20.953+0000] {processor.py:830} INFO - Processing file /opt/airflow/dags/dag_http_sensor.py for tasks to queue
[2024-12-26T19:38:20.954+0000] {logging_mixin.py:188} INFO - [2024-12-26T19:38:20.954+0000] {dagbag.py:545} INFO - Filling up the DagBag from /opt/airflow/dags/dag_http_sensor.py
[2024-12-26T19:38:20.962+0000] {processor.py:840} INFO - DAG(s) 'HttpSensor_dag' retrieved from /opt/airflow/dags/dag_http_sensor.py
[2024-12-26T19:38:20.983+0000] {logging_mixin.py:188} INFO - [2024-12-26T19:38:20.982+0000] {dag.py:3096} INFO - Sync 1 DAGs
[2024-12-26T19:38:21.004+0000] {logging_mixin.py:188} INFO - [2024-12-26T19:38:21.004+0000] {dag.py:3954} INFO - Setting next_dagrun for HttpSensor_dag to 2023-01-01 00:00:00+00:00, run_after=2023-01-02 00:00:00+00:00
[2024-12-26T19:38:21.020+0000] {processor.py:183} INFO - Processing /opt/airflow/dags/dag_http_sensor.py took 0.073 seconds
[2024-12-26T19:38:51.284+0000] {processor.py:161} INFO - Started process (PID=1548) to work on /opt/airflow/dags/dag_http_sensor.py
[2024-12-26T19:38:51.290+0000] {processor.py:830} INFO - Processing file /opt/airflow/dags/dag_http_sensor.py for tasks to queue
[2024-12-26T19:38:51.291+0000] {logging_mixin.py:188} INFO - [2024-12-26T19:38:51.291+0000] {dagbag.py:545} INFO - Filling up the DagBag from /opt/airflow/dags/dag_http_sensor.py
[2024-12-26T19:38:51.299+0000] {processor.py:840} INFO - DAG(s) 'HttpSensor_dag' retrieved from /opt/airflow/dags/dag_http_sensor.py
[2024-12-26T19:38:51.314+0000] {logging_mixin.py:188} INFO - [2024-12-26T19:38:51.314+0000] {dag.py:3096} INFO - Sync 1 DAGs
[2024-12-26T19:38:51.329+0000] {logging_mixin.py:188} INFO - [2024-12-26T19:38:51.329+0000] {dag.py:3954} INFO - Setting next_dagrun for HttpSensor_dag to 2023-01-01 00:00:00+00:00, run_after=2023-01-02 00:00:00+00:00
[2024-12-26T19:38:51.340+0000] {processor.py:183} INFO - Processing /opt/airflow/dags/dag_http_sensor.py took 0.065 seconds
[2024-12-26T19:39:21.606+0000] {processor.py:161} INFO - Started process (PID=1560) to work on /opt/airflow/dags/dag_http_sensor.py
[2024-12-26T19:39:21.612+0000] {processor.py:830} INFO - Processing file /opt/airflow/dags/dag_http_sensor.py for tasks to queue
[2024-12-26T19:39:21.614+0000] {logging_mixin.py:188} INFO - [2024-12-26T19:39:21.613+0000] {dagbag.py:545} INFO - Filling up the DagBag from /opt/airflow/dags/dag_http_sensor.py
[2024-12-26T19:39:21.624+0000] {processor.py:840} INFO - DAG(s) 'HttpSensor_dag' retrieved from /opt/airflow/dags/dag_http_sensor.py
[2024-12-26T19:39:21.642+0000] {logging_mixin.py:188} INFO - [2024-12-26T19:39:21.642+0000] {dag.py:3096} INFO - Sync 1 DAGs
[2024-12-26T19:39:21.660+0000] {logging_mixin.py:188} INFO - [2024-12-26T19:39:21.660+0000] {dag.py:3954} INFO - Setting next_dagrun for HttpSensor_dag to 2023-01-01 00:00:00+00:00, run_after=2023-01-02 00:00:00+00:00
[2024-12-26T19:39:21.671+0000] {processor.py:183} INFO - Processing /opt/airflow/dags/dag_http_sensor.py took 0.073 seconds
[2024-12-26T19:39:51.905+0000] {processor.py:161} INFO - Started process (PID=1572) to work on /opt/airflow/dags/dag_http_sensor.py
[2024-12-26T19:39:51.911+0000] {processor.py:830} INFO - Processing file /opt/airflow/dags/dag_http_sensor.py for tasks to queue
[2024-12-26T19:39:51.912+0000] {logging_mixin.py:188} INFO - [2024-12-26T19:39:51.912+0000] {dagbag.py:545} INFO - Filling up the DagBag from /opt/airflow/dags/dag_http_sensor.py
[2024-12-26T19:39:51.922+0000] {processor.py:840} INFO - DAG(s) 'HttpSensor_dag' retrieved from /opt/airflow/dags/dag_http_sensor.py
[2024-12-26T19:39:51.958+0000] {logging_mixin.py:188} INFO - [2024-12-26T19:39:51.957+0000] {dag.py:3096} INFO - Sync 1 DAGs
[2024-12-26T19:39:51.983+0000] {logging_mixin.py:188} INFO - [2024-12-26T19:39:51.983+0000] {dag.py:3954} INFO - Setting next_dagrun for HttpSensor_dag to 2023-01-01 00:00:00+00:00, run_after=2023-01-02 00:00:00+00:00
[2024-12-26T19:39:52.001+0000] {processor.py:183} INFO - Processing /opt/airflow/dags/dag_http_sensor.py took 0.101 seconds
[2024-12-26T19:40:22.248+0000] {processor.py:161} INFO - Started process (PID=1584) to work on /opt/airflow/dags/dag_http_sensor.py
[2024-12-26T19:40:22.254+0000] {processor.py:830} INFO - Processing file /opt/airflow/dags/dag_http_sensor.py for tasks to queue
[2024-12-26T19:40:22.257+0000] {logging_mixin.py:188} INFO - [2024-12-26T19:40:22.257+0000] {dagbag.py:545} INFO - Filling up the DagBag from /opt/airflow/dags/dag_http_sensor.py
[2024-12-26T19:40:22.265+0000] {processor.py:840} INFO - DAG(s) 'HttpSensor_dag' retrieved from /opt/airflow/dags/dag_http_sensor.py
[2024-12-26T19:40:22.279+0000] {logging_mixin.py:188} INFO - [2024-12-26T19:40:22.279+0000] {dag.py:3096} INFO - Sync 1 DAGs
[2024-12-26T19:40:22.295+0000] {logging_mixin.py:188} INFO - [2024-12-26T19:40:22.295+0000] {dag.py:3954} INFO - Setting next_dagrun for HttpSensor_dag to 2023-01-01 00:00:00+00:00, run_after=2023-01-02 00:00:00+00:00
[2024-12-26T19:40:22.306+0000] {processor.py:183} INFO - Processing /opt/airflow/dags/dag_http_sensor.py took 0.064 seconds
[2024-12-26T19:40:52.557+0000] {processor.py:161} INFO - Started process (PID=1596) to work on /opt/airflow/dags/dag_http_sensor.py
[2024-12-26T19:40:52.562+0000] {processor.py:830} INFO - Processing file /opt/airflow/dags/dag_http_sensor.py for tasks to queue
[2024-12-26T19:40:52.563+0000] {logging_mixin.py:188} INFO - [2024-12-26T19:40:52.563+0000] {dagbag.py:545} INFO - Filling up the DagBag from /opt/airflow/dags/dag_http_sensor.py
[2024-12-26T19:40:52.569+0000] {processor.py:840} INFO - DAG(s) 'HttpSensor_dag' retrieved from /opt/airflow/dags/dag_http_sensor.py
[2024-12-26T19:40:52.583+0000] {logging_mixin.py:188} INFO - [2024-12-26T19:40:52.583+0000] {dag.py:3096} INFO - Sync 1 DAGs
[2024-12-26T19:40:52.599+0000] {logging_mixin.py:188} INFO - [2024-12-26T19:40:52.599+0000] {dag.py:3954} INFO - Setting next_dagrun for HttpSensor_dag to 2023-01-01 00:00:00+00:00, run_after=2023-01-02 00:00:00+00:00
[2024-12-26T19:40:52.611+0000] {processor.py:183} INFO - Processing /opt/airflow/dags/dag_http_sensor.py took 0.059 seconds
[2024-12-26T19:41:22.861+0000] {processor.py:161} INFO - Started process (PID=1608) to work on /opt/airflow/dags/dag_http_sensor.py
[2024-12-26T19:41:22.866+0000] {processor.py:830} INFO - Processing file /opt/airflow/dags/dag_http_sensor.py for tasks to queue
[2024-12-26T19:41:22.868+0000] {logging_mixin.py:188} INFO - [2024-12-26T19:41:22.867+0000] {dagbag.py:545} INFO - Filling up the DagBag from /opt/airflow/dags/dag_http_sensor.py
[2024-12-26T19:41:22.875+0000] {processor.py:840} INFO - DAG(s) 'HttpSensor_dag' retrieved from /opt/airflow/dags/dag_http_sensor.py
[2024-12-26T19:41:22.889+0000] {logging_mixin.py:188} INFO - [2024-12-26T19:41:22.888+0000] {dag.py:3096} INFO - Sync 1 DAGs
[2024-12-26T19:41:22.904+0000] {logging_mixin.py:188} INFO - [2024-12-26T19:41:22.904+0000] {dag.py:3954} INFO - Setting next_dagrun for HttpSensor_dag to 2023-01-01 00:00:00+00:00, run_after=2023-01-02 00:00:00+00:00
[2024-12-26T19:41:22.916+0000] {processor.py:183} INFO - Processing /opt/airflow/dags/dag_http_sensor.py took 0.063 seconds
[2024-12-26T19:41:53.181+0000] {processor.py:161} INFO - Started process (PID=1620) to work on /opt/airflow/dags/dag_http_sensor.py
[2024-12-26T19:41:53.183+0000] {processor.py:830} INFO - Processing file /opt/airflow/dags/dag_http_sensor.py for tasks to queue
[2024-12-26T19:41:53.186+0000] {logging_mixin.py:188} INFO - [2024-12-26T19:41:53.186+0000] {dagbag.py:545} INFO - Filling up the DagBag from /opt/airflow/dags/dag_http_sensor.py
[2024-12-26T19:41:53.203+0000] {processor.py:840} INFO - DAG(s) 'HttpSensor_dag' retrieved from /opt/airflow/dags/dag_http_sensor.py
[2024-12-26T19:41:53.227+0000] {logging_mixin.py:188} INFO - [2024-12-26T19:41:53.226+0000] {dag.py:3096} INFO - Sync 1 DAGs
[2024-12-26T19:41:53.246+0000] {logging_mixin.py:188} INFO - [2024-12-26T19:41:53.246+0000] {dag.py:3954} INFO - Setting next_dagrun for HttpSensor_dag to 2023-01-01 00:00:00+00:00, run_after=2023-01-02 00:00:00+00:00
[2024-12-26T19:41:53.257+0000] {processor.py:183} INFO - Processing /opt/airflow/dags/dag_http_sensor.py took 0.092 seconds
[2024-12-26T19:42:23.514+0000] {processor.py:161} INFO - Started process (PID=1632) to work on /opt/airflow/dags/dag_http_sensor.py
[2024-12-26T19:42:23.521+0000] {processor.py:830} INFO - Processing file /opt/airflow/dags/dag_http_sensor.py for tasks to queue
[2024-12-26T19:42:23.522+0000] {logging_mixin.py:188} INFO - [2024-12-26T19:42:23.522+0000] {dagbag.py:545} INFO - Filling up the DagBag from /opt/airflow/dags/dag_http_sensor.py
[2024-12-26T19:42:23.530+0000] {processor.py:840} INFO - DAG(s) 'HttpSensor_dag' retrieved from /opt/airflow/dags/dag_http_sensor.py
[2024-12-26T19:42:23.545+0000] {logging_mixin.py:188} INFO - [2024-12-26T19:42:23.545+0000] {dag.py:3096} INFO - Sync 1 DAGs
[2024-12-26T19:42:23.560+0000] {logging_mixin.py:188} INFO - [2024-12-26T19:42:23.559+0000] {dag.py:3954} INFO - Setting next_dagrun for HttpSensor_dag to 2023-01-01 00:00:00+00:00, run_after=2023-01-02 00:00:00+00:00
[2024-12-26T19:42:23.571+0000] {processor.py:183} INFO - Processing /opt/airflow/dags/dag_http_sensor.py took 0.067 seconds
[2024-12-26T19:42:53.815+0000] {processor.py:161} INFO - Started process (PID=1643) to work on /opt/airflow/dags/dag_http_sensor.py
[2024-12-26T19:42:53.821+0000] {processor.py:830} INFO - Processing file /opt/airflow/dags/dag_http_sensor.py for tasks to queue
[2024-12-26T19:42:53.824+0000] {logging_mixin.py:188} INFO - [2024-12-26T19:42:53.823+0000] {dagbag.py:545} INFO - Filling up the DagBag from /opt/airflow/dags/dag_http_sensor.py
[2024-12-26T19:42:53.833+0000] {processor.py:840} INFO - DAG(s) 'HttpSensor_dag' retrieved from /opt/airflow/dags/dag_http_sensor.py
[2024-12-26T19:42:53.847+0000] {logging_mixin.py:188} INFO - [2024-12-26T19:42:53.847+0000] {dag.py:3096} INFO - Sync 1 DAGs
[2024-12-26T19:42:53.864+0000] {logging_mixin.py:188} INFO - [2024-12-26T19:42:53.864+0000] {dag.py:3954} INFO - Setting next_dagrun for HttpSensor_dag to 2023-01-01 00:00:00+00:00, run_after=2023-01-02 00:00:00+00:00
[2024-12-26T19:42:53.881+0000] {processor.py:183} INFO - Processing /opt/airflow/dags/dag_http_sensor.py took 0.076 seconds
[2024-12-26T19:43:24.173+0000] {processor.py:161} INFO - Started process (PID=1655) to work on /opt/airflow/dags/dag_http_sensor.py
[2024-12-26T19:43:24.179+0000] {processor.py:830} INFO - Processing file /opt/airflow/dags/dag_http_sensor.py for tasks to queue
[2024-12-26T19:43:24.181+0000] {logging_mixin.py:188} INFO - [2024-12-26T19:43:24.181+0000] {dagbag.py:545} INFO - Filling up the DagBag from /opt/airflow/dags/dag_http_sensor.py
[2024-12-26T19:43:24.188+0000] {processor.py:840} INFO - DAG(s) 'HttpSensor_dag' retrieved from /opt/airflow/dags/dag_http_sensor.py
[2024-12-26T19:43:24.204+0000] {logging_mixin.py:188} INFO - [2024-12-26T19:43:24.203+0000] {dag.py:3096} INFO - Sync 1 DAGs
[2024-12-26T19:43:24.221+0000] {logging_mixin.py:188} INFO - [2024-12-26T19:43:24.220+0000] {dag.py:3954} INFO - Setting next_dagrun for HttpSensor_dag to 2023-01-01 00:00:00+00:00, run_after=2023-01-02 00:00:00+00:00
[2024-12-26T19:43:24.232+0000] {processor.py:183} INFO - Processing /opt/airflow/dags/dag_http_sensor.py took 0.065 seconds
[2024-12-26T19:43:54.511+0000] {processor.py:161} INFO - Started process (PID=1667) to work on /opt/airflow/dags/dag_http_sensor.py
[2024-12-26T19:43:54.516+0000] {processor.py:830} INFO - Processing file /opt/airflow/dags/dag_http_sensor.py for tasks to queue
[2024-12-26T19:43:54.519+0000] {logging_mixin.py:188} INFO - [2024-12-26T19:43:54.518+0000] {dagbag.py:545} INFO - Filling up the DagBag from /opt/airflow/dags/dag_http_sensor.py
[2024-12-26T19:43:54.528+0000] {processor.py:840} INFO - DAG(s) 'HttpSensor_dag' retrieved from /opt/airflow/dags/dag_http_sensor.py
[2024-12-26T19:43:54.542+0000] {logging_mixin.py:188} INFO - [2024-12-26T19:43:54.542+0000] {dag.py:3096} INFO - Sync 1 DAGs
[2024-12-26T19:43:54.556+0000] {logging_mixin.py:188} INFO - [2024-12-26T19:43:54.556+0000] {dag.py:3954} INFO - Setting next_dagrun for HttpSensor_dag to 2023-01-01 00:00:00+00:00, run_after=2023-01-02 00:00:00+00:00
[2024-12-26T19:43:54.568+0000] {processor.py:183} INFO - Processing /opt/airflow/dags/dag_http_sensor.py took 0.061 seconds
[2024-12-26T19:44:24.801+0000] {processor.py:161} INFO - Started process (PID=1679) to work on /opt/airflow/dags/dag_http_sensor.py
[2024-12-26T19:44:24.807+0000] {processor.py:830} INFO - Processing file /opt/airflow/dags/dag_http_sensor.py for tasks to queue
[2024-12-26T19:44:24.809+0000] {logging_mixin.py:188} INFO - [2024-12-26T19:44:24.809+0000] {dagbag.py:545} INFO - Filling up the DagBag from /opt/airflow/dags/dag_http_sensor.py
[2024-12-26T19:44:24.817+0000] {processor.py:840} INFO - DAG(s) 'HttpSensor_dag' retrieved from /opt/airflow/dags/dag_http_sensor.py
[2024-12-26T19:44:24.831+0000] {logging_mixin.py:188} INFO - [2024-12-26T19:44:24.831+0000] {dag.py:3096} INFO - Sync 1 DAGs
[2024-12-26T19:44:24.845+0000] {logging_mixin.py:188} INFO - [2024-12-26T19:44:24.845+0000] {dag.py:3954} INFO - Setting next_dagrun for HttpSensor_dag to 2023-01-01 00:00:00+00:00, run_after=2023-01-02 00:00:00+00:00
[2024-12-26T19:44:24.856+0000] {processor.py:183} INFO - Processing /opt/airflow/dags/dag_http_sensor.py took 0.066 seconds
[2024-12-26T19:44:55.102+0000] {processor.py:161} INFO - Started process (PID=1691) to work on /opt/airflow/dags/dag_http_sensor.py
[2024-12-26T19:44:55.109+0000] {processor.py:830} INFO - Processing file /opt/airflow/dags/dag_http_sensor.py for tasks to queue
[2024-12-26T19:44:55.111+0000] {logging_mixin.py:188} INFO - [2024-12-26T19:44:55.110+0000] {dagbag.py:545} INFO - Filling up the DagBag from /opt/airflow/dags/dag_http_sensor.py
[2024-12-26T19:44:55.120+0000] {processor.py:840} INFO - DAG(s) 'HttpSensor_dag' retrieved from /opt/airflow/dags/dag_http_sensor.py
[2024-12-26T19:44:55.133+0000] {logging_mixin.py:188} INFO - [2024-12-26T19:44:55.133+0000] {dag.py:3096} INFO - Sync 1 DAGs
[2024-12-26T19:44:55.147+0000] {logging_mixin.py:188} INFO - [2024-12-26T19:44:55.147+0000] {dag.py:3954} INFO - Setting next_dagrun for HttpSensor_dag to 2023-01-01 00:00:00+00:00, run_after=2023-01-02 00:00:00+00:00
[2024-12-26T19:44:55.159+0000] {processor.py:183} INFO - Processing /opt/airflow/dags/dag_http_sensor.py took 0.066 seconds
[2024-12-26T19:45:25.401+0000] {processor.py:161} INFO - Started process (PID=1704) to work on /opt/airflow/dags/dag_http_sensor.py
[2024-12-26T19:45:25.406+0000] {processor.py:830} INFO - Processing file /opt/airflow/dags/dag_http_sensor.py for tasks to queue
[2024-12-26T19:45:25.409+0000] {logging_mixin.py:188} INFO - [2024-12-26T19:45:25.408+0000] {dagbag.py:545} INFO - Filling up the DagBag from /opt/airflow/dags/dag_http_sensor.py
[2024-12-26T19:45:25.417+0000] {processor.py:840} INFO - DAG(s) 'HttpSensor_dag' retrieved from /opt/airflow/dags/dag_http_sensor.py
[2024-12-26T19:45:25.432+0000] {logging_mixin.py:188} INFO - [2024-12-26T19:45:25.432+0000] {dag.py:3096} INFO - Sync 1 DAGs
[2024-12-26T19:45:25.447+0000] {logging_mixin.py:188} INFO - [2024-12-26T19:45:25.447+0000] {dag.py:3954} INFO - Setting next_dagrun for HttpSensor_dag to 2023-01-01 00:00:00+00:00, run_after=2023-01-02 00:00:00+00:00
[2024-12-26T19:45:25.459+0000] {processor.py:183} INFO - Processing /opt/airflow/dags/dag_http_sensor.py took 0.063 seconds
[2024-12-26T19:45:55.732+0000] {processor.py:161} INFO - Started process (PID=1717) to work on /opt/airflow/dags/dag_http_sensor.py
[2024-12-26T19:45:55.738+0000] {processor.py:830} INFO - Processing file /opt/airflow/dags/dag_http_sensor.py for tasks to queue
[2024-12-26T19:45:55.740+0000] {logging_mixin.py:188} INFO - [2024-12-26T19:45:55.739+0000] {dagbag.py:545} INFO - Filling up the DagBag from /opt/airflow/dags/dag_http_sensor.py
[2024-12-26T19:45:55.748+0000] {processor.py:840} INFO - DAG(s) 'HttpSensor_dag' retrieved from /opt/airflow/dags/dag_http_sensor.py
[2024-12-26T19:45:55.761+0000] {logging_mixin.py:188} INFO - [2024-12-26T19:45:55.761+0000] {dag.py:3096} INFO - Sync 1 DAGs
[2024-12-26T19:45:55.775+0000] {logging_mixin.py:188} INFO - [2024-12-26T19:45:55.775+0000] {dag.py:3954} INFO - Setting next_dagrun for HttpSensor_dag to 2023-01-01 00:00:00+00:00, run_after=2023-01-02 00:00:00+00:00
[2024-12-26T19:45:55.786+0000] {processor.py:183} INFO - Processing /opt/airflow/dags/dag_http_sensor.py took 0.064 seconds
[2024-12-26T19:46:26.159+0000] {processor.py:161} INFO - Started process (PID=1731) to work on /opt/airflow/dags/dag_http_sensor.py
[2024-12-26T19:46:26.165+0000] {processor.py:830} INFO - Processing file /opt/airflow/dags/dag_http_sensor.py for tasks to queue
[2024-12-26T19:46:26.168+0000] {logging_mixin.py:188} INFO - [2024-12-26T19:46:26.168+0000] {dagbag.py:545} INFO - Filling up the DagBag from /opt/airflow/dags/dag_http_sensor.py
[2024-12-26T19:46:26.177+0000] {processor.py:840} INFO - DAG(s) 'HttpSensor_dag' retrieved from /opt/airflow/dags/dag_http_sensor.py
[2024-12-26T19:46:26.191+0000] {logging_mixin.py:188} INFO - [2024-12-26T19:46:26.191+0000] {dag.py:3096} INFO - Sync 1 DAGs
[2024-12-26T19:46:26.206+0000] {logging_mixin.py:188} INFO - [2024-12-26T19:46:26.206+0000] {dag.py:3954} INFO - Setting next_dagrun for HttpSensor_dag to 2023-01-01 00:00:00+00:00, run_after=2023-01-02 00:00:00+00:00
[2024-12-26T19:46:26.217+0000] {processor.py:183} INFO - Processing /opt/airflow/dags/dag_http_sensor.py took 0.069 seconds
[2024-12-26T19:46:56.487+0000] {processor.py:161} INFO - Started process (PID=1744) to work on /opt/airflow/dags/dag_http_sensor.py
[2024-12-26T19:46:56.494+0000] {processor.py:830} INFO - Processing file /opt/airflow/dags/dag_http_sensor.py for tasks to queue
[2024-12-26T19:46:56.495+0000] {logging_mixin.py:188} INFO - [2024-12-26T19:46:56.495+0000] {dagbag.py:545} INFO - Filling up the DagBag from /opt/airflow/dags/dag_http_sensor.py
[2024-12-26T19:46:56.502+0000] {processor.py:840} INFO - DAG(s) 'HttpSensor_dag' retrieved from /opt/airflow/dags/dag_http_sensor.py
[2024-12-26T19:46:56.520+0000] {logging_mixin.py:188} INFO - [2024-12-26T19:46:56.520+0000] {dag.py:3096} INFO - Sync 1 DAGs
[2024-12-26T19:46:56.538+0000] {logging_mixin.py:188} INFO - [2024-12-26T19:46:56.538+0000] {dag.py:3954} INFO - Setting next_dagrun for HttpSensor_dag to 2023-01-01 00:00:00+00:00, run_after=2023-01-02 00:00:00+00:00
[2024-12-26T19:46:56.553+0000] {processor.py:183} INFO - Processing /opt/airflow/dags/dag_http_sensor.py took 0.070 seconds
[2024-12-26T19:47:26.852+0000] {processor.py:161} INFO - Started process (PID=1761) to work on /opt/airflow/dags/dag_http_sensor.py
[2024-12-26T19:47:26.860+0000] {processor.py:830} INFO - Processing file /opt/airflow/dags/dag_http_sensor.py for tasks to queue
[2024-12-26T19:47:26.862+0000] {logging_mixin.py:188} INFO - [2024-12-26T19:47:26.862+0000] {dagbag.py:545} INFO - Filling up the DagBag from /opt/airflow/dags/dag_http_sensor.py
[2024-12-26T19:47:26.877+0000] {processor.py:840} INFO - DAG(s) 'HttpSensor_dag' retrieved from /opt/airflow/dags/dag_http_sensor.py
[2024-12-26T19:47:26.903+0000] {logging_mixin.py:188} INFO - [2024-12-26T19:47:26.903+0000] {dag.py:3096} INFO - Sync 1 DAGs
[2024-12-26T19:47:26.935+0000] {logging_mixin.py:188} INFO - [2024-12-26T19:47:26.934+0000] {dag.py:3954} INFO - Setting next_dagrun for HttpSensor_dag to 2023-01-01 00:00:00+00:00, run_after=2023-01-02 00:00:00+00:00
[2024-12-26T19:47:26.955+0000] {processor.py:183} INFO - Processing /opt/airflow/dags/dag_http_sensor.py took 0.107 seconds
[2024-12-26T19:47:57.324+0000] {processor.py:161} INFO - Started process (PID=1775) to work on /opt/airflow/dags/dag_http_sensor.py
[2024-12-26T19:47:57.330+0000] {processor.py:830} INFO - Processing file /opt/airflow/dags/dag_http_sensor.py for tasks to queue
[2024-12-26T19:47:57.331+0000] {logging_mixin.py:188} INFO - [2024-12-26T19:47:57.331+0000] {dagbag.py:545} INFO - Filling up the DagBag from /opt/airflow/dags/dag_http_sensor.py
[2024-12-26T19:47:57.338+0000] {processor.py:840} INFO - DAG(s) 'HttpSensor_dag' retrieved from /opt/airflow/dags/dag_http_sensor.py
[2024-12-26T19:47:57.352+0000] {logging_mixin.py:188} INFO - [2024-12-26T19:47:57.352+0000] {dag.py:3096} INFO - Sync 1 DAGs
[2024-12-26T19:47:57.367+0000] {logging_mixin.py:188} INFO - [2024-12-26T19:47:57.367+0000] {dag.py:3954} INFO - Setting next_dagrun for HttpSensor_dag to 2023-01-01 00:00:00+00:00, run_after=2023-01-02 00:00:00+00:00
[2024-12-26T19:47:57.382+0000] {processor.py:183} INFO - Processing /opt/airflow/dags/dag_http_sensor.py took 0.061 seconds
[2024-12-26T19:48:27.710+0000] {processor.py:161} INFO - Started process (PID=1788) to work on /opt/airflow/dags/dag_http_sensor.py
[2024-12-26T19:48:27.714+0000] {processor.py:830} INFO - Processing file /opt/airflow/dags/dag_http_sensor.py for tasks to queue
[2024-12-26T19:48:27.716+0000] {logging_mixin.py:188} INFO - [2024-12-26T19:48:27.715+0000] {dagbag.py:545} INFO - Filling up the DagBag from /opt/airflow/dags/dag_http_sensor.py
[2024-12-26T19:48:27.724+0000] {processor.py:840} INFO - DAG(s) 'HttpSensor_dag' retrieved from /opt/airflow/dags/dag_http_sensor.py
[2024-12-26T19:48:27.741+0000] {logging_mixin.py:188} INFO - [2024-12-26T19:48:27.741+0000] {dag.py:3096} INFO - Sync 1 DAGs
[2024-12-26T19:48:27.757+0000] {logging_mixin.py:188} INFO - [2024-12-26T19:48:27.757+0000] {dag.py:3954} INFO - Setting next_dagrun for HttpSensor_dag to 2023-01-01 00:00:00+00:00, run_after=2023-01-02 00:00:00+00:00
[2024-12-26T19:48:27.770+0000] {processor.py:183} INFO - Processing /opt/airflow/dags/dag_http_sensor.py took 0.068 seconds
[2024-12-26T19:48:58.062+0000] {processor.py:161} INFO - Started process (PID=1801) to work on /opt/airflow/dags/dag_http_sensor.py
[2024-12-26T19:48:58.063+0000] {processor.py:830} INFO - Processing file /opt/airflow/dags/dag_http_sensor.py for tasks to queue
[2024-12-26T19:48:58.065+0000] {logging_mixin.py:188} INFO - [2024-12-26T19:48:58.065+0000] {dagbag.py:545} INFO - Filling up the DagBag from /opt/airflow/dags/dag_http_sensor.py
[2024-12-26T19:48:58.073+0000] {processor.py:840} INFO - DAG(s) 'HttpSensor_dag' retrieved from /opt/airflow/dags/dag_http_sensor.py
[2024-12-26T19:48:58.091+0000] {logging_mixin.py:188} INFO - [2024-12-26T19:48:58.091+0000] {dag.py:3096} INFO - Sync 1 DAGs
[2024-12-26T19:48:58.111+0000] {logging_mixin.py:188} INFO - [2024-12-26T19:48:58.111+0000] {dag.py:3954} INFO - Setting next_dagrun for HttpSensor_dag to 2023-01-01 00:00:00+00:00, run_after=2023-01-02 00:00:00+00:00
[2024-12-26T19:48:58.124+0000] {processor.py:183} INFO - Processing /opt/airflow/dags/dag_http_sensor.py took 0.073 seconds
[2024-12-26T19:49:28.534+0000] {processor.py:161} INFO - Started process (PID=1815) to work on /opt/airflow/dags/dag_http_sensor.py
[2024-12-26T19:49:28.534+0000] {processor.py:830} INFO - Processing file /opt/airflow/dags/dag_http_sensor.py for tasks to queue
[2024-12-26T19:49:28.536+0000] {logging_mixin.py:188} INFO - [2024-12-26T19:49:28.535+0000] {dagbag.py:545} INFO - Filling up the DagBag from /opt/airflow/dags/dag_http_sensor.py
[2024-12-26T19:49:28.543+0000] {processor.py:840} INFO - DAG(s) 'HttpSensor_dag' retrieved from /opt/airflow/dags/dag_http_sensor.py
[2024-12-26T19:49:28.558+0000] {logging_mixin.py:188} INFO - [2024-12-26T19:49:28.558+0000] {dag.py:3096} INFO - Sync 1 DAGs
[2024-12-26T19:49:28.573+0000] {logging_mixin.py:188} INFO - [2024-12-26T19:49:28.573+0000] {dag.py:3954} INFO - Setting next_dagrun for HttpSensor_dag to 2023-01-01 00:00:00+00:00, run_after=2023-01-02 00:00:00+00:00
[2024-12-26T19:49:28.585+0000] {processor.py:183} INFO - Processing /opt/airflow/dags/dag_http_sensor.py took 0.056 seconds
[2024-12-26T19:49:58.945+0000] {processor.py:161} INFO - Started process (PID=1834) to work on /opt/airflow/dags/dag_http_sensor.py
[2024-12-26T19:49:58.950+0000] {processor.py:830} INFO - Processing file /opt/airflow/dags/dag_http_sensor.py for tasks to queue
[2024-12-26T19:49:58.952+0000] {logging_mixin.py:188} INFO - [2024-12-26T19:49:58.952+0000] {dagbag.py:545} INFO - Filling up the DagBag from /opt/airflow/dags/dag_http_sensor.py
[2024-12-26T19:49:58.963+0000] {processor.py:840} INFO - DAG(s) 'HttpSensor_dag' retrieved from /opt/airflow/dags/dag_http_sensor.py
[2024-12-26T19:49:58.982+0000] {logging_mixin.py:188} INFO - [2024-12-26T19:49:58.982+0000] {dag.py:3096} INFO - Sync 1 DAGs
[2024-12-26T19:49:59.002+0000] {logging_mixin.py:188} INFO - [2024-12-26T19:49:59.001+0000] {dag.py:3954} INFO - Setting next_dagrun for HttpSensor_dag to 2023-01-01 00:00:00+00:00, run_after=2023-01-02 00:00:00+00:00
[2024-12-26T19:49:59.020+0000] {processor.py:183} INFO - Processing /opt/airflow/dags/dag_http_sensor.py took 0.084 seconds
[2024-12-26T19:50:29.367+0000] {processor.py:161} INFO - Started process (PID=1847) to work on /opt/airflow/dags/dag_http_sensor.py
[2024-12-26T19:50:29.373+0000] {processor.py:830} INFO - Processing file /opt/airflow/dags/dag_http_sensor.py for tasks to queue
[2024-12-26T19:50:29.375+0000] {logging_mixin.py:188} INFO - [2024-12-26T19:50:29.374+0000] {dagbag.py:545} INFO - Filling up the DagBag from /opt/airflow/dags/dag_http_sensor.py
[2024-12-26T19:50:29.382+0000] {processor.py:840} INFO - DAG(s) 'HttpSensor_dag' retrieved from /opt/airflow/dags/dag_http_sensor.py
[2024-12-26T19:50:29.396+0000] {logging_mixin.py:188} INFO - [2024-12-26T19:50:29.395+0000] {dag.py:3096} INFO - Sync 1 DAGs
[2024-12-26T19:50:29.410+0000] {logging_mixin.py:188} INFO - [2024-12-26T19:50:29.410+0000] {dag.py:3954} INFO - Setting next_dagrun for HttpSensor_dag to 2023-01-01 00:00:00+00:00, run_after=2023-01-02 00:00:00+00:00
[2024-12-26T19:50:29.422+0000] {processor.py:183} INFO - Processing /opt/airflow/dags/dag_http_sensor.py took 0.064 seconds
[2024-12-26T19:50:59.715+0000] {processor.py:161} INFO - Started process (PID=1861) to work on /opt/airflow/dags/dag_http_sensor.py
[2024-12-26T19:50:59.721+0000] {processor.py:830} INFO - Processing file /opt/airflow/dags/dag_http_sensor.py for tasks to queue
[2024-12-26T19:50:59.723+0000] {logging_mixin.py:188} INFO - [2024-12-26T19:50:59.722+0000] {dagbag.py:545} INFO - Filling up the DagBag from /opt/airflow/dags/dag_http_sensor.py
[2024-12-26T19:50:59.730+0000] {processor.py:840} INFO - DAG(s) 'HttpSensor_dag' retrieved from /opt/airflow/dags/dag_http_sensor.py
[2024-12-26T19:50:59.744+0000] {logging_mixin.py:188} INFO - [2024-12-26T19:50:59.744+0000] {dag.py:3096} INFO - Sync 1 DAGs
[2024-12-26T19:50:59.758+0000] {logging_mixin.py:188} INFO - [2024-12-26T19:50:59.757+0000] {dag.py:3954} INFO - Setting next_dagrun for HttpSensor_dag to 2023-01-01 00:00:00+00:00, run_after=2023-01-02 00:00:00+00:00
[2024-12-26T19:50:59.770+0000] {processor.py:183} INFO - Processing /opt/airflow/dags/dag_http_sensor.py took 0.062 seconds
[2024-12-26T19:51:30.102+0000] {processor.py:161} INFO - Started process (PID=1874) to work on /opt/airflow/dags/dag_http_sensor.py
[2024-12-26T19:51:30.108+0000] {processor.py:830} INFO - Processing file /opt/airflow/dags/dag_http_sensor.py for tasks to queue
[2024-12-26T19:51:30.110+0000] {logging_mixin.py:188} INFO - [2024-12-26T19:51:30.110+0000] {dagbag.py:545} INFO - Filling up the DagBag from /opt/airflow/dags/dag_http_sensor.py
[2024-12-26T19:51:30.119+0000] {processor.py:840} INFO - DAG(s) 'HttpSensor_dag' retrieved from /opt/airflow/dags/dag_http_sensor.py
[2024-12-26T19:51:30.136+0000] {logging_mixin.py:188} INFO - [2024-12-26T19:51:30.136+0000] {dag.py:3096} INFO - Sync 1 DAGs
[2024-12-26T19:51:30.155+0000] {logging_mixin.py:188} INFO - [2024-12-26T19:51:30.155+0000] {dag.py:3954} INFO - Setting next_dagrun for HttpSensor_dag to 2023-01-01 00:00:00+00:00, run_after=2023-01-02 00:00:00+00:00
[2024-12-26T19:51:30.168+0000] {processor.py:183} INFO - Processing /opt/airflow/dags/dag_http_sensor.py took 0.074 seconds
[2024-12-26T19:52:00.533+0000] {processor.py:161} INFO - Started process (PID=1887) to work on /opt/airflow/dags/dag_http_sensor.py
[2024-12-26T19:52:00.539+0000] {processor.py:830} INFO - Processing file /opt/airflow/dags/dag_http_sensor.py for tasks to queue
[2024-12-26T19:52:00.542+0000] {logging_mixin.py:188} INFO - [2024-12-26T19:52:00.541+0000] {dagbag.py:545} INFO - Filling up the DagBag from /opt/airflow/dags/dag_http_sensor.py
[2024-12-26T19:52:00.551+0000] {processor.py:840} INFO - DAG(s) 'HttpSensor_dag' retrieved from /opt/airflow/dags/dag_http_sensor.py
[2024-12-26T19:52:00.565+0000] {logging_mixin.py:188} INFO - [2024-12-26T19:52:00.565+0000] {dag.py:3096} INFO - Sync 1 DAGs
[2024-12-26T19:52:00.580+0000] {logging_mixin.py:188} INFO - [2024-12-26T19:52:00.580+0000] {dag.py:3954} INFO - Setting next_dagrun for HttpSensor_dag to 2023-01-01 00:00:00+00:00, run_after=2023-01-02 00:00:00+00:00
[2024-12-26T19:52:00.591+0000] {processor.py:183} INFO - Processing /opt/airflow/dags/dag_http_sensor.py took 0.064 seconds
[2024-12-26T19:52:30.945+0000] {processor.py:161} INFO - Started process (PID=1900) to work on /opt/airflow/dags/dag_http_sensor.py
[2024-12-26T19:52:30.951+0000] {processor.py:830} INFO - Processing file /opt/airflow/dags/dag_http_sensor.py for tasks to queue
[2024-12-26T19:52:30.953+0000] {logging_mixin.py:188} INFO - [2024-12-26T19:52:30.953+0000] {dagbag.py:545} INFO - Filling up the DagBag from /opt/airflow/dags/dag_http_sensor.py
[2024-12-26T19:52:30.967+0000] {processor.py:840} INFO - DAG(s) 'HttpSensor_dag' retrieved from /opt/airflow/dags/dag_http_sensor.py
[2024-12-26T19:52:30.990+0000] {logging_mixin.py:188} INFO - [2024-12-26T19:52:30.989+0000] {dag.py:3096} INFO - Sync 1 DAGs
[2024-12-26T19:52:31.017+0000] {logging_mixin.py:188} INFO - [2024-12-26T19:52:31.017+0000] {dag.py:3954} INFO - Setting next_dagrun for HttpSensor_dag to 2023-01-01 00:00:00+00:00, run_after=2023-01-02 00:00:00+00:00
[2024-12-26T19:52:31.038+0000] {processor.py:183} INFO - Processing /opt/airflow/dags/dag_http_sensor.py took 0.102 seconds
[2024-12-26T19:53:01.295+0000] {processor.py:161} INFO - Started process (PID=1913) to work on /opt/airflow/dags/dag_http_sensor.py
[2024-12-26T19:53:01.300+0000] {processor.py:830} INFO - Processing file /opt/airflow/dags/dag_http_sensor.py for tasks to queue
[2024-12-26T19:53:01.301+0000] {logging_mixin.py:188} INFO - [2024-12-26T19:53:01.301+0000] {dagbag.py:545} INFO - Filling up the DagBag from /opt/airflow/dags/dag_http_sensor.py
[2024-12-26T19:53:01.310+0000] {processor.py:840} INFO - DAG(s) 'HttpSensor_dag' retrieved from /opt/airflow/dags/dag_http_sensor.py
[2024-12-26T19:53:01.325+0000] {logging_mixin.py:188} INFO - [2024-12-26T19:53:01.325+0000] {dag.py:3096} INFO - Sync 1 DAGs
[2024-12-26T19:53:01.344+0000] {logging_mixin.py:188} INFO - [2024-12-26T19:53:01.343+0000] {dag.py:3954} INFO - Setting next_dagrun for HttpSensor_dag to 2023-01-01 00:00:00+00:00, run_after=2023-01-02 00:00:00+00:00
[2024-12-26T19:53:01.355+0000] {processor.py:183} INFO - Processing /opt/airflow/dags/dag_http_sensor.py took 0.066 seconds
[2024-12-26T19:53:31.675+0000] {processor.py:161} INFO - Started process (PID=1926) to work on /opt/airflow/dags/dag_http_sensor.py
[2024-12-26T19:53:31.681+0000] {processor.py:830} INFO - Processing file /opt/airflow/dags/dag_http_sensor.py for tasks to queue
[2024-12-26T19:53:31.683+0000] {logging_mixin.py:188} INFO - [2024-12-26T19:53:31.683+0000] {dagbag.py:545} INFO - Filling up the DagBag from /opt/airflow/dags/dag_http_sensor.py
[2024-12-26T19:53:31.691+0000] {processor.py:840} INFO - DAG(s) 'HttpSensor_dag' retrieved from /opt/airflow/dags/dag_http_sensor.py
[2024-12-26T19:53:31.706+0000] {logging_mixin.py:188} INFO - [2024-12-26T19:53:31.706+0000] {dag.py:3096} INFO - Sync 1 DAGs
[2024-12-26T19:53:31.722+0000] {logging_mixin.py:188} INFO - [2024-12-26T19:53:31.721+0000] {dag.py:3954} INFO - Setting next_dagrun for HttpSensor_dag to 2023-01-01 00:00:00+00:00, run_after=2023-01-02 00:00:00+00:00
[2024-12-26T19:53:31.734+0000] {processor.py:183} INFO - Processing /opt/airflow/dags/dag_http_sensor.py took 0.063 seconds
[2024-12-26T19:54:02.074+0000] {processor.py:161} INFO - Started process (PID=1939) to work on /opt/airflow/dags/dag_http_sensor.py
[2024-12-26T19:54:02.080+0000] {processor.py:830} INFO - Processing file /opt/airflow/dags/dag_http_sensor.py for tasks to queue
[2024-12-26T19:54:02.083+0000] {logging_mixin.py:188} INFO - [2024-12-26T19:54:02.082+0000] {dagbag.py:545} INFO - Filling up the DagBag from /opt/airflow/dags/dag_http_sensor.py
[2024-12-26T19:54:02.090+0000] {processor.py:840} INFO - DAG(s) 'HttpSensor_dag' retrieved from /opt/airflow/dags/dag_http_sensor.py
[2024-12-26T19:54:02.104+0000] {logging_mixin.py:188} INFO - [2024-12-26T19:54:02.104+0000] {dag.py:3096} INFO - Sync 1 DAGs
[2024-12-26T19:54:02.118+0000] {logging_mixin.py:188} INFO - [2024-12-26T19:54:02.118+0000] {dag.py:3954} INFO - Setting next_dagrun for HttpSensor_dag to 2023-01-01 00:00:00+00:00, run_after=2023-01-02 00:00:00+00:00
[2024-12-26T19:54:02.129+0000] {processor.py:183} INFO - Processing /opt/airflow/dags/dag_http_sensor.py took 0.062 seconds
[2024-12-26T19:54:32.394+0000] {processor.py:161} INFO - Started process (PID=1952) to work on /opt/airflow/dags/dag_http_sensor.py
[2024-12-26T19:54:32.399+0000] {processor.py:830} INFO - Processing file /opt/airflow/dags/dag_http_sensor.py for tasks to queue
[2024-12-26T19:54:32.400+0000] {logging_mixin.py:188} INFO - [2024-12-26T19:54:32.400+0000] {dagbag.py:545} INFO - Filling up the DagBag from /opt/airflow/dags/dag_http_sensor.py
[2024-12-26T19:54:32.407+0000] {processor.py:840} INFO - DAG(s) 'HttpSensor_dag' retrieved from /opt/airflow/dags/dag_http_sensor.py
[2024-12-26T19:54:32.425+0000] {logging_mixin.py:188} INFO - [2024-12-26T19:54:32.425+0000] {dag.py:3096} INFO - Sync 1 DAGs
[2024-12-26T19:54:32.441+0000] {logging_mixin.py:188} INFO - [2024-12-26T19:54:32.441+0000] {dag.py:3954} INFO - Setting next_dagrun for HttpSensor_dag to 2023-01-01 00:00:00+00:00, run_after=2023-01-02 00:00:00+00:00
[2024-12-26T19:54:32.452+0000] {processor.py:183} INFO - Processing /opt/airflow/dags/dag_http_sensor.py took 0.066 seconds
[2024-12-26T19:55:02.745+0000] {processor.py:161} INFO - Started process (PID=1965) to work on /opt/airflow/dags/dag_http_sensor.py
[2024-12-26T19:55:02.746+0000] {processor.py:830} INFO - Processing file /opt/airflow/dags/dag_http_sensor.py for tasks to queue
[2024-12-26T19:55:02.749+0000] {logging_mixin.py:188} INFO - [2024-12-26T19:55:02.748+0000] {dagbag.py:545} INFO - Filling up the DagBag from /opt/airflow/dags/dag_http_sensor.py
[2024-12-26T19:55:02.756+0000] {processor.py:840} INFO - DAG(s) 'HttpSensor_dag' retrieved from /opt/airflow/dags/dag_http_sensor.py
[2024-12-26T19:55:02.771+0000] {logging_mixin.py:188} INFO - [2024-12-26T19:55:02.771+0000] {dag.py:3096} INFO - Sync 1 DAGs
[2024-12-26T19:55:02.786+0000] {logging_mixin.py:188} INFO - [2024-12-26T19:55:02.786+0000] {dag.py:3954} INFO - Setting next_dagrun for HttpSensor_dag to 2023-01-01 00:00:00+00:00, run_after=2023-01-02 00:00:00+00:00
[2024-12-26T19:55:02.797+0000] {processor.py:183} INFO - Processing /opt/airflow/dags/dag_http_sensor.py took 0.059 seconds
[2024-12-26T19:55:33.199+0000] {processor.py:161} INFO - Started process (PID=1981) to work on /opt/airflow/dags/dag_http_sensor.py
[2024-12-26T19:55:33.200+0000] {processor.py:830} INFO - Processing file /opt/airflow/dags/dag_http_sensor.py for tasks to queue
[2024-12-26T19:55:33.202+0000] {logging_mixin.py:188} INFO - [2024-12-26T19:55:33.201+0000] {dagbag.py:545} INFO - Filling up the DagBag from /opt/airflow/dags/dag_http_sensor.py
[2024-12-26T19:55:33.209+0000] {processor.py:840} INFO - DAG(s) 'HttpSensor_dag' retrieved from /opt/airflow/dags/dag_http_sensor.py
[2024-12-26T19:55:33.225+0000] {logging_mixin.py:188} INFO - [2024-12-26T19:55:33.224+0000] {dag.py:3096} INFO - Sync 1 DAGs
[2024-12-26T19:55:33.241+0000] {logging_mixin.py:188} INFO - [2024-12-26T19:55:33.240+0000] {dag.py:3954} INFO - Setting next_dagrun for HttpSensor_dag to 2023-01-01 00:00:00+00:00, run_after=2023-01-02 00:00:00+00:00
[2024-12-26T19:55:33.251+0000] {processor.py:183} INFO - Processing /opt/airflow/dags/dag_http_sensor.py took 0.060 seconds
[2024-12-26T19:56:03.602+0000] {processor.py:161} INFO - Started process (PID=1998) to work on /opt/airflow/dags/dag_http_sensor.py
[2024-12-26T19:56:03.608+0000] {processor.py:830} INFO - Processing file /opt/airflow/dags/dag_http_sensor.py for tasks to queue
[2024-12-26T19:56:03.610+0000] {logging_mixin.py:188} INFO - [2024-12-26T19:56:03.610+0000] {dagbag.py:545} INFO - Filling up the DagBag from /opt/airflow/dags/dag_http_sensor.py
[2024-12-26T19:56:03.618+0000] {processor.py:840} INFO - DAG(s) 'HttpSensor_dag' retrieved from /opt/airflow/dags/dag_http_sensor.py
[2024-12-26T19:56:03.638+0000] {logging_mixin.py:188} INFO - [2024-12-26T19:56:03.638+0000] {dag.py:3096} INFO - Sync 1 DAGs
[2024-12-26T19:56:03.662+0000] {logging_mixin.py:188} INFO - [2024-12-26T19:56:03.662+0000] {dag.py:3954} INFO - Setting next_dagrun for HttpSensor_dag to 2023-01-01 00:00:00+00:00, run_after=2023-01-02 00:00:00+00:00
[2024-12-26T19:56:03.680+0000] {processor.py:183} INFO - Processing /opt/airflow/dags/dag_http_sensor.py took 0.082 seconds
[2024-12-26T19:56:34.033+0000] {processor.py:161} INFO - Started process (PID=2016) to work on /opt/airflow/dags/dag_http_sensor.py
[2024-12-26T19:56:34.039+0000] {processor.py:830} INFO - Processing file /opt/airflow/dags/dag_http_sensor.py for tasks to queue
[2024-12-26T19:56:34.040+0000] {logging_mixin.py:188} INFO - [2024-12-26T19:56:34.040+0000] {dagbag.py:545} INFO - Filling up the DagBag from /opt/airflow/dags/dag_http_sensor.py
[2024-12-26T19:56:34.047+0000] {processor.py:840} INFO - DAG(s) 'HttpSensor_dag' retrieved from /opt/airflow/dags/dag_http_sensor.py
[2024-12-26T19:56:34.061+0000] {logging_mixin.py:188} INFO - [2024-12-26T19:56:34.061+0000] {dag.py:3096} INFO - Sync 1 DAGs
[2024-12-26T19:56:34.079+0000] {logging_mixin.py:188} INFO - [2024-12-26T19:56:34.079+0000] {dag.py:3954} INFO - Setting next_dagrun for HttpSensor_dag to 2023-01-01 00:00:00+00:00, run_after=2023-01-02 00:00:00+00:00
[2024-12-26T19:56:34.094+0000] {processor.py:183} INFO - Processing /opt/airflow/dags/dag_http_sensor.py took 0.064 seconds
[2024-12-26T19:57:04.482+0000] {processor.py:161} INFO - Started process (PID=2033) to work on /opt/airflow/dags/dag_http_sensor.py
[2024-12-26T19:57:04.488+0000] {processor.py:830} INFO - Processing file /opt/airflow/dags/dag_http_sensor.py for tasks to queue
[2024-12-26T19:57:04.489+0000] {logging_mixin.py:188} INFO - [2024-12-26T19:57:04.488+0000] {dagbag.py:545} INFO - Filling up the DagBag from /opt/airflow/dags/dag_http_sensor.py
[2024-12-26T19:57:04.499+0000] {processor.py:840} INFO - DAG(s) 'HttpSensor_dag' retrieved from /opt/airflow/dags/dag_http_sensor.py
[2024-12-26T19:57:04.515+0000] {logging_mixin.py:188} INFO - [2024-12-26T19:57:04.515+0000] {dag.py:3096} INFO - Sync 1 DAGs
[2024-12-26T19:57:04.533+0000] {logging_mixin.py:188} INFO - [2024-12-26T19:57:04.533+0000] {dag.py:3954} INFO - Setting next_dagrun for HttpSensor_dag to 2023-01-01 00:00:00+00:00, run_after=2023-01-02 00:00:00+00:00
[2024-12-26T19:57:04.548+0000] {processor.py:183} INFO - Processing /opt/airflow/dags/dag_http_sensor.py took 0.072 seconds
[2024-12-26T19:57:34.929+0000] {processor.py:161} INFO - Started process (PID=2047) to work on /opt/airflow/dags/dag_http_sensor.py
[2024-12-26T19:57:34.930+0000] {processor.py:830} INFO - Processing file /opt/airflow/dags/dag_http_sensor.py for tasks to queue
[2024-12-26T19:57:34.931+0000] {logging_mixin.py:188} INFO - [2024-12-26T19:57:34.931+0000] {dagbag.py:545} INFO - Filling up the DagBag from /opt/airflow/dags/dag_http_sensor.py
[2024-12-26T19:57:34.939+0000] {processor.py:840} INFO - DAG(s) 'HttpSensor_dag' retrieved from /opt/airflow/dags/dag_http_sensor.py
[2024-12-26T19:57:34.953+0000] {logging_mixin.py:188} INFO - [2024-12-26T19:57:34.953+0000] {dag.py:3096} INFO - Sync 1 DAGs
[2024-12-26T19:57:34.968+0000] {logging_mixin.py:188} INFO - [2024-12-26T19:57:34.968+0000] {dag.py:3954} INFO - Setting next_dagrun for HttpSensor_dag to 2023-01-01 00:00:00+00:00, run_after=2023-01-02 00:00:00+00:00
[2024-12-26T19:57:34.978+0000] {processor.py:183} INFO - Processing /opt/airflow/dags/dag_http_sensor.py took 0.058 seconds
[2024-12-26T19:58:05.298+0000] {processor.py:161} INFO - Started process (PID=2060) to work on /opt/airflow/dags/dag_http_sensor.py
[2024-12-26T19:58:05.300+0000] {processor.py:830} INFO - Processing file /opt/airflow/dags/dag_http_sensor.py for tasks to queue
[2024-12-26T19:58:05.302+0000] {logging_mixin.py:188} INFO - [2024-12-26T19:58:05.301+0000] {dagbag.py:545} INFO - Filling up the DagBag from /opt/airflow/dags/dag_http_sensor.py
[2024-12-26T19:58:05.318+0000] {processor.py:840} INFO - DAG(s) 'HttpSensor_dag' retrieved from /opt/airflow/dags/dag_http_sensor.py
[2024-12-26T19:58:05.338+0000] {logging_mixin.py:188} INFO - [2024-12-26T19:58:05.337+0000] {dag.py:3096} INFO - Sync 1 DAGs
[2024-12-26T19:58:05.354+0000] {logging_mixin.py:188} INFO - [2024-12-26T19:58:05.354+0000] {dag.py:3954} INFO - Setting next_dagrun for HttpSensor_dag to 2023-01-01 00:00:00+00:00, run_after=2023-01-02 00:00:00+00:00
[2024-12-26T19:58:05.368+0000] {processor.py:183} INFO - Processing /opt/airflow/dags/dag_http_sensor.py took 0.086 seconds
[2024-12-26T19:58:35.716+0000] {processor.py:161} INFO - Started process (PID=2073) to work on /opt/airflow/dags/dag_http_sensor.py
[2024-12-26T19:58:35.717+0000] {processor.py:830} INFO - Processing file /opt/airflow/dags/dag_http_sensor.py for tasks to queue
[2024-12-26T19:58:35.718+0000] {logging_mixin.py:188} INFO - [2024-12-26T19:58:35.717+0000] {dagbag.py:545} INFO - Filling up the DagBag from /opt/airflow/dags/dag_http_sensor.py
[2024-12-26T19:58:35.724+0000] {processor.py:840} INFO - DAG(s) 'HttpSensor_dag' retrieved from /opt/airflow/dags/dag_http_sensor.py
[2024-12-26T19:58:35.742+0000] {logging_mixin.py:188} INFO - [2024-12-26T19:58:35.741+0000] {dag.py:3096} INFO - Sync 1 DAGs
[2024-12-26T19:58:35.759+0000] {logging_mixin.py:188} INFO - [2024-12-26T19:58:35.758+0000] {dag.py:3954} INFO - Setting next_dagrun for HttpSensor_dag to 2023-01-01 00:00:00+00:00, run_after=2023-01-02 00:00:00+00:00
[2024-12-26T19:58:35.775+0000] {processor.py:183} INFO - Processing /opt/airflow/dags/dag_http_sensor.py took 0.066 seconds
[2024-12-26T19:59:06.095+0000] {processor.py:161} INFO - Started process (PID=2086) to work on /opt/airflow/dags/dag_http_sensor.py
[2024-12-26T19:59:06.102+0000] {processor.py:830} INFO - Processing file /opt/airflow/dags/dag_http_sensor.py for tasks to queue
[2024-12-26T19:59:06.102+0000] {logging_mixin.py:188} INFO - [2024-12-26T19:59:06.102+0000] {dagbag.py:545} INFO - Filling up the DagBag from /opt/airflow/dags/dag_http_sensor.py
[2024-12-26T19:59:06.110+0000] {processor.py:840} INFO - DAG(s) 'HttpSensor_dag' retrieved from /opt/airflow/dags/dag_http_sensor.py
[2024-12-26T19:59:06.132+0000] {logging_mixin.py:188} INFO - [2024-12-26T19:59:06.131+0000] {dag.py:3096} INFO - Sync 1 DAGs
[2024-12-26T19:59:06.156+0000] {logging_mixin.py:188} INFO - [2024-12-26T19:59:06.156+0000] {dag.py:3954} INFO - Setting next_dagrun for HttpSensor_dag to 2023-01-01 00:00:00+00:00, run_after=2023-01-02 00:00:00+00:00
[2024-12-26T19:59:06.173+0000] {processor.py:183} INFO - Processing /opt/airflow/dags/dag_http_sensor.py took 0.082 seconds
[2024-12-26T19:59:36.587+0000] {processor.py:161} INFO - Started process (PID=2100) to work on /opt/airflow/dags/dag_http_sensor.py
[2024-12-26T19:59:36.595+0000] {processor.py:830} INFO - Processing file /opt/airflow/dags/dag_http_sensor.py for tasks to queue
[2024-12-26T19:59:36.597+0000] {logging_mixin.py:188} INFO - [2024-12-26T19:59:36.596+0000] {dagbag.py:545} INFO - Filling up the DagBag from /opt/airflow/dags/dag_http_sensor.py
[2024-12-26T19:59:36.622+0000] {processor.py:840} INFO - DAG(s) 'HttpSensor_dag' retrieved from /opt/airflow/dags/dag_http_sensor.py
[2024-12-26T19:59:36.650+0000] {logging_mixin.py:188} INFO - [2024-12-26T19:59:36.650+0000] {dag.py:3096} INFO - Sync 1 DAGs
[2024-12-26T19:59:36.672+0000] {logging_mixin.py:188} INFO - [2024-12-26T19:59:36.671+0000] {dag.py:3954} INFO - Setting next_dagrun for HttpSensor_dag to 2023-01-01 00:00:00+00:00, run_after=2023-01-02 00:00:00+00:00
[2024-12-26T19:59:36.691+0000] {processor.py:183} INFO - Processing /opt/airflow/dags/dag_http_sensor.py took 0.116 seconds
[2024-12-26T20:00:06.965+0000] {processor.py:161} INFO - Started process (PID=2113) to work on /opt/airflow/dags/dag_http_sensor.py
[2024-12-26T20:00:06.970+0000] {processor.py:830} INFO - Processing file /opt/airflow/dags/dag_http_sensor.py for tasks to queue
[2024-12-26T20:00:06.972+0000] {logging_mixin.py:188} INFO - [2024-12-26T20:00:06.971+0000] {dagbag.py:545} INFO - Filling up the DagBag from /opt/airflow/dags/dag_http_sensor.py
[2024-12-26T20:00:06.982+0000] {processor.py:840} INFO - DAG(s) 'HttpSensor_dag' retrieved from /opt/airflow/dags/dag_http_sensor.py
[2024-12-26T20:00:06.996+0000] {logging_mixin.py:188} INFO - [2024-12-26T20:00:06.996+0000] {dag.py:3096} INFO - Sync 1 DAGs
[2024-12-26T20:00:07.015+0000] {logging_mixin.py:188} INFO - [2024-12-26T20:00:07.015+0000] {dag.py:3954} INFO - Setting next_dagrun for HttpSensor_dag to 2023-01-01 00:00:00+00:00, run_after=2023-01-02 00:00:00+00:00
[2024-12-26T20:00:07.029+0000] {processor.py:183} INFO - Processing /opt/airflow/dags/dag_http_sensor.py took 0.073 seconds
[2024-12-26T20:00:37.337+0000] {processor.py:161} INFO - Started process (PID=2127) to work on /opt/airflow/dags/dag_http_sensor.py
[2024-12-26T20:00:37.343+0000] {processor.py:830} INFO - Processing file /opt/airflow/dags/dag_http_sensor.py for tasks to queue
[2024-12-26T20:00:37.344+0000] {logging_mixin.py:188} INFO - [2024-12-26T20:00:37.344+0000] {dagbag.py:545} INFO - Filling up the DagBag from /opt/airflow/dags/dag_http_sensor.py
[2024-12-26T20:00:37.355+0000] {processor.py:840} INFO - DAG(s) 'HttpSensor_dag' retrieved from /opt/airflow/dags/dag_http_sensor.py
[2024-12-26T20:00:37.369+0000] {logging_mixin.py:188} INFO - [2024-12-26T20:00:37.369+0000] {dag.py:3096} INFO - Sync 1 DAGs
[2024-12-26T20:00:37.384+0000] {logging_mixin.py:188} INFO - [2024-12-26T20:00:37.384+0000] {dag.py:3954} INFO - Setting next_dagrun for HttpSensor_dag to 2023-01-01 00:00:00+00:00, run_after=2023-01-02 00:00:00+00:00
[2024-12-26T20:00:37.394+0000] {processor.py:183} INFO - Processing /opt/airflow/dags/dag_http_sensor.py took 0.067 seconds
