[2024-12-26T18:30:56.254+0000] {local_task_job_runner.py:120} INFO - ::group::Pre task execution logs
[2024-12-26T18:30:56.296+0000] {taskinstance.py:2076} INFO - Dependencies all met for dep_context=non-requeueable deps ti=<TaskInstance: bash_dag.bash_ex1 scheduled__2024-12-25T08:00:00+00:00 [queued]>
[2024-12-26T18:30:56.320+0000] {taskinstance.py:2076} INFO - Dependencies all met for dep_context=requeueable deps ti=<TaskInstance: bash_dag.bash_ex1 scheduled__2024-12-25T08:00:00+00:00 [queued]>
[2024-12-26T18:30:56.320+0000] {taskinstance.py:2306} INFO - Starting attempt 1 of 1
[2024-12-26T18:30:56.337+0000] {taskinstance.py:2330} INFO - Executing <Task(BashOperator): bash_ex1> on 2024-12-25 08:00:00+00:00
[2024-12-26T18:30:56.351+0000] {warnings.py:112} WARNING - /home/***/.local/lib/python3.12/site-packages/***/task/task_runner/standard_task_runner.py:61: DeprecationWarning: This process (pid=59) is multi-threaded, use of fork() may lead to deadlocks in the child.
  pid = os.fork()

[2024-12-26T18:30:56.352+0000] {standard_task_runner.py:63} INFO - Started process 63 to run task
[2024-12-26T18:30:56.353+0000] {standard_task_runner.py:90} INFO - Running: ['***', 'tasks', 'run', 'bash_dag', 'bash_ex1', 'scheduled__2024-12-25T08:00:00+00:00', '--job-id', '1080', '--raw', '--subdir', 'DAGS_FOLDER/dag1.py', '--cfg-path', '/tmp/tmpv4d1mc5k']
[2024-12-26T18:30:56.356+0000] {standard_task_runner.py:91} INFO - Job 1080: Subtask bash_ex1
[2024-12-26T18:30:56.410+0000] {task_command.py:426} INFO - Running <TaskInstance: bash_dag.bash_ex1 scheduled__2024-12-25T08:00:00+00:00 [running]> on host 87a1e11545b0
[2024-12-26T18:30:56.512+0000] {taskinstance.py:2648} INFO - Exporting env vars: AIRFLOW_CTX_DAG_OWNER='***' AIRFLOW_CTX_DAG_ID='bash_dag' AIRFLOW_CTX_TASK_ID='bash_ex1' AIRFLOW_CTX_EXECUTION_DATE='2024-12-25T08:00:00+00:00' AIRFLOW_CTX_TRY_NUMBER='1' AIRFLOW_CTX_DAG_RUN_ID='scheduled__2024-12-25T08:00:00+00:00'
[2024-12-26T18:30:56.512+0000] {taskinstance.py:430} INFO - ::endgroup::
[2024-12-26T18:30:56.525+0000] {subprocess.py:63} INFO - Tmp dir root location: /tmp
[2024-12-26T18:30:56.526+0000] {subprocess.py:75} INFO - Running command: ['/usr/bin/bash', '-c', 'echo "Task 1"']
[2024-12-26T18:30:56.541+0000] {subprocess.py:86} INFO - Output:
[2024-12-26T18:30:56.541+0000] {subprocess.py:93} INFO - Task 1
[2024-12-26T18:30:56.542+0000] {subprocess.py:97} INFO - Command exited with return code 0
[2024-12-26T18:30:56.542+0000] {taskinstance.py:441} INFO - ::group::Post task execution logs
[2024-12-26T18:30:56.565+0000] {taskinstance.py:1206} INFO - Marking task as SUCCESS. dag_id=bash_dag, task_id=bash_ex1, run_id=scheduled__2024-12-25T08:00:00+00:00, execution_date=20241225T080000, start_date=20241226T183056, end_date=20241226T183056
[2024-12-26T18:30:56.614+0000] {local_task_job_runner.py:240} INFO - Task exited with return code 0
[2024-12-26T18:30:56.634+0000] {taskinstance.py:3503} INFO - 1 downstream tasks scheduled from follow-on schedule check
[2024-12-26T18:30:56.635+0000] {local_task_job_runner.py:222} INFO - ::endgroup::
