[2024-12-26T18:58:05.648+0000] {local_task_job_runner.py:120} INFO - ::group::Pre task execution logs
[2024-12-26T18:58:05.705+0000] {taskinstance.py:2076} INFO - Dependencies all met for dep_context=non-requeueable deps ti=<TaskInstance: xcom_example_dag.process_task scheduled__2024-12-19T08:00:00+00:00 [queued]>
[2024-12-26T18:58:05.721+0000] {taskinstance.py:2076} INFO - Dependencies all met for dep_context=requeueable deps ti=<TaskInstance: xcom_example_dag.process_task scheduled__2024-12-19T08:00:00+00:00 [queued]>
[2024-12-26T18:58:05.722+0000] {taskinstance.py:2306} INFO - Starting attempt 1 of 1
[2024-12-26T18:58:05.741+0000] {taskinstance.py:2330} INFO - Executing <Task(PythonOperator): process_task> on 2024-12-19 08:00:00+00:00
[2024-12-26T18:58:05.749+0000] {warnings.py:112} WARNING - /home/***/.local/lib/python3.12/site-packages/***/task/task_runner/standard_task_runner.py:61: DeprecationWarning: This process (pid=438) is multi-threaded, use of fork() may lead to deadlocks in the child.
  pid = os.fork()

[2024-12-26T18:58:05.750+0000] {standard_task_runner.py:63} INFO - Started process 444 to run task
[2024-12-26T18:58:05.751+0000] {standard_task_runner.py:90} INFO - Running: ['***', 'tasks', 'run', 'xcom_example_dag', 'process_task', 'scheduled__2024-12-19T08:00:00+00:00', '--job-id', '1094', '--raw', '--subdir', 'DAGS_FOLDER/dag_xcom.py', '--cfg-path', '/tmp/tmp5m7jnbrc']
[2024-12-26T18:58:05.752+0000] {standard_task_runner.py:91} INFO - Job 1094: Subtask process_task
[2024-12-26T18:58:05.819+0000] {task_command.py:426} INFO - Running <TaskInstance: xcom_example_dag.process_task scheduled__2024-12-19T08:00:00+00:00 [running]> on host 87a1e11545b0
[2024-12-26T18:58:05.968+0000] {taskinstance.py:2648} INFO - Exporting env vars: AIRFLOW_CTX_DAG_OWNER='***' AIRFLOW_CTX_DAG_ID='xcom_example_dag' AIRFLOW_CTX_TASK_ID='process_task' AIRFLOW_CTX_EXECUTION_DATE='2024-12-19T08:00:00+00:00' AIRFLOW_CTX_TRY_NUMBER='1' AIRFLOW_CTX_DAG_RUN_ID='scheduled__2024-12-19T08:00:00+00:00'
[2024-12-26T18:58:05.969+0000] {taskinstance.py:430} INFO - ::endgroup::
[2024-12-26T18:58:06.028+0000] {logging_mixin.py:188} INFO - Hello, Airflow!
[2024-12-26T18:58:06.029+0000] {python.py:237} INFO - Done. Returned value was: None
[2024-12-26T18:58:06.031+0000] {taskinstance.py:441} INFO - ::group::Post task execution logs
[2024-12-26T18:58:06.108+0000] {taskinstance.py:1206} INFO - Marking task as SUCCESS. dag_id=xcom_example_dag, task_id=process_task, run_id=scheduled__2024-12-19T08:00:00+00:00, execution_date=20241219T080000, start_date=20241226T185805, end_date=20241226T185806
[2024-12-26T18:58:06.188+0000] {local_task_job_runner.py:240} INFO - Task exited with return code 0
[2024-12-26T18:58:06.245+0000] {taskinstance.py:3503} INFO - 0 downstream tasks scheduled from follow-on schedule check
[2024-12-26T18:58:06.248+0000] {local_task_job_runner.py:222} INFO - ::endgroup::
