[2024-12-26T18:58:05.612+0000] {local_task_job_runner.py:120} INFO - ::group::Pre task execution logs
[2024-12-26T18:58:05.640+0000] {taskinstance.py:2076} INFO - Dependencies all met for dep_context=non-requeueable deps ti=<TaskInstance: xcom_example_dag.process_task scheduled__2024-12-20T08:00:00+00:00 [queued]>
[2024-12-26T18:58:05.652+0000] {taskinstance.py:2076} INFO - Dependencies all met for dep_context=requeueable deps ti=<TaskInstance: xcom_example_dag.process_task scheduled__2024-12-20T08:00:00+00:00 [queued]>
[2024-12-26T18:58:05.652+0000] {taskinstance.py:2306} INFO - Starting attempt 1 of 1
[2024-12-26T18:58:05.672+0000] {taskinstance.py:2330} INFO - Executing <Task(PythonOperator): process_task> on 2024-12-20 08:00:00+00:00
[2024-12-26T18:58:05.681+0000] {warnings.py:112} WARNING - /home/***/.local/lib/python3.12/site-packages/***/task/task_runner/standard_task_runner.py:61: DeprecationWarning: This process (pid=439) is multi-threaded, use of fork() may lead to deadlocks in the child.
  pid = os.fork()

[2024-12-26T18:58:05.682+0000] {standard_task_runner.py:63} INFO - Started process 443 to run task
[2024-12-26T18:58:05.685+0000] {standard_task_runner.py:90} INFO - Running: ['***', 'tasks', 'run', 'xcom_example_dag', 'process_task', 'scheduled__2024-12-20T08:00:00+00:00', '--job-id', '1093', '--raw', '--subdir', 'DAGS_FOLDER/dag_xcom.py', '--cfg-path', '/tmp/tmp5vo5wh_m']
[2024-12-26T18:58:05.687+0000] {standard_task_runner.py:91} INFO - Job 1093: Subtask process_task
[2024-12-26T18:58:05.754+0000] {task_command.py:426} INFO - Running <TaskInstance: xcom_example_dag.process_task scheduled__2024-12-20T08:00:00+00:00 [running]> on host 87a1e11545b0
[2024-12-26T18:58:05.877+0000] {taskinstance.py:2648} INFO - Exporting env vars: AIRFLOW_CTX_DAG_OWNER='***' AIRFLOW_CTX_DAG_ID='xcom_example_dag' AIRFLOW_CTX_TASK_ID='process_task' AIRFLOW_CTX_EXECUTION_DATE='2024-12-20T08:00:00+00:00' AIRFLOW_CTX_TRY_NUMBER='1' AIRFLOW_CTX_DAG_RUN_ID='scheduled__2024-12-20T08:00:00+00:00'
[2024-12-26T18:58:05.878+0000] {taskinstance.py:430} INFO - ::endgroup::
[2024-12-26T18:58:05.917+0000] {logging_mixin.py:188} INFO - Hello, Airflow!
[2024-12-26T18:58:05.918+0000] {python.py:237} INFO - Done. Returned value was: None
[2024-12-26T18:58:05.918+0000] {taskinstance.py:441} INFO - ::group::Post task execution logs
[2024-12-26T18:58:05.931+0000] {taskinstance.py:1206} INFO - Marking task as SUCCESS. dag_id=xcom_example_dag, task_id=process_task, run_id=scheduled__2024-12-20T08:00:00+00:00, execution_date=20241220T080000, start_date=20241226T185805, end_date=20241226T185805
[2024-12-26T18:58:05.987+0000] {local_task_job_runner.py:240} INFO - Task exited with return code 0
[2024-12-26T18:58:06.112+0000] {taskinstance.py:3503} INFO - 0 downstream tasks scheduled from follow-on schedule check
[2024-12-26T18:58:06.116+0000] {local_task_job_runner.py:222} INFO - ::endgroup::
