[2024-12-23T19:38:23.263+0000] {local_task_job_runner.py:120} INFO - ::group::Pre task execution logs
[2024-12-23T19:38:23.307+0000] {taskinstance.py:2076} INFO - Dependencies all met for dep_context=non-requeueable deps ti=<TaskInstance: dag_var.bash_ex2 scheduled__2024-12-20T08:00:00+00:00 [queued]>
[2024-12-23T19:38:23.317+0000] {taskinstance.py:2076} INFO - Dependencies all met for dep_context=requeueable deps ti=<TaskInstance: dag_var.bash_ex2 scheduled__2024-12-20T08:00:00+00:00 [queued]>
[2024-12-23T19:38:23.317+0000] {taskinstance.py:2306} INFO - Starting attempt 1 of 1
[2024-12-23T19:38:23.378+0000] {taskinstance.py:2330} INFO - Executing <Task(BashOperator): bash_ex2> on 2024-12-20 08:00:00+00:00
[2024-12-23T19:38:23.392+0000] {warnings.py:112} WARNING - /home/***/.local/lib/python3.12/site-packages/***/task/task_runner/standard_task_runner.py:61: DeprecationWarning: This process (pid=1542) is multi-threaded, use of fork() may lead to deadlocks in the child.
  pid = os.fork()

[2024-12-23T19:38:23.393+0000] {standard_task_runner.py:63} INFO - Started process 1546 to run task
[2024-12-23T19:38:23.395+0000] {standard_task_runner.py:90} INFO - Running: ['***', 'tasks', 'run', 'dag_var', 'bash_ex2', 'scheduled__2024-12-20T08:00:00+00:00', '--job-id', '1045', '--raw', '--subdir', 'DAGS_FOLDER/dag_var.py', '--cfg-path', '/tmp/tmp1os4l9gv']
[2024-12-23T19:38:23.396+0000] {standard_task_runner.py:91} INFO - Job 1045: Subtask bash_ex2
[2024-12-23T19:38:23.476+0000] {task_command.py:426} INFO - Running <TaskInstance: dag_var.bash_ex2 scheduled__2024-12-20T08:00:00+00:00 [running]> on host 87a1e11545b0
[2024-12-23T19:38:23.603+0000] {taskinstance.py:2648} INFO - Exporting env vars: AIRFLOW_CTX_DAG_OWNER='***' AIRFLOW_CTX_DAG_ID='dag_var' AIRFLOW_CTX_TASK_ID='bash_ex2' AIRFLOW_CTX_EXECUTION_DATE='2024-12-20T08:00:00+00:00' AIRFLOW_CTX_TRY_NUMBER='1' AIRFLOW_CTX_DAG_RUN_ID='scheduled__2024-12-20T08:00:00+00:00'
[2024-12-23T19:38:23.604+0000] {taskinstance.py:430} INFO - ::endgroup::
[2024-12-23T19:38:23.623+0000] {subprocess.py:63} INFO - Tmp dir root location: /tmp
[2024-12-23T19:38:23.624+0000] {subprocess.py:75} INFO - Running command: ['/usr/bin/bash', '-c', 'echo "Task 2 now $(date)"']
[2024-12-23T19:38:23.641+0000] {subprocess.py:86} INFO - Output:
[2024-12-23T19:38:23.645+0000] {subprocess.py:93} INFO - Task 2 now Mon Dec 23 19:38:23 UTC 2024
[2024-12-23T19:38:23.646+0000] {subprocess.py:97} INFO - Command exited with return code 0
[2024-12-23T19:38:23.647+0000] {taskinstance.py:441} INFO - ::group::Post task execution logs
[2024-12-23T19:38:23.684+0000] {taskinstance.py:1206} INFO - Marking task as SUCCESS. dag_id=dag_var, task_id=bash_ex2, run_id=scheduled__2024-12-20T08:00:00+00:00, execution_date=20241220T080000, start_date=20241223T193823, end_date=20241223T193823
[2024-12-23T19:38:23.734+0000] {local_task_job_runner.py:240} INFO - Task exited with return code 0
[2024-12-23T19:38:23.755+0000] {taskinstance.py:3503} INFO - 0 downstream tasks scheduled from follow-on schedule check
[2024-12-23T19:38:23.757+0000] {local_task_job_runner.py:222} INFO - ::endgroup::
