[2024-12-26T18:30:56.310+0000] {local_task_job_runner.py:120} INFO - ::group::Pre task execution logs
[2024-12-26T18:30:56.357+0000] {taskinstance.py:2076} INFO - Dependencies all met for dep_context=non-requeueable deps ti=<TaskInstance: dag_var.bash_ex2 scheduled__2024-12-25T08:00:00+00:00 [queued]>
[2024-12-26T18:30:56.372+0000] {taskinstance.py:2076} INFO - Dependencies all met for dep_context=requeueable deps ti=<TaskInstance: dag_var.bash_ex2 scheduled__2024-12-25T08:00:00+00:00 [queued]>
[2024-12-26T18:30:56.372+0000] {taskinstance.py:2306} INFO - Starting attempt 1 of 1
[2024-12-26T18:30:56.388+0000] {taskinstance.py:2330} INFO - Executing <Task(BashOperator): bash_ex2> on 2024-12-25 08:00:00+00:00
[2024-12-26T18:30:56.396+0000] {warnings.py:112} WARNING - /home/***/.local/lib/python3.12/site-packages/***/task/task_runner/standard_task_runner.py:61: DeprecationWarning: This process (pid=61) is multi-threaded, use of fork() may lead to deadlocks in the child.
  pid = os.fork()

[2024-12-26T18:30:56.397+0000] {standard_task_runner.py:63} INFO - Started process 64 to run task
[2024-12-26T18:30:56.398+0000] {standard_task_runner.py:90} INFO - Running: ['***', 'tasks', 'run', 'dag_var', 'bash_ex2', 'scheduled__2024-12-25T08:00:00+00:00', '--job-id', '1082', '--raw', '--subdir', 'DAGS_FOLDER/dag_var.py', '--cfg-path', '/tmp/tmp0x4l55o1']
[2024-12-26T18:30:56.399+0000] {standard_task_runner.py:91} INFO - Job 1082: Subtask bash_ex2
[2024-12-26T18:30:56.447+0000] {task_command.py:426} INFO - Running <TaskInstance: dag_var.bash_ex2 scheduled__2024-12-25T08:00:00+00:00 [running]> on host 87a1e11545b0
[2024-12-26T18:30:56.545+0000] {taskinstance.py:2648} INFO - Exporting env vars: AIRFLOW_CTX_DAG_OWNER='***' AIRFLOW_CTX_DAG_ID='dag_var' AIRFLOW_CTX_TASK_ID='bash_ex2' AIRFLOW_CTX_EXECUTION_DATE='2024-12-25T08:00:00+00:00' AIRFLOW_CTX_TRY_NUMBER='1' AIRFLOW_CTX_DAG_RUN_ID='scheduled__2024-12-25T08:00:00+00:00'
[2024-12-26T18:30:56.546+0000] {taskinstance.py:430} INFO - ::endgroup::
[2024-12-26T18:30:56.566+0000] {subprocess.py:63} INFO - Tmp dir root location: /tmp
[2024-12-26T18:30:56.567+0000] {subprocess.py:75} INFO - Running command: ['/usr/bin/bash', '-c', 'echo "Task 2 now $(date)"']
[2024-12-26T18:30:56.579+0000] {subprocess.py:86} INFO - Output:
[2024-12-26T18:30:56.583+0000] {subprocess.py:93} INFO - Task 2 now Thu Dec 26 18:30:56 UTC 2024
[2024-12-26T18:30:56.583+0000] {subprocess.py:97} INFO - Command exited with return code 0
[2024-12-26T18:30:56.584+0000] {taskinstance.py:441} INFO - ::group::Post task execution logs
[2024-12-26T18:30:56.603+0000] {taskinstance.py:1206} INFO - Marking task as SUCCESS. dag_id=dag_var, task_id=bash_ex2, run_id=scheduled__2024-12-25T08:00:00+00:00, execution_date=20241225T080000, start_date=20241226T183056, end_date=20241226T183056
[2024-12-26T18:30:56.656+0000] {local_task_job_runner.py:240} INFO - Task exited with return code 0
[2024-12-26T18:30:56.673+0000] {taskinstance.py:3503} INFO - 1 downstream tasks scheduled from follow-on schedule check
[2024-12-26T18:30:56.675+0000] {local_task_job_runner.py:222} INFO - ::endgroup::
