[2024-12-21T10:58:04.932+0000] {local_task_job_runner.py:120} INFO - ::group::Pre task execution logs
[2024-12-21T10:58:04.961+0000] {taskinstance.py:2076} INFO - Dependencies all met for dep_context=non-requeueable deps ti=<TaskInstance: bash_dag.bash_ex1 scheduled__2024-12-20T00:00:00+00:00 [queued]>
[2024-12-21T10:58:04.972+0000] {taskinstance.py:2076} INFO - Dependencies all met for dep_context=requeueable deps ti=<TaskInstance: bash_dag.bash_ex1 scheduled__2024-12-20T00:00:00+00:00 [queued]>
[2024-12-21T10:58:04.973+0000] {taskinstance.py:2306} INFO - Starting attempt 1 of 1
[2024-12-21T10:58:04.987+0000] {taskinstance.py:2330} INFO - Executing <Task(BashOperator): bash_ex1> on 2024-12-20 00:00:00+00:00
[2024-12-21T10:58:04.995+0000] {warnings.py:112} WARNING - /home/***/.local/lib/python3.12/site-packages/***/task/task_runner/standard_task_runner.py:61: DeprecationWarning: This process (pid=1676) is multi-threaded, use of fork() may lead to deadlocks in the child.
  pid = os.fork()

[2024-12-21T10:58:04.998+0000] {standard_task_runner.py:63} INFO - Started process 1678 to run task
[2024-12-21T10:58:04.997+0000] {standard_task_runner.py:90} INFO - Running: ['***', 'tasks', 'run', 'bash_dag', 'bash_ex1', 'scheduled__2024-12-20T00:00:00+00:00', '--job-id', '1023', '--raw', '--subdir', 'DAGS_FOLDER/dag1.py', '--cfg-path', '/tmp/tmp01t9a4vs']
[2024-12-21T10:58:05.000+0000] {standard_task_runner.py:91} INFO - Job 1023: Subtask bash_ex1
[2024-12-21T10:58:05.053+0000] {task_command.py:426} INFO - Running <TaskInstance: bash_dag.bash_ex1 scheduled__2024-12-20T00:00:00+00:00 [running]> on host 87a1e11545b0
[2024-12-21T10:58:05.170+0000] {taskinstance.py:2648} INFO - Exporting env vars: AIRFLOW_CTX_DAG_OWNER='***' AIRFLOW_CTX_DAG_ID='bash_dag' AIRFLOW_CTX_TASK_ID='bash_ex1' AIRFLOW_CTX_EXECUTION_DATE='2024-12-20T00:00:00+00:00' AIRFLOW_CTX_TRY_NUMBER='1' AIRFLOW_CTX_DAG_RUN_ID='scheduled__2024-12-20T00:00:00+00:00'
[2024-12-21T10:58:05.170+0000] {taskinstance.py:430} INFO - ::endgroup::
[2024-12-21T10:58:05.191+0000] {subprocess.py:63} INFO - Tmp dir root location: /tmp
[2024-12-21T10:58:05.192+0000] {subprocess.py:75} INFO - Running command: ['/usr/bin/bash', '-c', 'echo "Task 1"']
[2024-12-21T10:58:05.208+0000] {subprocess.py:86} INFO - Output:
[2024-12-21T10:58:05.208+0000] {subprocess.py:93} INFO - Task 1
[2024-12-21T10:58:05.209+0000] {subprocess.py:97} INFO - Command exited with return code 0
[2024-12-21T10:58:05.210+0000] {taskinstance.py:441} INFO - ::group::Post task execution logs
[2024-12-21T10:58:05.252+0000] {taskinstance.py:1206} INFO - Marking task as SUCCESS. dag_id=bash_dag, task_id=bash_ex1, run_id=scheduled__2024-12-20T00:00:00+00:00, execution_date=20241220T000000, start_date=20241221T105804, end_date=20241221T105805
[2024-12-21T10:58:05.296+0000] {local_task_job_runner.py:240} INFO - Task exited with return code 0
[2024-12-21T10:58:05.321+0000] {taskinstance.py:3503} INFO - 1 downstream tasks scheduled from follow-on schedule check
[2024-12-21T10:58:05.324+0000] {local_task_job_runner.py:222} INFO - ::endgroup::
