[2024-12-21T10:40:34.794+0000] {local_task_job_runner.py:120} INFO - ::group::Pre task execution logs
[2024-12-21T10:40:34.840+0000] {taskinstance.py:2076} INFO - Dependencies all met for dep_context=non-requeueable deps ti=<TaskInstance: my_dag.task2 scheduled__2024-12-20T00:00:00+00:00 [queued]>
[2024-12-21T10:40:34.859+0000] {taskinstance.py:2076} INFO - Dependencies all met for dep_context=requeueable deps ti=<TaskInstance: my_dag.task2 scheduled__2024-12-20T00:00:00+00:00 [queued]>
[2024-12-21T10:40:34.859+0000] {taskinstance.py:2306} INFO - Starting attempt 2 of 2
[2024-12-21T10:40:34.896+0000] {taskinstance.py:2330} INFO - Executing <Task(BashOperator): task2> on 2024-12-20 00:00:00+00:00
[2024-12-21T10:40:34.906+0000] {warnings.py:112} WARNING - /home/***/.local/lib/python3.12/site-packages/***/task/task_runner/standard_task_runner.py:61: DeprecationWarning: This process (pid=1446) is multi-threaded, use of fork() may lead to deadlocks in the child.
  pid = os.fork()

[2024-12-21T10:40:34.909+0000] {standard_task_runner.py:63} INFO - Started process 1447 to run task
[2024-12-21T10:40:34.909+0000] {standard_task_runner.py:90} INFO - Running: ['***', 'tasks', 'run', 'my_dag', 'task2', 'scheduled__2024-12-20T00:00:00+00:00', '--job-id', '1021', '--raw', '--subdir', 'DAGS_FOLDER/dag1.py', '--cfg-path', '/tmp/tmpl3u54n9r']
[2024-12-21T10:40:34.912+0000] {standard_task_runner.py:91} INFO - Job 1021: Subtask task2
[2024-12-21T10:40:35.017+0000] {task_command.py:426} INFO - Running <TaskInstance: my_dag.task2 scheduled__2024-12-20T00:00:00+00:00 [running]> on host 87a1e11545b0
[2024-12-21T10:40:35.210+0000] {taskinstance.py:2648} INFO - Exporting env vars: AIRFLOW_CTX_DAG_OWNER='***' AIRFLOW_CTX_DAG_ID='my_dag' AIRFLOW_CTX_TASK_ID='task2' AIRFLOW_CTX_EXECUTION_DATE='2024-12-20T00:00:00+00:00' AIRFLOW_CTX_TRY_NUMBER='2' AIRFLOW_CTX_DAG_RUN_ID='scheduled__2024-12-20T00:00:00+00:00'
[2024-12-21T10:40:35.211+0000] {taskinstance.py:430} INFO - ::endgroup::
[2024-12-21T10:40:35.237+0000] {subprocess.py:63} INFO - Tmp dir root location: /tmp
[2024-12-21T10:40:35.238+0000] {subprocess.py:75} INFO - Running command: ['/usr/bin/bash', '-c', 'echo "Task 2 now $(date)"']
[2024-12-21T10:40:35.272+0000] {subprocess.py:86} INFO - Output:
[2024-12-21T10:40:35.283+0000] {subprocess.py:93} INFO - Task 2 now Sat Dec 21 10:40:35 UTC 2024
[2024-12-21T10:40:35.286+0000] {subprocess.py:97} INFO - Command exited with return code 0
[2024-12-21T10:40:35.287+0000] {taskinstance.py:441} INFO - ::group::Post task execution logs
[2024-12-21T10:40:35.324+0000] {taskinstance.py:1206} INFO - Marking task as SUCCESS. dag_id=my_dag, task_id=task2, run_id=scheduled__2024-12-20T00:00:00+00:00, execution_date=20241220T000000, start_date=20241221T104034, end_date=20241221T104035
[2024-12-21T10:40:35.371+0000] {local_task_job_runner.py:240} INFO - Task exited with return code 0
[2024-12-21T10:40:35.389+0000] {taskinstance.py:3503} INFO - 0 downstream tasks scheduled from follow-on schedule check
[2024-12-21T10:40:35.391+0000] {local_task_job_runner.py:222} INFO - ::endgroup::
