[2024-12-29T18:36:21.196+0000] {local_task_job_runner.py:120} INFO - ::group::Pre task execution logs
[2024-12-29T18:36:21.280+0000] {taskinstance.py:2076} INFO - Dependencies all met for dep_context=non-requeueable deps ti=<TaskInstance: dag_var.my_task scheduled__2024-12-27T08:00:00+00:00 [queued]>
[2024-12-29T18:36:21.335+0000] {taskinstance.py:2076} INFO - Dependencies all met for dep_context=requeueable deps ti=<TaskInstance: dag_var.my_task scheduled__2024-12-27T08:00:00+00:00 [queued]>
[2024-12-29T18:36:21.336+0000] {taskinstance.py:2306} INFO - Starting attempt 1 of 1
[2024-12-29T18:36:21.406+0000] {taskinstance.py:2330} INFO - Executing <Task(PythonOperator): my_task> on 2024-12-27 08:00:00+00:00
[2024-12-29T18:36:21.429+0000] {warnings.py:112} WARNING - /home/***/.local/lib/python3.12/site-packages/***/task/task_runner/standard_task_runner.py:61: DeprecationWarning: This process (pid=105) is multi-threaded, use of fork() may lead to deadlocks in the child.
  pid = os.fork()

[2024-12-29T18:36:21.430+0000] {standard_task_runner.py:63} INFO - Started process 122 to run task
[2024-12-29T18:36:21.431+0000] {standard_task_runner.py:90} INFO - Running: ['***', 'tasks', 'run', 'dag_var', 'my_task', 'scheduled__2024-12-27T08:00:00+00:00', '--job-id', '1157', '--raw', '--subdir', 'DAGS_FOLDER/dag_var.py', '--cfg-path', '/tmp/tmp0vzje22e']
[2024-12-29T18:36:21.432+0000] {standard_task_runner.py:91} INFO - Job 1157: Subtask my_task
[2024-12-29T18:36:21.584+0000] {task_command.py:426} INFO - Running <TaskInstance: dag_var.my_task scheduled__2024-12-27T08:00:00+00:00 [running]> on host 87a1e11545b0
[2024-12-29T18:36:21.900+0000] {taskinstance.py:2648} INFO - Exporting env vars: AIRFLOW_CTX_DAG_OWNER='***' AIRFLOW_CTX_DAG_ID='dag_var' AIRFLOW_CTX_TASK_ID='my_task' AIRFLOW_CTX_EXECUTION_DATE='2024-12-27T08:00:00+00:00' AIRFLOW_CTX_TRY_NUMBER='1' AIRFLOW_CTX_DAG_RUN_ID='scheduled__2024-12-27T08:00:00+00:00'
[2024-12-29T18:36:21.901+0000] {taskinstance.py:430} INFO - ::endgroup::
[2024-12-29T18:36:21.963+0000] {logging_mixin.py:188} INFO - 127.0.0.1
[2024-12-29T18:36:21.963+0000] {python.py:237} INFO - Done. Returned value was: None
[2024-12-29T18:36:21.965+0000] {taskinstance.py:441} INFO - ::group::Post task execution logs
[2024-12-29T18:36:21.990+0000] {taskinstance.py:1206} INFO - Marking task as SUCCESS. dag_id=dag_var, task_id=my_task, run_id=scheduled__2024-12-27T08:00:00+00:00, execution_date=20241227T080000, start_date=20241229T183621, end_date=20241229T183621
[2024-12-29T18:36:22.028+0000] {local_task_job_runner.py:240} INFO - Task exited with return code 0
[2024-12-29T18:36:22.060+0000] {taskinstance.py:3503} INFO - 0 downstream tasks scheduled from follow-on schedule check
[2024-12-29T18:36:22.072+0000] {local_task_job_runner.py:222} INFO - ::endgroup::
