[2024-12-26T18:58:06.801+0000] {local_task_job_runner.py:120} INFO - ::group::Pre task execution logs
[2024-12-26T18:58:06.852+0000] {taskinstance.py:2076} INFO - Dependencies all met for dep_context=non-requeueable deps ti=<TaskInstance: xcom_example_dag.process_task scheduled__2024-12-24T08:00:00+00:00 [queued]>
[2024-12-26T18:58:06.866+0000] {taskinstance.py:2076} INFO - Dependencies all met for dep_context=requeueable deps ti=<TaskInstance: xcom_example_dag.process_task scheduled__2024-12-24T08:00:00+00:00 [queued]>
[2024-12-26T18:58:06.868+0000] {taskinstance.py:2306} INFO - Starting attempt 1 of 1
[2024-12-26T18:58:06.915+0000] {taskinstance.py:2330} INFO - Executing <Task(PythonOperator): process_task> on 2024-12-24 08:00:00+00:00
[2024-12-26T18:58:06.948+0000] {warnings.py:112} WARNING - /home/***/.local/lib/python3.12/site-packages/***/task/task_runner/standard_task_runner.py:61: DeprecationWarning: This process (pid=448) is multi-threaded, use of fork() may lead to deadlocks in the child.
  pid = os.fork()

[2024-12-26T18:58:06.949+0000] {standard_task_runner.py:63} INFO - Started process 451 to run task
[2024-12-26T18:58:06.949+0000] {standard_task_runner.py:90} INFO - Running: ['***', 'tasks', 'run', 'xcom_example_dag', 'process_task', 'scheduled__2024-12-24T08:00:00+00:00', '--job-id', '1096', '--raw', '--subdir', 'DAGS_FOLDER/dag_xcom.py', '--cfg-path', '/tmp/tmp9iv0tirk']
[2024-12-26T18:58:06.961+0000] {standard_task_runner.py:91} INFO - Job 1096: Subtask process_task
[2024-12-26T18:58:07.092+0000] {task_command.py:426} INFO - Running <TaskInstance: xcom_example_dag.process_task scheduled__2024-12-24T08:00:00+00:00 [running]> on host 87a1e11545b0
[2024-12-26T18:58:07.283+0000] {taskinstance.py:2648} INFO - Exporting env vars: AIRFLOW_CTX_DAG_OWNER='***' AIRFLOW_CTX_DAG_ID='xcom_example_dag' AIRFLOW_CTX_TASK_ID='process_task' AIRFLOW_CTX_EXECUTION_DATE='2024-12-24T08:00:00+00:00' AIRFLOW_CTX_TRY_NUMBER='1' AIRFLOW_CTX_DAG_RUN_ID='scheduled__2024-12-24T08:00:00+00:00'
[2024-12-26T18:58:07.284+0000] {taskinstance.py:430} INFO - ::endgroup::
[2024-12-26T18:58:07.330+0000] {logging_mixin.py:188} INFO - Hello, Airflow!
[2024-12-26T18:58:07.331+0000] {python.py:237} INFO - Done. Returned value was: None
[2024-12-26T18:58:07.331+0000] {taskinstance.py:441} INFO - ::group::Post task execution logs
[2024-12-26T18:58:07.340+0000] {taskinstance.py:1206} INFO - Marking task as SUCCESS. dag_id=xcom_example_dag, task_id=process_task, run_id=scheduled__2024-12-24T08:00:00+00:00, execution_date=20241224T080000, start_date=20241226T185806, end_date=20241226T185807
[2024-12-26T18:58:07.375+0000] {local_task_job_runner.py:240} INFO - Task exited with return code 0
[2024-12-26T18:58:07.397+0000] {taskinstance.py:3503} INFO - 0 downstream tasks scheduled from follow-on schedule check
[2024-12-26T18:58:07.399+0000] {local_task_job_runner.py:222} INFO - ::endgroup::
